(rloc,hloc,rturn,o0,o1)
0:(2,2,0,2,2)
1:(2,6,1,2,2)
2:(2,6,0,2,2)
3:(2,6,0,2,0)
4:(2,6,1,2,0)
5:(6,6,0,2,0)
6:(6,6,1,2,0)
7:(5,6,0,2,0)
8:(5,6,1,2,0)
9:(5,6,0,2,5)
10:(5,6,1,2,5)
11:(6,6,0,2,5)
12:(6,6,1,2,5)
13:(4,6,0,2,5)
14:(4,6,1,2,5)
15:(3,6,0,2,5)
16:(3,6,1,2,5)
17:(2,6,0,2,5)
18:(2,6,1,2,5)
19:(2,6,0,0,5)
20:(2,6,1,0,5)
21:(6,6,0,0,5)
22:(6,6,1,0,5)
23:(5,6,0,0,5)
24:(5,6,1,0,5)
25:(5,6,0,5,5)
26:(5,6,1,5,5)
27:(5,6,0,5,0)
28:(5,6,1,5,0)
29:(6,6,0,5,0)
30:(6,6,1,5,0)
31:(4,6,0,5,0)
32:(4,6,1,5,0)
33:(4,6,0,5,4)
34:(4,6,1,5,4)
35:(6,6,0,5,4)
36:(6,6,1,5,4)
37:(5,6,0,5,4)
38:(5,6,1,5,4)
39:(5,6,0,0,4)
40:(5,6,1,0,4)
41:(6,6,0,0,4)
42:(6,6,1,0,4)
43:(4,6,0,0,4)
44:(4,6,1,0,4)
45:(4,6,0,4,4)
46:(4,6,1,4,4)
47:(4,6,0,4,0)
48:(4,6,1,4,0)
49:(6,6,0,4,0)
50:(6,6,1,4,0)
51:(5,6,0,4,0)
52:(5,6,1,4,0)
53:(5,6,0,4,5)
54:(5,6,1,4,5)
55:(6,6,0,4,5)
56:(6,6,1,4,5)
57:(4,6,0,4,5)
58:(4,6,1,4,5)
59:(4,6,0,0,5)
60:(4,6,1,0,5)
61:(3,6,0,0,5)
62:(3,6,1,0,5)
63:(3,6,0,3,5)
64:(3,6,1,3,5)
65:(6,6,0,3,5)
66:(6,6,1,3,5)
67:(5,6,0,3,5)
68:(5,6,1,3,5)
69:(5,6,0,3,0)
70:(5,6,1,3,0)
71:(6,6,0,3,0)
72:(6,6,1,3,0)
73:(4,6,0,3,0)
74:(4,6,1,3,0)
75:(4,6,0,3,4)
76:(4,6,1,3,4)
77:(6,6,0,3,4)
78:(6,6,1,3,4)
79:(5,6,0,3,4)
80:(5,6,1,3,4)
81:(3,6,0,3,4)
82:(3,6,1,3,4)
83:(3,6,0,0,4)
84:(3,6,1,0,4)
85:(2,6,0,0,4)
86:(2,6,1,0,4)
87:(2,6,0,2,4)
88:(2,6,1,2,4)
89:(6,6,0,2,4)
90:(6,6,1,2,4)
91:(5,6,0,2,4)
92:(5,6,1,2,4)
93:(4,6,0,2,4)
94:(4,6,1,2,4)
95:(4,6,0,2,0)
96:(4,6,1,2,0)
97:(3,6,0,2,0)
98:(3,6,1,2,0)
99:(3,6,0,2,3)
100:(3,6,1,2,3)
101:(6,6,0,2,3)
102:(6,6,1,2,3)
103:(5,6,0,2,3)
104:(5,6,1,2,3)
105:(4,6,0,2,3)
106:(4,6,1,2,3)
107:(2,6,0,2,3)
108:(2,6,1,2,3)
109:(2,6,0,0,3)
110:(2,6,1,0,3)
111:(6,6,0,0,3)
112:(6,6,1,0,3)
113:(5,6,0,0,3)
114:(5,6,1,0,3)
115:(5,6,0,5,3)
116:(5,6,1,5,3)
117:(6,6,0,5,3)
118:(6,6,1,5,3)
119:(4,6,0,5,3)
120:(4,6,1,5,3)
121:(3,6,0,5,3)
122:(3,6,1,5,3)
123:(3,6,0,5,0)
124:(3,6,1,5,0)
125:(2,6,0,5,0)
126:(2,6,1,5,0)
127:(2,6,0,5,2)
128:(2,6,1,5,2)
129:(6,6,0,5,2)
130:(6,6,1,5,2)
131:(5,6,0,5,2)
132:(5,6,1,5,2)
133:(5,6,0,0,2)
134:(5,6,1,0,2)
135:(6,6,0,0,2)
136:(6,6,1,0,2)
137:(4,6,0,0,2)
138:(4,6,1,0,2)
139:(4,6,0,4,2)
140:(4,6,1,4,2)
141:(6,6,0,4,2)
142:(6,6,1,4,2)
143:(5,6,0,4,2)
144:(5,6,1,4,2)
145:(3,6,0,4,2)
146:(3,6,1,4,2)
147:(2,6,0,4,2)
148:(2,6,1,4,2)
149:(2,6,0,4,0)
150:(2,6,1,4,0)
151:(3,6,0,4,0)
152:(3,6,1,4,0)
153:(3,6,0,4,3)
154:(3,6,1,4,3)
155:(6,6,0,4,3)
156:(6,6,1,4,3)
157:(5,6,0,4,3)
158:(5,6,1,4,3)
159:(4,6,0,4,3)
160:(4,6,1,4,3)
161:(4,6,0,0,3)
162:(4,6,1,0,3)
163:(3,6,0,0,3)
164:(3,6,1,0,3)
165:(3,6,0,3,3)
166:(3,6,1,3,3)
167:(3,6,0,3,0)
168:(3,6,1,3,0)
169:(2,6,0,3,0)
170:(2,6,1,3,0)
171:(2,6,0,3,2)
172:(2,6,1,3,2)
173:(6,6,0,3,2)
174:(6,6,1,3,2)
175:(5,6,0,3,2)
176:(5,6,1,3,2)
177:(4,6,0,3,2)
178:(4,6,1,3,2)
179:(3,6,0,3,2)
180:(3,6,1,3,2)
181:(3,6,0,0,2)
182:(3,6,1,0,2)
183:(2,6,0,0,2)
184:(2,6,1,0,2)
185:(6,6,0,3,3)
186:(6,6,1,3,3)
187:(5,6,0,3,3)
188:(5,6,1,3,3)
189:(4,6,0,3,3)
190:(4,6,1,3,3)
191:(2,6,0,3,3)
192:(2,6,1,3,3)
193:(2,6,0,4,3)
194:(2,6,1,4,3)
195:(4,6,0,5,2)
196:(4,6,1,5,2)
197:(3,6,0,5,2)
198:(3,6,1,5,2)
199:(2,6,0,5,3)
200:(2,6,1,5,3)
201:(3,6,0,2,4)
202:(3,6,1,2,4)
203:(2,6,0,3,4)
204:(2,6,1,3,4)
205:(4,6,0,3,5)
206:(4,6,1,3,5)
207:(2,6,0,3,5)
208:(2,6,1,3,5)
209:(3,6,0,4,5)
210:(3,6,1,4,5)
211:(2,6,0,4,5)
212:(2,6,1,4,5)
213:(6,6,0,4,4)
214:(6,6,1,4,4)
215:(5,6,0,4,4)
216:(5,6,1,4,4)
217:(3,6,0,4,4)
218:(3,6,1,4,4)
219:(2,6,0,4,4)
220:(2,6,1,4,4)
221:(3,6,0,5,4)
222:(3,6,1,5,4)
223:(2,6,0,5,4)
224:(2,6,1,5,4)
225:(6,6,0,5,5)
226:(6,6,1,5,5)
227:(4,6,0,5,5)
228:(4,6,1,5,5)
229:(3,6,0,5,5)
230:(3,6,1,5,5)
231:(2,6,0,5,5)
232:(2,6,1,5,5)
233:(6,6,0,2,2)
234:(6,6,1,2,2)
235:(5,6,0,2,2)
236:(5,6,1,2,2)
237:(4,6,0,2,2)
238:(4,6,1,2,2)
239:(3,6,0,2,2)
240:(3,6,1,2,2)
241:(2,2,1,2,1)
242:(2,2,0,2,1)
243:(2,6,1,2,1)
244:(2,6,0,2,1)
245:(2,6,0,0,1)
246:(6,6,0,2,1)
247:(5,6,0,2,1)
248:(4,6,0,2,1)
249:(3,6,0,2,1)
250:(2,2,1,2,2)
251:(2,2,0,2,0)
252:(2,2,1,1,0)
253:(2,2,0,1,2)
254:(2,6,1,1,2)
255:(2,6,0,1,2)
256:(2,6,0,1,0)
257:(6,6,0,1,2)
258:(5,6,0,1,2)
259:(4,6,0,1,2)
260:(3,6,0,1,2)
261:(2,5,1,1,2)
262:(2,5,0,1,2)
263:(2,5,1,5,2)
264:(2,5,0,5,2)
265:(2,4,1,5,2)
266:(2,4,0,5,2)
267:(2,3,1,5,2)
268:(2,3,0,5,2)
269:(2,2,1,5,2)
270:(2,2,0,5,2)
271:(2,2,1,5,1)
272:(6,2,0,5,1)
273:(6,6,1,5,1)
274:(6,6,0,5,1)
275:(6,2,1,5,2)
276:(6,2,0,5,2)
277:(6,2,1,5,1)
278:(6,5,1,5,2)
279:(6,5,0,5,2)
280:(6,5,1,1,2)
281:(6,5,0,1,2)
282:(6,6,1,1,2)
283:(6,4,1,1,2)
284:(6,4,0,1,2)
285:(6,4,1,4,2)
286:(6,4,0,4,2)
287:(6,5,1,4,2)
288:(6,5,0,4,2)
289:(6,3,1,4,2)
290:(6,3,0,4,2)
291:(6,2,1,4,2)
292:(6,2,0,4,2)
293:(6,2,1,4,1)
294:(6,2,0,4,1)
295:(6,6,1,4,1)
296:(6,6,0,4,1)
297:(6,5,1,4,1)
298:(6,5,0,4,1)
299:(6,5,1,4,5)
300:(6,5,0,4,5)
301:(6,4,1,4,5)
302:(6,4,0,4,5)
303:(6,4,1,1,5)
304:(6,4,0,1,5)
305:(6,6,1,1,5)
306:(6,6,0,1,5)
307:(6,5,1,1,5)
308:(6,5,0,1,5)
309:(6,5,1,5,5)
310:(6,5,0,5,5)
311:(6,5,1,5,1)
312:(6,5,0,5,1)
313:(6,4,1,5,1)
314:(6,4,0,5,1)
315:(6,4,1,5,4)
316:(6,4,0,5,4)
317:(6,5,1,5,4)
318:(6,5,0,5,4)
319:(6,5,1,1,4)
320:(6,5,0,1,4)
321:(6,6,1,1,4)
322:(6,6,0,1,4)
323:(6,4,1,1,4)
324:(6,4,0,1,4)
325:(6,4,1,4,4)
326:(6,4,0,4,4)
327:(6,4,1,4,1)
328:(6,4,0,4,1)
329:(6,3,1,4,1)
330:(6,3,0,4,1)
331:(6,3,1,4,3)
332:(6,3,0,4,3)
333:(6,5,1,4,3)
334:(6,5,0,4,3)
335:(6,4,1,4,3)
336:(6,4,0,4,3)
337:(6,4,1,1,3)
338:(6,4,0,1,3)
339:(6,6,1,1,3)
340:(6,6,0,1,3)
341:(6,5,1,1,3)
342:(6,5,0,1,3)
343:(6,5,1,5,3)
344:(6,5,0,5,3)
345:(6,4,1,5,3)
346:(6,4,0,5,3)
347:(6,3,1,5,3)
348:(6,3,0,5,3)
349:(6,3,1,5,1)
350:(6,3,0,5,1)
351:(6,2,1,5,3)
352:(6,2,0,5,3)
353:(6,3,1,1,3)
354:(6,3,0,1,3)
355:(6,3,1,3,3)
356:(6,3,0,3,3)
357:(6,3,1,3,1)
358:(6,3,0,3,1)
359:(6,6,1,3,1)
360:(6,6,0,3,1)
361:(6,5,1,3,1)
362:(6,5,0,3,1)
363:(6,5,1,3,5)
364:(6,5,0,3,5)
365:(6,4,1,3,5)
366:(6,4,0,3,5)
367:(6,3,1,3,5)
368:(6,3,0,3,5)
369:(6,3,1,1,5)
370:(6,3,0,1,5)
371:(6,2,1,1,5)
372:(6,2,0,1,5)
373:(6,2,1,2,5)
374:(6,2,0,2,5)
375:(6,5,1,2,5)
376:(6,5,0,2,5)
377:(6,5,1,2,1)
378:(6,5,0,2,1)
379:(6,6,1,2,1)
380:(6,4,1,2,1)
381:(6,4,0,2,1)
382:(6,4,1,2,4)
383:(6,4,0,2,4)
384:(6,5,1,2,4)
385:(6,5,0,2,4)
386:(6,3,1,2,4)
387:(6,3,0,2,4)
388:(6,2,1,2,4)
389:(6,2,0,2,4)
390:(6,2,1,1,4)
391:(6,2,0,1,4)
392:(6,3,1,1,4)
393:(6,3,0,1,4)
394:(6,3,1,3,4)
395:(6,3,0,3,4)
396:(6,5,1,3,4)
397:(6,5,0,3,4)
398:(6,4,1,3,4)
399:(6,4,0,3,4)
400:(6,4,1,3,1)
401:(6,4,0,3,1)
402:(6,2,1,3,1)
403:(6,2,0,3,1)
404:(6,2,1,3,2)
405:(6,2,0,3,2)
406:(6,5,1,3,2)
407:(6,5,0,3,2)
408:(6,4,1,3,2)
409:(6,4,0,3,2)
410:(6,3,1,3,2)
411:(6,3,0,3,2)
412:(6,3,1,1,2)
413:(6,3,0,1,2)
414:(6,2,1,1,2)
415:(6,2,0,1,2)
416:(6,2,1,2,2)
417:(6,2,0,2,2)
418:(6,2,1,2,1)
419:(6,2,0,2,1)
420:(6,3,1,2,1)
421:(6,3,0,2,1)
422:(6,3,1,2,3)
423:(6,3,0,2,3)
424:(6,5,1,2,3)
425:(6,5,0,2,3)
426:(6,4,1,2,3)
427:(6,4,0,2,3)
428:(6,2,1,2,3)
429:(6,2,0,2,3)
430:(6,2,1,1,3)
431:(6,2,0,1,3)
432:(6,5,1,2,2)
433:(6,5,0,2,2)
434:(6,4,1,2,2)
435:(6,4,0,2,2)
436:(6,3,1,2,2)
437:(6,3,0,2,2)
438:(6,2,1,3,4)
439:(6,2,0,3,4)
440:(6,4,1,2,5)
441:(6,4,0,2,5)
442:(6,3,1,2,5)
443:(6,3,0,2,5)
444:(6,2,1,3,5)
445:(6,2,0,3,5)
446:(6,5,1,3,3)
447:(6,5,0,3,3)
448:(6,4,1,3,3)
449:(6,4,0,3,3)
450:(6,2,1,3,3)
451:(6,2,0,3,3)
452:(6,2,1,4,3)
453:(6,2,0,4,3)
454:(6,5,1,4,4)
455:(6,5,0,4,4)
456:(6,3,1,4,4)
457:(6,3,0,4,4)
458:(6,2,1,4,4)
459:(6,2,0,4,4)
460:(6,3,1,5,4)
461:(6,3,0,5,4)
462:(6,2,1,5,4)
463:(6,2,0,5,4)
464:(6,4,1,5,5)
465:(6,4,0,5,5)
466:(6,3,1,5,5)
467:(6,3,0,5,5)
468:(6,2,1,5,5)
469:(6,2,0,5,5)
470:(6,3,1,4,5)
471:(6,3,0,4,5)
472:(6,2,1,4,5)
473:(6,2,0,4,5)
474:(6,4,1,5,2)
475:(6,4,0,5,2)
476:(6,3,1,5,2)
477:(6,3,0,5,2)
478:(5,2,0,5,1)
479:(5,6,1,5,1)
480:(5,6,0,5,1)
481:(5,6,0,0,1)
482:(4,6,0,5,1)
483:(3,6,0,5,1)
484:(2,6,0,5,1)
485:(5,2,1,5,2)
486:(5,2,0,5,2)
487:(5,2,1,5,1)
488:(5,2,0,0,1)
489:(5,6,1,0,1)
490:(6,6,0,0,1)
491:(4,6,0,0,1)
492:(3,6,0,0,1)
493:(5,2,1,0,2)
494:(6,2,0,0,2)
495:(6,2,1,0,1)
496:(6,2,0,0,1)
497:(6,6,1,0,1)
498:(6,2,1,0,2)
499:(6,5,1,0,1)
500:(6,5,0,0,1)
501:(6,5,1,0,5)
502:(6,5,0,0,5)
503:(6,4,1,0,5)
504:(6,4,0,0,5)
505:(6,3,1,0,5)
506:(6,3,0,0,5)
507:(6,2,1,0,5)
508:(6,2,0,0,5)
509:(6,4,1,0,1)
510:(6,4,0,0,1)
511:(6,4,1,0,4)
512:(6,4,0,0,4)
513:(6,5,1,0,4)
514:(6,5,0,0,4)
515:(6,3,1,0,4)
516:(6,3,0,0,4)
517:(6,2,1,0,4)
518:(6,2,0,0,4)
519:(6,3,1,0,1)
520:(6,3,0,0,1)
521:(6,3,1,0,3)
522:(6,3,0,0,3)
523:(6,5,1,0,3)
524:(6,5,0,0,3)
525:(6,4,1,0,3)
526:(6,4,0,0,3)
527:(6,2,1,0,3)
528:(6,2,0,0,3)
529:(6,5,1,0,2)
530:(6,5,0,0,2)
531:(6,4,1,0,2)
532:(6,4,0,0,2)
533:(6,3,1,0,2)
534:(6,3,0,0,2)
535:(5,2,0,0,2)
536:(5,2,1,0,1)
537:(4,2,0,0,1)
538:(4,6,1,0,1)
539:(4,6,0,4,1)
540:(4,2,1,0,2)
541:(4,2,0,4,2)
542:(4,2,1,4,1)
543:(4,2,0,4,1)
544:(4,6,1,4,1)
545:(5,6,0,4,1)
546:(3,6,0,4,1)
547:(2,6,0,4,1)
548:(4,2,1,4,2)
549:(4,2,0,0,2)
550:(4,2,1,0,1)
551:(3,2,0,0,1)
552:(3,6,1,0,1)
553:(3,6,0,3,1)
554:(3,2,1,0,2)
555:(3,2,0,3,2)
556:(3,2,1,3,1)
557:(3,2,0,3,1)
558:(3,6,1,3,1)
559:(5,6,0,3,1)
560:(4,6,0,3,1)
561:(2,6,0,3,1)
562:(3,2,1,3,2)
563:(3,2,0,0,2)
564:(3,2,1,0,1)
565:(2,2,0,0,1)
566:(2,6,1,0,1)
567:(2,2,1,0,2)
568:(2,2,0,0,2)
569:(2,2,1,0,1)
570:(2,5,1,0,2)
571:(2,5,0,2,2)
572:(2,5,1,2,2)
573:(2,5,0,2,0)
574:(2,5,1,2,0)
575:(6,5,0,2,0)
576:(6,5,1,2,0)
577:(6,4,1,2,0)
578:(6,4,0,2,0)
579:(6,3,1,2,0)
580:(6,3,0,2,0)
581:(6,2,1,2,0)
582:(6,2,0,2,0)
583:(6,2,1,1,0)
584:(6,2,0,1,0)
585:(6,6,1,1,0)
586:(6,6,0,1,0)
587:(6,5,1,1,0)
588:(6,5,0,1,0)
589:(6,5,1,5,0)
590:(6,5,0,5,0)
591:(6,4,1,5,0)
592:(6,4,0,5,0)
593:(6,3,1,5,0)
594:(6,3,0,5,0)
595:(6,2,1,5,0)
596:(6,2,0,5,0)
597:(6,4,1,1,0)
598:(6,4,0,1,0)
599:(6,4,1,4,0)
600:(6,4,0,4,0)
601:(6,5,1,4,0)
602:(6,5,0,4,0)
603:(6,3,1,4,0)
604:(6,3,0,4,0)
605:(6,2,1,4,0)
606:(6,2,0,4,0)
607:(6,3,1,1,0)
608:(6,3,0,1,0)
609:(6,3,1,3,0)
610:(6,3,0,3,0)
611:(6,5,1,3,0)
612:(6,5,0,3,0)
613:(6,4,1,3,0)
614:(6,4,0,3,0)
615:(6,2,1,3,0)
616:(6,2,0,3,0)
617:(5,5,0,2,0)
618:(5,5,1,2,0)
619:(5,5,0,2,5)
620:(5,5,1,2,1)
621:(5,5,0,2,1)
622:(5,6,1,2,1)
623:(5,5,1,2,5)
624:(4,5,0,2,5)
625:(4,5,1,2,1)
626:(4,5,0,2,1)
627:(4,6,1,2,1)
628:(4,5,1,2,5)
629:(3,5,0,2,5)
630:(3,5,1,2,1)
631:(3,5,0,2,1)
632:(3,6,1,2,1)
633:(3,5,1,2,5)
634:(2,5,0,2,5)
635:(2,5,1,2,1)
636:(2,5,0,2,1)
637:(2,5,1,2,5)
638:(2,5,0,0,5)
639:(2,5,1,0,1)
640:(5,5,0,0,1)
641:(5,5,1,0,5)
642:(5,5,0,5,5)
643:(5,5,1,5,1)
644:(5,5,0,5,1)
645:(5,5,1,5,5)
646:(5,5,0,5,0)
647:(5,5,1,1,0)
648:(5,5,0,1,5)
649:(5,6,1,1,5)
650:(5,6,0,1,5)
651:(5,6,0,1,0)
652:(4,6,0,1,5)
653:(3,6,0,1,5)
654:(2,6,0,1,5)
655:(5,5,1,1,5)
656:(5,5,0,1,0)
657:(5,6,1,1,0)
658:(4,6,0,1,0)
659:(3,6,0,1,0)
660:(5,5,1,5,0)
661:(4,5,0,5,0)
662:(4,5,1,1,0)
663:(4,5,0,1,4)
664:(4,6,1,1,4)
665:(4,6,0,1,4)
666:(5,6,0,1,4)
667:(3,6,0,1,4)
668:(2,6,0,1,4)
669:(4,5,1,5,4)
670:(4,5,0,5,4)
671:(4,5,1,1,4)
672:(4,5,0,1,0)
673:(4,6,1,1,0)
674:(4,5,1,5,0)
675:(3,5,0,5,0)
676:(3,5,1,1,0)
677:(3,5,0,1,3)
678:(3,6,1,1,3)
679:(3,6,0,1,3)
680:(5,6,0,1,3)
681:(4,6,0,1,3)
682:(2,6,0,1,3)
683:(3,5,1,5,3)
684:(3,5,0,5,3)
685:(3,5,1,1,3)
686:(3,5,0,1,0)
687:(3,6,1,1,0)
688:(3,5,1,5,0)
689:(2,5,0,5,0)
690:(2,5,1,1,0)
691:(2,5,0,1,0)
692:(2,6,1,1,0)
693:(2,5,1,5,0)
694:(2,4,1,1,0)
695:(2,4,0,1,2)
696:(2,4,1,4,2)
697:(2,4,0,4,2)
698:(2,4,1,1,2)
699:(2,4,0,1,0)
700:(2,4,1,4,0)
701:(5,4,0,4,0)
702:(5,4,1,1,0)
703:(5,4,0,1,5)
704:(5,4,1,4,5)
705:(5,4,0,4,5)
706:(5,4,1,1,5)
707:(5,4,0,1,0)
708:(5,4,1,4,0)
709:(4,4,0,4,0)
710:(4,4,1,1,0)
711:(4,4,0,1,4)
712:(4,4,1,4,4)
713:(4,4,0,4,4)
714:(4,4,1,4,1)
715:(4,4,0,4,1)
716:(4,5,1,4,1)
717:(4,5,0,4,1)
718:(4,5,1,4,5)
719:(4,5,0,4,5)
720:(4,4,1,4,5)
721:(4,4,0,4,5)
722:(4,4,1,1,5)
723:(4,4,0,1,5)
724:(4,6,1,1,5)
725:(4,5,1,1,5)
726:(4,5,0,1,5)
727:(4,5,1,5,5)
728:(4,5,0,5,5)
729:(4,5,1,5,1)
730:(4,5,0,5,1)
731:(4,6,1,5,1)
732:(4,4,1,5,1)
733:(5,4,0,5,1)
734:(5,4,1,5,4)
735:(5,4,0,5,4)
736:(5,4,1,5,1)
737:(5,4,0,0,1)
738:(5,4,1,0,4)
739:(5,4,0,0,4)
740:(5,4,1,0,1)
741:(4,4,0,0,1)
742:(4,4,1,0,4)
743:(4,4,0,0,4)
744:(4,4,1,0,1)
745:(3,4,0,0,1)
746:(3,4,1,0,4)
747:(3,4,0,3,4)
748:(3,4,1,3,1)
749:(3,4,0,3,1)
750:(3,4,1,3,4)
751:(3,4,0,0,4)
752:(3,4,1,0,1)
753:(2,4,0,0,1)
754:(2,4,1,0,4)
755:(2,4,0,2,4)
756:(2,4,1,2,1)
757:(2,4,0,2,1)
758:(2,4,1,2,4)
759:(2,4,0,0,4)
760:(2,4,1,0,1)
761:(2,5,1,0,4)
762:(2,5,0,2,4)
763:(2,5,1,2,4)
764:(2,5,0,0,4)
765:(2,3,1,0,4)
766:(2,3,0,2,4)
767:(2,3,1,2,4)
768:(2,3,0,0,4)
769:(2,2,1,0,4)
770:(2,2,0,2,4)
771:(2,2,1,1,4)
772:(5,2,0,1,4)
773:(5,6,1,1,4)
774:(5,2,1,2,4)
775:(5,2,0,2,4)
776:(5,2,1,1,4)
777:(4,2,0,1,4)
778:(4,2,1,2,4)
779:(4,2,0,2,4)
780:(4,2,1,1,4)
781:(4,2,0,1,0)
782:(4,2,1,2,0)
783:(5,2,0,2,0)
784:(5,2,1,1,0)
785:(5,2,0,1,5)
786:(5,2,1,2,5)
787:(5,2,0,2,5)
788:(5,2,1,1,5)
789:(5,2,0,1,0)
790:(5,2,1,2,0)
791:(4,2,0,2,0)
792:(4,2,1,1,0)
793:(3,2,0,1,0)
794:(3,2,1,2,0)
795:(3,2,0,2,3)
796:(3,2,1,1,3)
797:(3,2,0,1,3)
798:(3,2,1,2,3)
799:(3,2,0,2,0)
800:(3,2,1,1,0)
801:(2,2,0,1,0)
802:(2,2,1,2,0)
803:(2,3,1,1,0)
804:(2,3,0,1,2)
805:(2,3,1,3,2)
806:(2,3,0,3,2)
807:(2,3,1,1,2)
808:(2,3,0,1,0)
809:(2,3,1,3,0)
810:(5,3,0,3,0)
811:(5,3,1,1,0)
812:(5,3,0,1,5)
813:(5,3,1,3,5)
814:(5,3,0,3,5)
815:(5,3,1,1,5)
816:(5,3,0,1,0)
817:(5,3,1,3,0)
818:(4,3,0,3,0)
819:(4,3,1,1,0)
820:(4,3,0,1,4)
821:(4,3,1,3,4)
822:(4,3,0,3,4)
823:(4,3,1,1,4)
824:(4,3,0,1,0)
825:(4,3,1,3,0)
826:(3,3,0,3,0)
827:(3,3,1,1,0)
828:(3,3,0,1,3)
829:(3,3,1,3,3)
830:(3,3,0,3,3)
831:(3,3,1,3,1)
832:(3,3,0,3,1)
833:(3,5,1,3,1)
834:(3,5,0,3,1)
835:(3,5,1,3,5)
836:(3,5,0,3,5)
837:(3,4,1,3,5)
838:(3,4,0,3,5)
839:(3,3,1,3,5)
840:(3,3,0,3,5)
841:(3,3,1,1,5)
842:(4,3,0,1,5)
843:(4,3,1,3,5)
844:(4,3,0,3,5)
845:(4,3,1,1,5)
846:(3,3,0,1,5)
847:(3,6,1,1,5)
848:(3,5,1,1,5)
849:(3,5,0,1,5)
850:(3,5,1,5,5)
851:(3,5,0,5,5)
852:(3,5,1,5,1)
853:(3,5,0,5,1)
854:(3,6,1,5,1)
855:(3,4,1,5,1)
856:(4,4,0,5,1)
857:(4,4,1,5,4)
858:(4,4,0,5,4)
859:(4,3,1,5,4)
860:(4,3,0,5,4)
861:(4,2,1,5,4)
862:(4,2,0,5,4)
863:(4,2,0,5,0)
864:(4,4,1,5,0)
865:(5,4,0,5,0)
866:(5,4,1,5,0)
867:(5,4,0,5,5)
868:(5,4,1,5,5)
869:(5,4,0,0,5)
870:(5,4,1,0,5)
871:(4,4,0,0,5)
872:(4,5,1,0,5)
873:(5,5,0,0,5)
874:(5,5,1,0,1)
875:(4,5,0,0,1)
876:(4,5,1,0,1)
877:(3,5,0,0,1)
878:(3,5,1,0,5)
879:(4,5,0,0,5)
880:(4,4,1,0,5)
881:(3,4,0,0,5)
882:(3,4,1,0,5)
883:(2,4,0,0,5)
884:(2,5,1,0,5)
885:(3,5,0,0,5)
886:(3,5,1,0,1)
887:(2,5,0,0,1)
888:(2,3,1,0,1)
889:(2,3,0,2,1)
890:(2,3,1,2,3)
891:(2,3,0,2,3)
892:(2,3,1,2,1)
893:(2,3,0,0,1)
894:(2,3,1,0,3)
895:(5,3,0,0,3)
896:(5,3,1,0,1)
897:(5,3,0,5,1)
898:(5,3,1,5,3)
899:(5,3,0,5,3)
900:(5,3,1,5,1)
901:(5,3,0,0,1)
902:(5,3,1,0,3)
903:(4,3,0,0,3)
904:(4,3,1,0,1)
905:(4,3,0,4,1)
906:(4,3,1,4,3)
907:(4,3,0,4,3)
908:(4,3,1,4,1)
909:(4,3,0,0,1)
910:(4,3,1,0,3)
911:(3,3,0,0,3)
912:(3,3,1,0,1)
913:(3,3,0,0,1)
914:(3,3,1,0,3)
915:(2,3,0,0,3)
916:(2,5,1,0,3)
917:(2,5,0,2,3)
918:(2,5,1,2,3)
919:(2,5,0,0,3)
920:(2,4,1,0,3)
921:(2,4,0,2,3)
922:(2,4,1,2,3)
923:(2,4,0,0,3)
924:(2,2,1,0,3)
925:(2,2,0,2,3)
926:(2,2,1,1,3)
927:(5,2,0,1,3)
928:(5,6,1,1,3)
929:(5,2,1,2,3)
930:(5,2,0,2,3)
931:(5,2,1,1,3)
932:(4,2,0,1,3)
933:(4,6,1,1,3)
934:(4,2,1,2,3)
935:(4,2,0,2,3)
936:(4,2,1,1,3)
937:(2,2,0,1,3)
938:(2,6,1,1,3)
939:(2,2,1,2,3)
940:(2,2,0,0,3)
941:(2,5,1,1,3)
942:(5,5,0,1,3)
943:(5,5,1,5,3)
944:(5,5,0,5,3)
945:(5,5,1,1,3)
946:(4,5,0,1,3)
947:(4,5,1,5,3)
948:(4,5,0,5,3)
949:(4,5,1,1,3)
950:(2,5,0,1,3)
951:(2,5,1,5,3)
952:(2,5,0,5,3)
953:(2,4,1,5,3)
954:(5,4,0,5,3)
955:(5,4,1,5,3)
956:(5,4,0,0,3)
957:(5,5,1,0,3)
958:(5,5,0,0,3)
959:(5,4,1,0,3)
960:(4,4,0,0,3)
961:(4,5,1,0,3)
962:(4,5,0,4,3)
963:(4,5,1,4,3)
964:(4,5,0,0,3)
965:(4,4,1,0,3)
966:(4,4,0,4,3)
967:(4,4,1,1,3)
968:(5,4,0,1,3)
969:(5,4,1,4,3)
970:(5,4,0,4,3)
971:(5,4,1,1,3)
972:(4,4,0,1,3)
973:(4,4,1,4,3)
974:(3,4,0,4,3)
975:(3,4,1,1,3)
976:(3,4,0,1,3)
977:(3,4,1,4,3)
978:(3,4,0,4,0)
979:(3,4,1,1,0)
980:(4,4,0,1,0)
981:(4,4,1,4,0)
982:(2,4,0,4,0)
983:(2,5,1,4,0)
984:(2,5,0,4,2)
985:(2,5,1,4,2)
986:(2,5,0,4,0)
987:(2,3,1,4,0)
988:(2,3,0,4,2)
989:(2,3,1,4,2)
990:(2,3,0,4,0)
991:(2,2,1,4,0)
992:(2,2,0,4,2)
993:(2,2,1,4,1)
994:(5,2,0,4,1)
995:(5,6,1,4,1)
996:(5,2,1,4,2)
997:(5,2,0,4,2)
998:(5,2,1,4,1)
999:(3,2,0,4,1)
1000:(3,6,1,4,1)
1001:(3,2,1,4,2)
1002:(3,2,0,4,2)
1003:(3,2,1,4,1)
1004:(2,2,0,4,1)
1005:(2,6,1,4,1)
1006:(2,2,1,4,2)
1007:(2,2,0,4,0)
1008:(2,5,1,4,1)
1009:(5,5,0,4,1)
1010:(5,5,1,4,5)
1011:(5,5,0,4,5)
1012:(5,5,1,4,1)
1013:(3,5,0,4,1)
1014:(3,5,1,4,5)
1015:(3,5,0,4,5)
1016:(3,5,1,4,1)
1017:(2,5,0,4,1)
1018:(2,5,1,4,5)
1019:(2,5,0,4,5)
1020:(2,4,1,4,5)
1021:(3,4,0,4,5)
1022:(3,4,1,1,5)
1023:(3,4,0,1,5)
1024:(3,4,1,4,5)
1025:(2,4,0,4,5)
1026:(2,4,1,1,5)
1027:(2,4,0,1,5)
1028:(2,6,1,1,5)
1029:(2,5,1,1,5)
1030:(2,5,0,1,5)
1031:(2,5,1,5,5)
1032:(2,5,0,5,5)
1033:(2,5,1,5,1)
1034:(2,5,0,5,1)
1035:(2,6,1,5,1)
1036:(2,4,1,5,1)
1037:(3,4,0,5,1)
1038:(3,4,1,5,4)
1039:(3,4,0,5,4)
1040:(3,5,1,5,4)
1041:(5,5,0,5,4)
1042:(5,5,1,1,4)
1043:(5,5,0,1,4)
1044:(5,5,1,5,4)
1045:(5,5,0,0,4)
1046:(5,5,1,0,4)
1047:(4,5,0,0,4)
1048:(4,5,1,0,4)
1049:(4,5,0,4,4)
1050:(4,5,1,4,4)
1051:(4,5,0,4,0)
1052:(4,5,1,4,0)
1053:(5,5,0,4,0)
1054:(5,5,1,4,0)
1055:(3,5,0,4,0)
1056:(3,5,1,4,0)
1057:(3,5,0,4,3)
1058:(3,5,1,4,3)
1059:(5,5,0,4,3)
1060:(5,5,1,4,3)
1061:(2,5,0,4,3)
1062:(2,5,1,4,3)
1063:(2,4,1,4,3)
1064:(2,4,0,4,3)
1065:(2,4,1,1,3)
1066:(2,4,0,1,3)
1067:(2,3,1,1,3)
1068:(5,3,0,1,3)
1069:(5,3,1,3,3)
1070:(5,3,0,3,3)
1071:(5,3,1,3,1)
1072:(5,3,0,3,1)
1073:(5,6,1,3,1)
1074:(5,5,1,3,1)
1075:(5,5,0,3,1)
1076:(5,5,1,3,5)
1077:(5,5,0,3,5)
1078:(5,4,1,3,5)
1079:(5,4,0,3,5)
1080:(5,2,1,3,5)
1081:(5,2,0,3,5)
1082:(5,2,0,3,0)
1083:(5,5,1,3,0)
1084:(5,5,0,3,0)
1085:(5,4,1,3,0)
1086:(5,4,0,3,0)
1087:(5,2,1,3,0)
1088:(4,2,0,3,0)
1089:(4,5,1,3,0)
1090:(4,5,0,3,4)
1091:(4,5,1,3,4)
1092:(4,5,0,3,0)
1093:(4,4,1,3,0)
1094:(4,4,0,3,4)
1095:(4,4,1,3,1)
1096:(5,4,0,3,1)
1097:(5,4,1,3,4)
1098:(5,4,0,3,4)
1099:(5,4,1,3,1)
1100:(4,4,0,3,1)
1101:(4,6,1,3,1)
1102:(4,4,1,3,4)
1103:(4,4,0,3,0)
1104:(4,2,1,3,0)
1105:(4,2,0,3,4)
1106:(4,2,1,3,4)
1107:(5,2,0,3,4)
1108:(5,5,1,3,4)
1109:(5,5,0,3,4)
1110:(5,3,1,3,4)
1111:(5,3,0,3,4)
1112:(5,3,1,1,4)
1113:(5,3,0,1,4)
1114:(5,4,1,1,4)
1115:(5,4,0,1,4)
1116:(5,4,1,4,4)
1117:(5,4,0,4,4)
1118:(5,4,1,4,1)
1119:(5,4,0,4,1)
1120:(5,3,1,4,1)
1121:(5,3,0,4,1)
1122:(5,3,1,4,3)
1123:(5,3,0,4,3)
1124:(5,2,1,4,3)
1125:(5,2,0,4,3)
1126:(4,2,0,4,3)
1127:(4,2,1,4,3)
1128:(4,2,0,0,3)
1129:(4,2,1,0,3)
1130:(5,2,0,0,3)
1131:(5,2,1,0,3)
1132:(5,2,0,5,3)
1133:(5,2,1,5,3)
1134:(4,2,0,5,3)
1135:(4,4,1,5,3)
1136:(4,4,0,5,3)
1137:(4,3,1,5,3)
1138:(4,3,0,5,3)
1139:(4,3,1,5,1)
1140:(4,3,0,5,1)
1141:(4,2,1,5,1)
1142:(4,2,0,5,1)
1143:(4,2,1,5,2)
1144:(4,2,0,5,2)
1145:(4,5,1,5,2)
1146:(5,5,0,5,2)
1147:(5,5,1,1,2)
1148:(5,5,0,1,2)
1149:(5,6,1,1,2)
1150:(5,5,1,5,2)
1151:(5,5,0,0,2)
1152:(5,5,1,0,2)
1153:(4,5,0,0,2)
1154:(4,5,1,0,2)
1155:(4,5,0,4,2)
1156:(4,5,1,4,2)
1157:(5,5,0,4,2)
1158:(5,5,1,4,2)
1159:(3,5,0,4,2)
1160:(3,5,1,4,2)
1161:(3,4,1,4,2)
1162:(5,4,0,4,2)
1163:(5,4,1,1,2)
1164:(5,4,0,1,2)
1165:(5,4,1,4,2)
1166:(4,4,0,4,2)
1167:(4,4,1,1,2)
1168:(4,4,0,1,2)
1169:(4,6,1,1,2)
1170:(4,4,1,4,2)
1171:(4,4,0,0,2)
1172:(4,4,1,0,2)
1173:(5,4,0,0,2)
1174:(5,4,1,0,2)
1175:(5,4,0,5,2)
1176:(5,4,1,5,2)
1177:(4,4,0,5,2)
1178:(4,4,1,5,2)
1179:(3,4,0,5,2)
1180:(3,5,1,5,2)
1181:(4,5,0,5,2)
1182:(4,5,1,1,2)
1183:(4,5,0,1,2)
1184:(4,3,1,1,2)
1185:(5,3,0,1,2)
1186:(5,3,1,3,2)
1187:(5,3,0,3,2)
1188:(5,3,1,1,2)
1189:(4,3,0,1,2)
1190:(4,3,1,3,2)
1191:(4,3,0,3,2)
1192:(4,5,1,3,2)
1193:(5,5,0,3,2)
1194:(5,5,1,3,2)
1195:(4,5,0,3,2)
1196:(4,4,1,3,2)
1197:(5,4,0,3,2)
1198:(5,4,1,3,2)
1199:(4,4,0,3,2)
1200:(4,2,1,3,2)
1201:(5,2,0,3,2)
1202:(5,2,1,3,1)
1203:(5,2,0,3,1)
1204:(5,2,1,3,2)
1205:(4,2,0,3,2)
1206:(4,2,1,3,1)
1207:(4,2,0,3,1)
1208:(4,5,1,3,1)
1209:(4,5,0,3,1)
1210:(4,5,1,3,5)
1211:(4,5,0,3,5)
1212:(4,4,1,3,5)
1213:(4,4,0,3,5)
1214:(4,2,1,3,5)
1215:(4,2,0,3,5)
1216:(3,2,0,3,5)
1217:(3,2,1,3,5)
1218:(3,2,0,0,5)
1219:(3,3,1,0,5)
1220:(5,3,0,0,5)
1221:(5,3,1,0,5)
1222:(5,3,0,5,5)
1223:(5,3,1,5,5)
1224:(5,3,0,5,0)
1225:(5,3,1,5,0)
1226:(4,3,0,5,0)
1227:(4,3,1,5,0)
1228:(3,3,0,5,0)
1229:(3,4,1,5,0)
1230:(3,4,0,5,3)
1231:(3,4,1,5,3)
1232:(3,4,0,5,0)
1233:(3,3,1,5,0)
1234:(3,3,0,5,3)
1235:(3,3,1,5,1)
1236:(3,3,0,5,1)
1237:(3,3,1,5,3)
1238:(2,3,0,5,3)
1239:(2,3,1,5,1)
1240:(2,3,0,5,1)
1241:(2,3,1,5,3)
1242:(2,2,1,5,3)
1243:(3,2,0,5,3)
1244:(3,2,1,5,3)
1245:(3,2,0,5,0)
1246:(3,2,1,5,0)
1247:(5,2,0,5,0)
1248:(5,2,1,5,0)
1249:(5,2,0,5,5)
1250:(5,2,1,5,5)
1251:(5,2,0,0,5)
1252:(5,2,1,0,5)
1253:(4,2,0,0,5)
1254:(4,3,1,0,5)
1255:(4,3,0,4,5)
1256:(4,3,1,4,5)
1257:(4,3,0,0,5)
1258:(4,2,1,0,5)
1259:(4,2,0,4,5)
1260:(4,2,1,4,5)
1261:(5,2,0,4,5)
1262:(5,3,1,4,5)
1263:(5,3,0,4,5)
1264:(5,2,1,4,5)
1265:(5,2,0,4,0)
1266:(5,3,1,4,0)
1267:(5,3,0,4,0)
1268:(5,2,1,4,0)
1269:(4,2,0,4,0)
1270:(4,3,1,4,0)
1271:(4,3,0,4,4)
1272:(4,3,1,4,4)
1273:(4,3,0,4,0)
1274:(4,2,1,4,0)
1275:(4,2,0,4,4)
1276:(4,2,1,4,4)
1277:(4,2,0,0,4)
1278:(4,3,1,0,4)
1279:(5,3,0,0,4)
1280:(5,3,1,0,4)
1281:(5,3,0,5,4)
1282:(5,3,1,5,4)
1283:(3,3,0,5,4)
1284:(3,3,1,5,4)
1285:(2,3,0,5,4)
1286:(2,5,1,5,4)
1287:(3,5,0,5,4)
1288:(3,5,1,1,4)
1289:(3,5,0,1,4)
1290:(3,6,1,1,4)
1291:(3,4,1,1,4)
1292:(3,4,0,1,4)
1293:(3,4,1,4,4)
1294:(3,4,0,4,4)
1295:(3,4,1,4,1)
1296:(3,4,0,4,1)
1297:(3,3,1,4,1)
1298:(3,3,0,4,1)
1299:(3,3,1,4,3)
1300:(3,3,0,4,3)
1301:(3,2,1,4,3)
1302:(3,2,0,4,3)
1303:(3,2,0,4,0)
1304:(3,4,1,4,0)
1305:(3,3,1,4,0)
1306:(3,3,0,4,0)
1307:(3,2,1,4,0)
1308:(2,2,0,4,3)
1309:(2,3,1,4,3)
1310:(2,3,0,4,3)
1311:(2,3,1,4,1)
1312:(2,3,0,4,1)
1313:(2,4,1,4,1)
1314:(2,4,0,4,1)
1315:(2,4,1,4,4)
1316:(2,4,0,4,4)
1317:(2,4,1,1,4)
1318:(2,4,0,1,4)
1319:(2,6,1,1,4)
1320:(2,5,1,1,4)
1321:(2,5,0,1,4)
1322:(2,3,1,1,4)
1323:(3,3,0,1,4)
1324:(3,3,1,3,4)
1325:(3,3,0,3,4)
1326:(3,3,1,1,4)
1327:(2,3,0,1,4)
1328:(2,3,1,3,4)
1329:(2,3,0,3,4)
1330:(2,5,1,3,4)
1331:(3,5,0,3,4)
1332:(3,5,1,3,4)
1333:(3,5,0,0,4)
1334:(3,5,1,0,4)
1335:(3,3,1,0,4)
1336:(4,3,0,0,4)
1337:(4,2,1,0,4)
1338:(5,2,0,0,4)
1339:(5,2,1,0,4)
1340:(5,2,0,5,4)
1341:(5,2,1,5,4)
1342:(3,2,0,5,4)
1343:(3,2,1,5,4)
1344:(2,2,0,5,4)
1345:(2,4,1,5,4)
1346:(2,4,0,5,4)
1347:(2,3,1,5,4)
1348:(2,2,1,5,4)
1349:(3,2,0,0,4)
1350:(3,2,1,0,4)
1351:(3,2,0,3,4)
1352:(3,2,1,3,4)
1353:(2,2,0,3,4)
1354:(2,4,1,3,4)
1355:(2,4,0,3,4)
1356:(2,4,1,3,1)
1357:(2,4,0,3,1)
1358:(2,6,1,3,1)
1359:(2,5,1,3,1)
1360:(2,5,0,3,1)
1361:(2,5,1,3,5)
1362:(2,5,0,3,5)
1363:(2,4,1,3,5)
1364:(2,4,0,3,5)
1365:(2,3,1,3,5)
1366:(2,3,0,3,5)
1367:(2,3,1,1,5)
1368:(2,3,0,1,5)
1369:(2,2,1,1,5)
1370:(4,2,0,1,5)
1371:(4,2,1,2,5)
1372:(4,2,0,2,5)
1373:(4,2,1,1,5)
1374:(3,2,0,1,5)
1375:(3,2,1,2,5)
1376:(3,2,0,2,5)
1377:(3,2,1,1,5)
1378:(2,2,0,1,5)
1379:(2,2,1,2,5)
1380:(2,2,0,2,5)
1381:(2,4,1,2,5)
1382:(2,4,0,2,5)
1383:(2,3,1,2,5)
1384:(2,3,0,2,5)
1385:(2,3,0,0,5)
1386:(2,4,1,0,5)
1387:(2,3,1,0,5)
1388:(3,3,0,0,5)
1389:(3,2,1,0,5)
1390:(2,2,0,0,5)
1391:(2,2,1,0,5)
1392:(5,3,0,2,5)
1393:(5,4,1,2,5)
1394:(5,4,0,2,5)
1395:(5,3,1,2,5)
1396:(5,3,0,2,0)
1397:(5,4,1,2,0)
1398:(5,4,0,2,0)
1399:(5,3,1,2,0)
1400:(4,3,0,2,0)
1401:(4,5,1,2,0)
1402:(4,5,0,2,4)
1403:(4,5,1,2,4)
1404:(4,5,0,2,0)
1405:(4,4,1,2,0)
1406:(4,4,0,2,4)
1407:(4,4,1,2,1)
1408:(5,4,0,2,1)
1409:(5,4,1,2,4)
1410:(5,4,0,2,4)
1411:(5,4,1,2,1)
1412:(4,4,0,2,1)
1413:(4,4,1,2,4)
1414:(4,4,0,2,0)
1415:(4,3,1,2,0)
1416:(4,3,0,2,4)
1417:(4,3,1,2,4)
1418:(5,3,0,2,4)
1419:(5,5,1,2,4)
1420:(5,5,0,2,4)
1421:(5,3,1,2,4)
1422:(3,3,0,2,4)
1423:(3,5,1,2,4)
1424:(3,5,0,2,4)
1425:(3,4,1,2,4)
1426:(3,4,0,2,4)
1427:(3,4,1,2,1)
1428:(3,4,0,2,1)
1429:(3,3,1,2,1)
1430:(5,3,0,2,1)
1431:(5,3,1,2,3)
1432:(5,3,0,2,3)
1433:(5,3,1,2,1)
1434:(4,3,0,2,1)
1435:(4,3,1,2,3)
1436:(4,3,0,2,3)
1437:(4,3,1,2,1)
1438:(3,3,0,2,1)
1439:(3,3,1,2,3)
1440:(3,3,0,2,3)
1441:(3,5,1,2,3)
1442:(3,5,0,2,3)
1443:(3,4,1,2,3)
1444:(3,4,0,2,3)
1445:(3,4,0,2,0)
1446:(3,5,1,2,0)
1447:(3,5,0,2,0)
1448:(3,4,1,2,0)
1449:(2,4,0,2,0)
1450:(2,4,1,2,0)
1451:(2,4,0,2,2)
1452:(2,4,1,2,2)
1453:(2,4,0,0,2)
1454:(2,4,1,0,2)
1455:(3,4,0,0,2)
1456:(3,5,1,0,2)
1457:(3,5,0,3,2)
1458:(3,5,1,3,2)
1459:(3,5,0,0,2)
1460:(3,4,1,0,2)
1461:(3,4,0,3,2)
1462:(3,4,1,3,2)
1463:(2,4,0,3,2)
1464:(2,5,1,3,2)
1465:(2,5,0,3,2)
1466:(2,4,1,3,2)
1467:(2,4,0,3,0)
1468:(2,5,1,3,0)
1469:(3,5,0,3,0)
1470:(3,5,1,3,0)
1471:(3,5,0,3,3)
1472:(3,5,1,3,3)
1473:(3,5,0,0,3)
1474:(3,5,1,0,3)
1475:(3,4,1,0,3)
1476:(3,4,0,3,3)
1477:(3,4,1,3,3)
1478:(3,4,0,3,0)
1479:(3,4,1,3,0)
1480:(3,3,1,3,0)
1481:(2,3,0,3,0)
1482:(2,4,1,3,0)
1483:(2,2,1,3,0)
1484:(2,2,0,3,2)
1485:(2,2,1,3,1)
1486:(2,2,0,3,1)
1487:(2,2,1,3,2)
1488:(2,2,0,3,0)
1489:(2,3,1,3,1)
1490:(4,3,0,3,1)
1491:(4,3,1,3,3)
1492:(4,3,0,3,3)
1493:(4,3,1,3,1)
1494:(2,3,0,3,1)
1495:(2,3,1,3,3)
1496:(2,3,0,3,3)
1497:(2,5,1,3,3)
1498:(5,5,0,3,3)
1499:(5,5,1,3,3)
1500:(4,5,0,3,3)
1501:(4,5,1,3,3)
1502:(2,5,0,3,3)
1503:(2,4,1,3,3)
1504:(5,4,0,3,3)
1505:(5,4,1,3,3)
1506:(4,4,0,3,3)
1507:(4,4,1,3,3)
1508:(2,4,0,3,3)
1509:(2,2,1,3,3)
1510:(5,2,0,3,3)
1511:(5,2,1,3,3)
1512:(4,2,0,3,3)
1513:(4,2,1,3,3)
1514:(3,2,0,3,3)
1515:(3,2,1,3,3)
1516:(3,2,0,3,0)
1517:(3,2,1,3,0)
1518:(3,2,0,0,3)
1519:(3,2,1,0,3)
1520:(2,2,0,3,3)
1521:(4,3,1,1,3)
1522:(4,3,0,1,3)
1523:(2,3,0,1,3)
1524:(3,4,0,0,3)
1525:(2,5,0,3,0)
1526:(3,3,1,3,2)
1527:(3,3,0,3,2)
1528:(3,3,1,1,2)
1529:(3,3,0,1,2)
1530:(3,6,1,1,2)
1531:(3,5,1,1,2)
1532:(3,5,0,1,2)
1533:(3,4,1,1,2)
1534:(3,4,0,1,2)
1535:(3,2,1,1,2)
1536:(5,2,0,1,2)
1537:(5,2,1,2,2)
1538:(5,2,0,2,2)
1539:(5,2,1,2,1)
1540:(5,2,0,2,1)
1541:(4,2,0,2,1)
1542:(4,2,1,2,2)
1543:(4,2,0,2,2)
1544:(4,2,1,2,1)
1545:(3,2,0,2,1)
1546:(3,2,1,2,2)
1547:(3,2,0,2,2)
1548:(3,2,1,2,1)
1549:(3,5,1,2,2)
1550:(5,5,0,2,2)
1551:(5,5,1,2,2)
1552:(4,5,0,2,2)
1553:(4,5,1,2,2)
1554:(3,5,0,2,2)
1555:(3,4,1,2,2)
1556:(5,4,0,2,2)
1557:(5,4,1,2,2)
1558:(4,4,0,2,2)
1559:(4,4,1,2,2)
1560:(3,4,0,2,2)
1561:(3,3,1,2,2)
1562:(5,3,0,2,2)
1563:(5,3,1,2,2)
1564:(4,3,0,2,2)
1565:(4,3,1,2,2)
1566:(3,3,0,2,2)
1567:(2,3,0,2,2)
1568:(2,3,1,2,2)
1569:(2,3,0,2,0)
1570:(2,3,1,2,0)
1571:(3,3,0,2,0)
1572:(3,3,1,2,0)
1573:(2,3,0,0,2)
1574:(2,3,1,0,2)
1575:(5,3,0,0,2)
1576:(5,3,1,0,2)
1577:(5,3,0,5,2)
1578:(5,3,1,5,2)
1579:(4,3,0,5,2)
1580:(4,3,1,5,2)
1581:(3,3,0,5,2)
1582:(3,4,1,5,2)
1583:(3,3,1,5,2)
1584:(3,2,1,5,2)
1585:(3,2,0,5,2)
1586:(3,2,1,5,1)
1587:(3,2,0,5,1)
1588:(2,2,0,5,1)
1589:(4,3,0,0,2)
1590:(4,3,1,0,2)
1591:(4,3,0,4,2)
1592:(4,3,1,4,2)
1593:(5,3,0,4,2)
1594:(5,3,1,4,2)
1595:(3,3,0,4,2)
1596:(3,3,1,4,2)
1597:(3,3,0,0,2)
1598:(3,3,1,0,2)
1599:(4,2,1,1,2)
1600:(4,2,0,1,2)
1601:(3,2,0,1,2)
1602:(5,2,1,1,2)
1603:(2,5,0,0,2)
1604:(5,4,0,2,3)
1605:(5,5,1,2,3)
1606:(5,5,0,2,3)
1607:(5,4,1,2,3)
1608:(4,4,0,2,3)
1609:(4,5,1,2,3)
1610:(4,5,0,2,3)
1611:(4,4,1,2,3)
1612:(3,3,1,2,4)
1613:(3,2,1,2,4)
1614:(3,2,0,2,4)
1615:(3,2,1,1,4)
1616:(3,2,0,1,4)
1617:(2,2,0,1,4)
1618:(2,2,1,2,4)
1619:(2,2,0,0,4)
1620:(4,3,0,2,5)
1621:(4,4,1,2,5)
1622:(4,4,0,2,5)
1623:(4,3,1,2,5)
1624:(3,3,0,2,5)
1625:(3,4,1,2,5)
1626:(3,4,0,2,5)
1627:(3,3,1,2,5)
1628:(2,2,1,3,5)
1629:(2,2,0,3,5)
1630:(2,2,1,3,4)
1631:(3,3,0,0,4)
1632:(2,5,0,3,4)
1633:(2,5,1,4,4)
1634:(5,5,0,4,4)
1635:(5,5,1,4,4)
1636:(3,5,0,4,4)
1637:(3,5,1,4,4)
1638:(2,5,0,4,4)
1639:(2,3,1,4,4)
1640:(5,3,0,4,4)
1641:(5,3,1,4,4)
1642:(3,3,0,4,4)
1643:(3,3,1,4,4)
1644:(2,3,0,4,4)
1645:(2,2,1,4,4)
1646:(5,2,0,4,4)
1647:(5,2,1,4,4)
1648:(3,2,0,4,4)
1649:(3,2,1,4,4)
1650:(2,2,0,4,4)
1651:(2,2,1,4,3)
1652:(2,5,0,5,4)
1653:(3,2,0,4,5)
1654:(3,3,1,4,5)
1655:(3,3,0,4,5)
1656:(3,2,1,4,5)
1657:(2,2,0,4,5)
1658:(2,3,1,4,5)
1659:(2,3,0,4,5)
1660:(2,2,1,4,5)
1661:(4,2,0,5,5)
1662:(4,4,1,5,5)
1663:(4,4,0,5,5)
1664:(4,3,1,5,5)
1665:(4,3,0,5,5)
1666:(4,2,1,5,5)
1667:(3,2,0,5,5)
1668:(3,4,1,5,5)
1669:(3,4,0,5,5)
1670:(3,3,1,5,5)
1671:(3,3,0,5,5)
1672:(3,2,1,5,5)
1673:(2,2,0,5,5)
1674:(2,4,1,5,5)
1675:(2,4,0,5,5)
1676:(2,3,1,5,5)
1677:(2,3,0,5,5)
1678:(2,2,1,5,5)
1679:(2,2,0,5,0)
1680:(2,4,1,5,0)
1681:(4,4,0,5,0)
1682:(4,2,1,5,0)
1683:(2,4,0,5,0)
1684:(2,3,1,5,0)
1685:(2,3,0,5,0)
1686:(2,2,1,5,0)
1687:(2,2,0,5,3)
1688:(2,4,0,5,3)
1689:(3,5,0,5,2)
1690:(3,4,0,4,2)
1691:(4,2,1,5,3)
1692:(5,2,1,3,4)
1693:(5,3,1,1,3)
1694:(2,4,0,5,1)
1695:(3,4,0,1,0)
1696:(3,3,1,1,3)
1697:(3,3,0,1,0)
1698:(4,4,1,1,4)
1699:(2,2,1,1,2)
