(rloc,hloc,rturn,o0)
0:(2,2,0,2)
1:(2,5,1,2)
2:(2,5,0,2)
3:(2,5,0,0)
4:(2,5,1,0)
5:(5,5,0,0)
6:(5,5,1,0)
7:(4,5,0,0)
8:(4,5,1,0)
9:(4,5,0,4)
10:(4,5,1,4)
11:(5,5,0,4)
12:(5,5,1,4)
13:(3,5,0,4)
14:(3,5,1,4)
15:(2,5,0,4)
16:(2,5,1,4)
17:(3,5,0,0)
18:(3,5,1,0)
19:(3,5,0,3)
20:(3,5,1,3)
21:(5,5,0,3)
22:(5,5,1,3)
23:(4,5,0,3)
24:(4,5,1,3)
25:(2,5,0,3)
26:(2,5,1,3)
27:(5,5,0,2)
28:(5,5,1,2)
29:(4,5,0,2)
30:(4,5,1,2)
31:(3,5,0,2)
32:(3,5,1,2)
33:(2,2,1,1)
34:(5,2,0,1)
35:(5,5,1,1)
36:(5,5,0,1)
37:(5,2,1,2)
38:(5,2,0,2)
39:(5,2,1,1)
40:(5,4,1,2)
41:(5,4,0,2)
42:(5,3,1,2)
43:(5,3,0,2)
44:(5,4,1,1)
45:(5,4,0,1)
46:(5,4,1,4)
47:(5,4,0,4)
48:(5,3,1,4)
49:(5,3,0,4)
50:(5,2,1,4)
51:(5,2,0,4)
52:(5,3,1,1)
53:(5,3,0,1)
54:(5,3,1,3)
55:(5,3,0,3)
56:(5,4,1,3)
57:(5,4,0,3)
58:(5,2,1,3)
59:(5,2,0,3)
60:(4,2,0,1)
61:(4,5,1,1)
62:(4,5,0,1)
63:(3,5,0,1)
64:(2,5,0,1)
65:(4,2,1,2)
66:(4,2,0,2)
67:(4,2,1,1)
68:(3,2,0,1)
69:(3,5,1,1)
70:(3,2,1,2)
71:(3,2,0,2)
72:(3,2,1,1)
73:(2,2,0,1)
74:(2,5,1,1)
75:(2,2,1,2)
76:(2,2,0,0)
77:(2,4,1,0)
78:(2,4,0,2)
79:(2,4,1,2)
80:(2,4,0,0)
81:(2,3,1,0)
82:(2,3,0,2)
83:(2,3,1,2)
84:(2,3,0,0)
85:(2,2,1,0)
86:(5,2,0,0)
87:(5,4,1,0)
88:(5,4,0,0)
89:(5,3,1,0)
90:(5,3,0,0)
91:(5,2,1,0)
92:(4,2,0,0)
93:(4,4,1,0)
94:(4,4,0,4)
95:(4,4,1,1)
96:(4,4,0,1)
97:(4,4,1,4)
98:(4,4,0,0)
99:(4,3,1,0)
100:(4,3,0,4)
101:(4,3,1,4)
102:(4,3,0,0)
103:(4,2,1,0)
104:(4,2,0,4)
105:(4,2,1,4)
106:(3,2,0,4)
107:(3,4,1,4)
108:(3,4,0,4)
109:(3,4,1,1)
110:(3,4,0,1)
111:(3,3,1,1)
112:(4,3,0,1)
113:(4,3,1,3)
114:(4,3,0,3)
115:(4,3,1,1)
116:(3,3,0,1)
117:(3,3,1,3)
118:(3,3,0,3)
119:(3,4,1,3)
120:(3,4,0,3)
121:(3,2,1,3)
122:(3,2,0,3)
123:(3,2,0,0)
124:(3,4,1,0)
125:(3,4,0,0)
126:(3,3,1,0)
127:(3,3,0,0)
128:(3,2,1,0)
129:(4,2,0,3)
130:(4,4,1,3)
131:(4,4,0,3)
132:(4,2,1,3)
133:(2,2,0,3)
134:(2,4,1,3)
135:(2,4,0,3)
136:(2,3,1,3)
137:(2,3,0,3)
138:(2,3,1,1)
139:(2,3,0,1)
140:(2,4,1,1)
141:(2,4,0,1)
142:(2,4,1,4)
143:(2,4,0,4)
144:(2,3,1,4)
145:(3,3,0,4)
146:(3,3,1,4)
147:(2,3,0,4)
148:(2,2,1,4)
149:(2,2,0,4)
150:(3,2,1,4)
151:(2,2,1,3)
152:(4,3,0,2)
153:(4,4,1,2)
154:(4,4,0,2)
155:(4,3,1,2)
156:(3,3,0,2)
157:(3,4,1,2)
158:(3,4,0,2)
159:(3,3,1,2)
