(rloc,hloc,rturn,o0,o1,o2)
0:(2,2,0,2,2,2)
1:(2,5,1,2,2,2)
2:(2,5,0,2,2,2)
3:(2,5,0,2,2,0)
4:(2,5,1,2,2,0)
5:(5,5,0,2,2,0)
6:(5,5,1,2,2,0)
7:(4,5,0,2,2,0)
8:(4,5,1,2,2,0)
9:(4,5,0,2,2,4)
10:(4,5,1,2,2,4)
11:(5,5,0,2,2,4)
12:(5,5,1,2,2,4)
13:(3,5,0,2,2,4)
14:(3,5,1,2,2,4)
15:(2,5,0,2,2,4)
16:(2,5,1,2,2,4)
17:(2,5,0,2,0,4)
18:(2,5,1,2,0,4)
19:(5,5,0,2,0,4)
20:(5,5,1,2,0,4)
21:(4,5,0,2,0,4)
22:(4,5,1,2,0,4)
23:(4,5,0,2,4,4)
24:(4,5,1,2,4,4)
25:(4,5,0,2,4,0)
26:(4,5,1,2,4,0)
27:(5,5,0,2,4,0)
28:(5,5,1,2,4,0)
29:(3,5,0,2,4,0)
30:(3,5,1,2,4,0)
31:(3,5,0,2,4,3)
32:(3,5,1,2,4,3)
33:(5,5,0,2,4,3)
34:(5,5,1,2,4,3)
35:(4,5,0,2,4,3)
36:(4,5,1,2,4,3)
37:(4,5,0,2,0,3)
38:(4,5,1,2,0,3)
39:(5,5,0,2,0,3)
40:(5,5,1,2,0,3)
41:(3,5,0,2,0,3)
42:(3,5,1,2,0,3)
43:(3,5,0,2,3,3)
44:(3,5,1,2,3,3)
45:(3,5,0,2,3,0)
46:(3,5,1,2,3,0)
47:(5,5,0,2,3,0)
48:(5,5,1,2,3,0)
49:(4,5,0,2,3,0)
50:(4,5,1,2,3,0)
51:(4,5,0,2,3,4)
52:(4,5,1,2,3,4)
53:(5,5,0,2,3,4)
54:(5,5,1,2,3,4)
55:(3,5,0,2,3,4)
56:(3,5,1,2,3,4)
57:(3,5,0,2,0,4)
58:(3,5,1,2,0,4)
59:(2,5,0,2,3,4)
60:(2,5,1,2,3,4)
61:(2,5,0,0,3,4)
62:(2,5,1,0,3,4)
63:(5,5,0,0,3,4)
64:(5,5,1,0,3,4)
65:(4,5,0,0,3,4)
66:(4,5,1,0,3,4)
67:(4,5,0,4,3,4)
68:(4,5,1,4,3,4)
69:(4,5,0,4,3,0)
70:(4,5,1,4,3,0)
71:(5,5,0,4,3,0)
72:(5,5,1,4,3,0)
73:(3,5,0,4,3,0)
74:(3,5,1,4,3,0)
75:(3,5,0,4,3,3)
76:(3,5,1,4,3,3)
77:(3,5,0,4,0,3)
78:(3,5,1,4,0,3)
79:(5,5,0,4,0,3)
80:(5,5,1,4,0,3)
81:(4,5,0,4,0,3)
82:(4,5,1,4,0,3)
83:(4,5,0,4,4,3)
84:(4,5,1,4,4,3)
85:(4,5,0,0,4,3)
86:(4,5,1,0,4,3)
87:(5,5,0,0,4,3)
88:(5,5,1,0,4,3)
89:(3,5,0,0,4,3)
90:(3,5,1,0,4,3)
91:(3,5,0,3,4,3)
92:(3,5,1,3,4,3)
93:(3,5,0,3,4,0)
94:(3,5,1,3,4,0)
95:(5,5,0,3,4,0)
96:(5,5,1,3,4,0)
97:(4,5,0,3,4,0)
98:(4,5,1,3,4,0)
99:(4,5,0,3,4,4)
100:(4,5,1,3,4,4)
101:(4,5,0,3,0,4)
102:(4,5,1,3,0,4)
103:(5,5,0,3,0,4)
104:(5,5,1,3,0,4)
105:(3,5,0,3,0,4)
106:(3,5,1,3,0,4)
107:(3,5,0,3,3,4)
108:(3,5,1,3,3,4)
109:(3,5,0,0,3,4)
110:(3,5,1,0,3,4)
111:(5,5,0,3,3,4)
112:(5,5,1,3,3,4)
113:(4,5,0,3,3,4)
114:(4,5,1,3,3,4)
115:(4,5,0,3,3,0)
116:(4,5,1,3,3,0)
117:(5,5,0,3,3,0)
118:(5,5,1,3,3,0)
119:(3,5,0,3,3,0)
120:(3,5,1,3,3,0)
121:(3,5,0,3,3,3)
122:(3,5,1,3,3,3)
123:(3,5,0,3,0,3)
124:(3,5,1,3,0,3)
125:(5,5,0,3,0,3)
126:(5,5,1,3,0,3)
127:(4,5,0,3,0,3)
128:(4,5,1,3,0,3)
129:(4,5,0,3,4,3)
130:(4,5,1,3,4,3)
131:(5,5,0,3,4,3)
132:(5,5,1,3,4,3)
133:(2,5,0,3,4,3)
134:(2,5,1,3,4,3)
135:(2,5,0,3,0,3)
136:(2,5,1,3,0,3)
137:(2,5,0,3,2,3)
138:(2,5,1,3,2,3)
139:(5,5,0,3,2,3)
140:(5,5,1,3,2,3)
141:(4,5,0,3,2,3)
142:(4,5,1,3,2,3)
143:(3,5,0,3,2,3)
144:(3,5,1,3,2,3)
145:(3,5,0,3,2,0)
146:(3,5,1,3,2,0)
147:(5,5,0,3,2,0)
148:(5,5,1,3,2,0)
149:(4,5,0,3,2,0)
150:(4,5,1,3,2,0)
151:(4,5,0,3,2,4)
152:(4,5,1,3,2,4)
153:(5,5,0,3,2,4)
154:(5,5,1,3,2,4)
155:(3,5,0,3,2,4)
156:(3,5,1,3,2,4)
157:(3,5,0,0,2,4)
158:(3,5,1,0,2,4)
159:(5,5,0,0,2,4)
160:(5,5,1,0,2,4)
161:(4,5,0,0,2,4)
162:(4,5,1,0,2,4)
163:(4,5,0,4,2,4)
164:(4,5,1,4,2,4)
165:(4,5,0,4,2,0)
166:(4,5,1,4,2,0)
167:(5,5,0,4,2,0)
168:(5,5,1,4,2,0)
169:(3,5,0,4,2,0)
170:(3,5,1,4,2,0)
171:(3,5,0,4,2,3)
172:(3,5,1,4,2,3)
173:(5,5,0,4,2,3)
174:(5,5,1,4,2,3)
175:(4,5,0,4,2,3)
176:(4,5,1,4,2,3)
177:(4,5,0,0,2,3)
178:(4,5,1,0,2,3)
179:(5,5,0,0,2,3)
180:(5,5,1,0,2,3)
181:(3,5,0,0,2,3)
182:(3,5,1,0,2,3)
183:(2,5,0,0,2,3)
184:(2,5,1,0,2,3)
185:(2,5,0,2,2,3)
186:(2,5,1,2,2,3)
187:(2,5,0,2,0,3)
188:(2,5,1,2,0,3)
189:(5,5,0,2,2,3)
190:(5,5,1,2,2,3)
191:(4,5,0,2,2,3)
192:(4,5,1,2,2,3)
193:(3,5,0,2,2,3)
194:(3,5,1,2,2,3)
195:(3,5,0,2,2,0)
196:(3,5,1,2,2,0)
197:(2,5,0,4,2,3)
198:(2,5,1,4,2,3)
199:(2,5,0,4,0,3)
200:(2,5,1,4,0,3)
201:(2,5,0,4,2,0)
202:(2,5,1,4,2,0)
203:(2,5,0,4,2,2)
204:(2,5,1,4,2,2)
205:(2,5,0,4,0,2)
206:(2,5,1,4,0,2)
207:(5,5,0,4,0,2)
208:(5,5,1,4,0,2)
209:(4,5,0,4,0,2)
210:(4,5,1,4,0,2)
211:(4,5,0,4,4,2)
212:(4,5,1,4,4,2)
213:(4,5,0,0,4,2)
214:(4,5,1,0,4,2)
215:(5,5,0,0,4,2)
216:(5,5,1,0,4,2)
217:(3,5,0,0,4,2)
218:(3,5,1,0,4,2)
219:(3,5,0,3,4,2)
220:(3,5,1,3,4,2)
221:(5,5,0,3,4,2)
222:(5,5,1,3,4,2)
223:(4,5,0,3,4,2)
224:(4,5,1,3,4,2)
225:(4,5,0,3,0,2)
226:(4,5,1,3,0,2)
227:(5,5,0,3,0,2)
228:(5,5,1,3,0,2)
229:(3,5,0,3,0,2)
230:(3,5,1,3,0,2)
231:(3,5,0,3,3,2)
232:(3,5,1,3,3,2)
233:(3,5,0,0,3,2)
234:(3,5,1,0,3,2)
235:(5,5,0,0,3,2)
236:(5,5,1,0,3,2)
237:(4,5,0,0,3,2)
238:(4,5,1,0,3,2)
239:(4,5,0,4,3,2)
240:(4,5,1,4,3,2)
241:(5,5,0,4,3,2)
242:(5,5,1,4,3,2)
243:(3,5,0,4,3,2)
244:(3,5,1,4,3,2)
245:(3,5,0,4,0,2)
246:(3,5,1,4,0,2)
247:(2,5,0,4,3,2)
248:(2,5,1,4,3,2)
249:(2,5,0,4,3,0)
250:(2,5,1,4,3,0)
251:(2,5,0,0,3,2)
252:(2,5,1,0,3,2)
253:(2,5,0,2,3,2)
254:(2,5,1,2,3,2)
255:(2,5,0,2,3,0)
256:(2,5,1,2,3,0)
257:(5,5,0,2,3,2)
258:(5,5,1,2,3,2)
259:(4,5,0,2,3,2)
260:(4,5,1,2,3,2)
261:(3,5,0,2,3,2)
262:(3,5,1,2,3,2)
263:(3,5,0,2,0,2)
264:(3,5,1,2,0,2)
265:(5,5,0,2,0,2)
266:(5,5,1,2,0,2)
267:(4,5,0,2,0,2)
268:(4,5,1,2,0,2)
269:(4,5,0,2,4,2)
270:(4,5,1,2,4,2)
271:(5,5,0,2,4,2)
272:(5,5,1,2,4,2)
273:(3,5,0,2,4,2)
274:(3,5,1,2,4,2)
275:(2,5,0,2,4,2)
276:(2,5,1,2,4,2)
277:(2,5,0,2,4,0)
278:(2,5,1,2,4,0)
279:(2,5,0,0,4,2)
280:(2,5,1,0,4,2)
281:(2,5,0,2,0,2)
282:(2,5,1,2,0,2)
283:(5,5,0,3,3,2)
284:(5,5,1,3,3,2)
285:(4,5,0,3,3,2)
286:(4,5,1,3,3,2)
287:(2,5,0,3,3,2)
288:(2,5,1,3,3,2)
289:(2,5,0,3,3,0)
290:(2,5,1,3,3,0)
291:(2,5,0,3,0,2)
292:(2,5,1,3,0,2)
293:(2,5,0,3,2,2)
294:(2,5,1,3,2,2)
295:(2,5,0,3,2,0)
296:(2,5,1,3,2,0)
297:(5,5,0,3,2,2)
298:(5,5,1,3,2,2)
299:(4,5,0,3,2,2)
300:(4,5,1,3,2,2)
301:(3,5,0,3,2,2)
302:(3,5,1,3,2,2)
303:(3,5,0,0,2,2)
304:(3,5,1,0,2,2)
305:(5,5,0,0,2,2)
306:(5,5,1,0,2,2)
307:(4,5,0,0,2,2)
308:(4,5,1,0,2,2)
309:(4,5,0,4,2,2)
310:(4,5,1,4,2,2)
311:(5,5,0,4,2,2)
312:(5,5,1,4,2,2)
313:(3,5,0,4,2,2)
314:(3,5,1,4,2,2)
315:(2,5,0,0,2,2)
316:(2,5,1,0,2,2)
317:(2,5,0,3,4,2)
318:(2,5,1,3,4,2)
319:(2,5,0,3,4,0)
320:(2,5,1,3,4,0)
321:(5,5,0,4,4,2)
322:(5,5,1,4,4,2)
323:(3,5,0,4,4,2)
324:(3,5,1,4,4,2)
325:(2,5,0,4,4,2)
326:(2,5,1,4,4,2)
327:(2,5,0,4,4,0)
328:(2,5,1,4,4,0)
329:(5,5,0,4,4,0)
330:(5,5,1,4,4,0)
331:(4,5,0,4,4,0)
332:(4,5,1,4,4,0)
333:(4,5,0,4,4,4)
334:(4,5,1,4,4,4)
335:(4,5,0,4,0,4)
336:(4,5,1,4,0,4)
337:(5,5,0,4,0,4)
338:(5,5,1,4,0,4)
339:(3,5,0,4,0,4)
340:(3,5,1,4,0,4)
341:(3,5,0,4,3,4)
342:(3,5,1,4,3,4)
343:(5,5,0,4,3,4)
344:(5,5,1,4,3,4)
345:(2,5,0,4,3,4)
346:(2,5,1,4,3,4)
347:(2,5,0,4,0,4)
348:(2,5,1,4,0,4)
349:(2,5,0,4,2,4)
350:(2,5,1,4,2,4)
351:(5,5,0,4,2,4)
352:(5,5,1,4,2,4)
353:(3,5,0,4,2,4)
354:(3,5,1,4,2,4)
355:(4,5,0,0,4,4)
356:(4,5,1,0,4,4)
357:(5,5,0,0,4,4)
358:(5,5,1,0,4,4)
359:(3,5,0,0,4,4)
360:(3,5,1,0,4,4)
361:(3,5,0,3,4,4)
362:(3,5,1,3,4,4)
363:(5,5,0,3,4,4)
364:(5,5,1,3,4,4)
365:(2,5,0,3,4,4)
366:(2,5,1,3,4,4)
367:(2,5,0,0,4,4)
368:(2,5,1,0,4,4)
369:(2,5,0,2,4,4)
370:(2,5,1,2,4,4)
371:(5,5,0,2,4,4)
372:(5,5,1,2,4,4)
373:(3,5,0,2,4,4)
374:(3,5,1,2,4,4)
375:(5,5,0,4,4,4)
376:(5,5,1,4,4,4)
377:(3,5,0,4,4,4)
378:(3,5,1,4,4,4)
379:(2,5,0,4,4,4)
380:(2,5,1,4,4,4)
381:(3,5,0,4,4,0)
382:(3,5,1,4,4,0)
383:(3,5,0,4,4,3)
384:(3,5,1,4,4,3)
385:(5,5,0,4,4,3)
386:(5,5,1,4,4,3)
387:(2,5,0,4,4,3)
388:(2,5,1,4,4,3)
389:(2,5,0,0,2,4)
390:(2,5,1,0,2,4)
391:(2,5,0,3,2,4)
392:(2,5,1,3,2,4)
393:(2,5,0,3,0,4)
394:(2,5,1,3,0,4)
395:(3,5,0,0,3,3)
396:(3,5,1,0,3,3)
397:(5,5,0,0,3,3)
398:(5,5,1,0,3,3)
399:(4,5,0,0,3,3)
400:(4,5,1,0,3,3)
401:(4,5,0,4,3,3)
402:(4,5,1,4,3,3)
403:(5,5,0,4,3,3)
404:(5,5,1,4,3,3)
405:(2,5,0,4,3,3)
406:(2,5,1,4,3,3)
407:(2,5,0,0,3,3)
408:(2,5,1,0,3,3)
409:(2,5,0,2,3,3)
410:(2,5,1,2,3,3)
411:(5,5,0,2,3,3)
412:(5,5,1,2,3,3)
413:(4,5,0,2,3,3)
414:(4,5,1,2,3,3)
415:(5,5,0,3,3,3)
416:(5,5,1,3,3,3)
417:(4,5,0,3,3,3)
418:(4,5,1,3,3,3)
419:(2,5,0,3,3,3)
420:(2,5,1,3,3,3)
421:(2,5,0,3,3,4)
422:(2,5,1,3,3,4)
423:(2,5,0,0,4,3)
424:(2,5,1,0,4,3)
425:(2,5,0,2,4,3)
426:(2,5,1,2,4,3)
427:(5,5,0,2,2,2)
428:(5,5,1,2,2,2)
429:(4,5,0,2,2,2)
430:(4,5,1,2,2,2)
431:(3,5,0,2,2,2)
432:(3,5,1,2,2,2)
433:(2,2,1,2,2,1)
434:(2,2,0,2,2,1)
435:(2,5,1,2,2,1)
436:(2,5,0,2,2,1)
437:(2,5,0,2,0,1)
438:(2,5,0,0,2,1)
439:(5,5,0,2,2,1)
440:(4,5,0,2,2,1)
441:(3,5,0,2,2,1)
442:(2,2,1,2,2,2)
443:(2,2,0,2,2,0)
444:(2,2,1,2,1,0)
445:(2,2,0,2,1,2)
446:(2,5,1,2,1,2)
447:(2,5,0,2,1,2)
448:(2,5,0,2,1,0)
449:(2,5,0,0,1,2)
450:(5,5,0,2,1,2)
451:(4,5,0,2,1,2)
452:(3,5,0,2,1,2)
453:(2,4,1,2,1,2)
454:(2,4,0,2,1,2)
455:(2,4,1,2,4,2)
456:(2,4,0,2,4,2)
457:(2,3,1,2,4,2)
458:(2,3,0,2,4,2)
459:(2,2,1,2,4,2)
460:(2,2,0,2,4,2)
461:(2,2,1,2,4,1)
462:(2,2,0,2,4,1)
463:(2,5,1,2,4,1)
464:(2,5,0,2,4,1)
465:(2,5,0,0,4,1)
466:(5,5,0,2,4,1)
467:(4,5,0,2,4,1)
468:(3,5,0,2,4,1)
469:(2,4,1,2,4,1)
470:(2,4,0,2,4,1)
471:(2,4,1,2,4,4)
472:(2,4,0,2,4,4)
473:(2,4,1,2,1,4)
474:(2,4,0,2,1,4)
475:(2,5,1,2,1,4)
476:(2,5,0,2,1,4)
477:(2,5,0,0,1,4)
478:(5,5,0,2,1,4)
479:(4,5,0,2,1,4)
480:(3,5,0,2,1,4)
481:(2,3,1,2,1,4)
482:(2,3,0,2,1,4)
483:(2,3,1,2,3,4)
484:(2,3,0,2,3,4)
485:(2,4,1,2,3,4)
486:(2,4,0,2,3,4)
487:(2,4,1,2,3,1)
488:(2,4,0,2,3,1)
489:(2,5,1,2,3,1)
490:(2,5,0,2,3,1)
491:(2,5,0,0,3,1)
492:(5,5,0,2,3,1)
493:(4,5,0,2,3,1)
494:(3,5,0,2,3,1)
495:(2,3,1,2,3,1)
496:(2,3,0,2,3,1)
497:(2,3,1,2,3,3)
498:(2,3,0,2,3,3)
499:(2,3,1,2,1,3)
500:(2,3,0,2,1,3)
501:(2,5,1,2,1,3)
502:(2,5,0,2,1,3)
503:(2,5,0,0,1,3)
504:(5,5,0,2,1,3)
505:(4,5,0,2,1,3)
506:(3,5,0,2,1,3)
507:(2,4,1,2,1,3)
508:(2,4,0,2,1,3)
509:(2,4,1,2,4,3)
510:(2,4,0,2,4,3)
511:(2,3,1,2,4,3)
512:(2,3,0,2,4,3)
513:(2,3,1,2,4,1)
514:(2,3,0,2,4,1)
515:(2,3,0,0,4,1)
516:(2,5,1,0,4,1)
517:(5,5,0,0,4,1)
518:(4,5,0,0,4,1)
519:(3,5,0,0,4,1)
520:(2,3,1,0,4,3)
521:(5,3,0,0,4,3)
522:(5,3,1,0,4,1)
523:(5,3,0,0,4,1)
524:(5,5,1,0,4,1)
525:(5,3,1,0,4,3)
526:(5,4,1,0,4,1)
527:(5,4,0,0,4,1)
528:(5,4,1,0,4,4)
529:(5,4,0,0,4,4)
530:(5,4,1,0,1,4)
531:(5,4,0,0,1,4)
532:(5,5,1,0,1,4)
533:(5,5,0,0,1,4)
534:(5,3,1,0,1,4)
535:(5,3,0,0,1,4)
536:(5,3,1,0,3,4)
537:(5,3,0,0,3,4)
538:(5,4,1,0,3,4)
539:(5,4,0,0,3,4)
540:(5,4,1,0,3,1)
541:(5,4,0,0,3,1)
542:(5,5,1,0,3,1)
543:(5,5,0,0,3,1)
544:(5,3,1,0,3,1)
545:(5,3,0,0,3,1)
546:(5,3,1,0,3,3)
547:(5,3,0,0,3,3)
548:(5,3,1,0,1,3)
549:(5,3,0,0,1,3)
550:(5,5,1,0,1,3)
551:(5,5,0,0,1,3)
552:(5,4,1,0,1,3)
553:(5,4,0,0,1,3)
554:(5,4,1,0,4,3)
555:(5,4,0,0,4,3)
556:(5,2,1,0,4,3)
557:(5,2,0,0,4,3)
558:(5,2,1,0,1,3)
559:(5,2,0,0,1,3)
560:(5,2,1,0,2,3)
561:(5,2,0,0,2,3)
562:(5,4,1,0,2,3)
563:(5,4,0,0,2,3)
564:(5,3,1,0,2,3)
565:(5,3,0,0,2,3)
566:(5,3,1,0,2,1)
567:(5,3,0,0,2,1)
568:(5,5,1,0,2,1)
569:(5,5,0,0,2,1)
570:(5,4,1,0,2,1)
571:(5,4,0,0,2,1)
572:(5,4,1,0,2,4)
573:(5,4,0,0,2,4)
574:(5,3,1,0,2,4)
575:(5,3,0,0,2,4)
576:(5,2,1,0,2,4)
577:(5,2,0,0,2,4)
578:(5,2,1,0,1,4)
579:(5,2,0,0,1,4)
580:(5,2,1,0,2,1)
581:(5,2,0,0,2,1)
582:(5,2,1,0,2,2)
583:(5,2,0,0,2,2)
584:(5,2,1,0,1,2)
585:(5,2,0,0,1,2)
586:(5,5,1,0,1,2)
587:(5,5,0,0,1,2)
588:(5,4,1,0,1,2)
589:(5,4,0,0,1,2)
590:(5,4,1,0,4,2)
591:(5,4,0,0,4,2)
592:(5,3,1,0,4,2)
593:(5,3,0,0,4,2)
594:(5,2,1,0,4,2)
595:(5,2,0,0,4,2)
596:(5,2,1,0,4,1)
597:(5,2,0,0,4,1)
598:(5,3,1,0,1,2)
599:(5,3,0,0,1,2)
600:(5,3,1,0,3,2)
601:(5,3,0,0,3,2)
602:(5,4,1,0,3,2)
603:(5,4,0,0,3,2)
604:(5,2,1,0,3,2)
605:(5,2,0,0,3,2)
606:(5,2,1,0,3,1)
607:(5,2,0,0,3,1)
608:(5,4,1,0,2,2)
609:(5,4,0,0,2,2)
610:(5,3,1,0,2,2)
611:(5,3,0,0,2,2)
612:(5,4,1,0,3,3)
613:(5,4,0,0,3,3)
614:(5,2,1,0,3,3)
615:(5,2,0,0,3,3)
616:(5,2,1,0,3,4)
617:(5,2,0,0,3,4)
618:(5,3,1,0,4,4)
619:(5,3,0,0,4,4)
620:(5,2,1,0,4,4)
621:(5,2,0,0,4,4)
622:(4,3,0,0,4,3)
623:(4,3,1,0,4,1)
624:(4,3,0,4,4,1)
625:(4,5,1,4,4,1)
626:(4,5,0,4,4,1)
627:(4,5,0,4,0,1)
628:(5,5,0,4,4,1)
629:(3,5,0,4,4,1)
630:(2,5,0,4,4,1)
631:(4,3,1,4,4,3)
632:(4,3,0,4,4,3)
633:(4,3,1,4,4,1)
634:(4,3,0,4,0,1)
635:(4,5,1,4,0,1)
636:(5,5,0,4,0,1)
637:(3,5,0,4,0,1)
638:(2,5,0,4,0,1)
639:(4,3,1,4,0,3)
640:(5,3,0,4,0,3)
641:(5,3,1,4,0,1)
642:(5,3,0,4,0,1)
643:(5,5,1,4,0,1)
644:(5,3,1,4,0,3)
645:(5,4,1,4,0,1)
646:(5,4,0,4,0,1)
647:(5,4,1,4,0,4)
648:(5,4,0,4,0,4)
649:(5,4,1,1,0,4)
650:(5,4,0,1,0,4)
651:(5,5,1,1,0,4)
652:(5,5,0,1,0,4)
653:(5,3,1,1,0,4)
654:(5,3,0,1,0,4)
655:(5,3,1,3,0,4)
656:(5,3,0,3,0,4)
657:(5,4,1,3,0,4)
658:(5,4,0,3,0,4)
659:(5,4,1,3,0,1)
660:(5,4,0,3,0,1)
661:(5,5,1,3,0,1)
662:(5,5,0,3,0,1)
663:(5,3,1,3,0,1)
664:(5,3,0,3,0,1)
665:(5,3,1,3,0,3)
666:(5,3,0,3,0,3)
667:(5,3,1,1,0,3)
668:(5,3,0,1,0,3)
669:(5,5,1,1,0,3)
670:(5,5,0,1,0,3)
671:(5,4,1,1,0,3)
672:(5,4,0,1,0,3)
673:(5,4,1,4,0,3)
674:(5,4,0,4,0,3)
675:(5,2,1,4,0,3)
676:(5,2,0,4,0,3)
677:(5,2,1,1,0,3)
678:(5,2,0,1,0,3)
679:(5,2,1,2,0,3)
680:(5,2,0,2,0,3)
681:(5,4,1,2,0,3)
682:(5,4,0,2,0,3)
683:(5,3,1,2,0,3)
684:(5,3,0,2,0,3)
685:(5,3,1,2,0,1)
686:(5,3,0,2,0,1)
687:(5,5,1,2,0,1)
688:(5,5,0,2,0,1)
689:(5,4,1,2,0,1)
690:(5,4,0,2,0,1)
691:(5,4,1,2,0,4)
692:(5,4,0,2,0,4)
693:(5,3,1,2,0,4)
694:(5,3,0,2,0,4)
695:(5,2,1,2,0,4)
696:(5,2,0,2,0,4)
697:(5,2,1,1,0,4)
698:(5,2,0,1,0,4)
699:(5,2,1,2,0,1)
700:(5,2,0,2,0,1)
701:(5,2,1,2,0,2)
702:(5,2,0,2,0,2)
703:(5,2,1,1,0,2)
704:(5,2,0,1,0,2)
705:(5,5,1,1,0,2)
706:(5,5,0,1,0,2)
707:(5,4,1,1,0,2)
708:(5,4,0,1,0,2)
709:(5,4,1,4,0,2)
710:(5,4,0,4,0,2)
711:(5,3,1,4,0,2)
712:(5,3,0,4,0,2)
713:(5,2,1,4,0,2)
714:(5,2,0,4,0,2)
715:(5,2,1,4,0,1)
716:(5,2,0,4,0,1)
717:(5,3,1,1,0,2)
718:(5,3,0,1,0,2)
719:(5,3,1,3,0,2)
720:(5,3,0,3,0,2)
721:(5,4,1,3,0,2)
722:(5,4,0,3,0,2)
723:(5,2,1,3,0,2)
724:(5,2,0,3,0,2)
725:(5,2,1,3,0,1)
726:(5,2,0,3,0,1)
727:(5,4,1,2,0,2)
728:(5,4,0,2,0,2)
729:(5,3,1,2,0,2)
730:(5,3,0,2,0,2)
731:(5,4,1,3,0,3)
732:(5,4,0,3,0,3)
733:(5,2,1,3,0,3)
734:(5,2,0,3,0,3)
735:(5,2,1,3,0,4)
736:(5,2,0,3,0,4)
737:(5,3,1,4,0,4)
738:(5,3,0,4,0,4)
739:(5,2,1,4,0,4)
740:(5,2,0,4,0,4)
741:(4,3,0,4,0,3)
742:(4,3,1,4,0,1)
743:(3,3,0,4,0,1)
744:(3,5,1,4,0,1)
745:(3,5,0,4,3,1)
746:(3,3,1,4,0,3)
747:(3,3,0,4,3,3)
748:(3,3,1,4,3,1)
749:(3,3,0,4,3,1)
750:(3,5,1,4,3,1)
751:(5,5,0,4,3,1)
752:(4,5,0,4,3,1)
753:(2,5,0,4,3,1)
754:(3,3,1,4,3,3)
755:(3,3,0,4,3,0)
756:(3,3,1,4,1,0)
757:(3,3,0,4,1,3)
758:(3,5,1,4,1,3)
759:(3,5,0,4,1,3)
760:(3,5,0,4,1,0)
761:(5,5,0,4,1,3)
762:(4,5,0,4,1,3)
763:(2,5,0,4,1,3)
764:(3,4,1,4,1,3)
765:(3,4,0,4,1,3)
766:(3,4,1,4,4,3)
767:(3,4,0,4,4,3)
768:(3,4,1,1,4,3)
769:(3,4,0,1,4,3)
770:(3,5,1,1,4,3)
771:(3,5,0,1,4,3)
772:(3,5,0,1,4,0)
773:(5,5,0,1,4,3)
774:(4,5,0,1,4,3)
775:(2,5,0,1,4,3)
776:(3,3,1,1,4,3)
777:(3,3,0,1,4,3)
778:(3,3,1,3,4,3)
779:(3,3,0,3,4,3)
780:(3,3,1,3,4,1)
781:(3,3,0,3,4,1)
782:(3,5,1,3,4,1)
783:(3,5,0,3,4,1)
784:(5,5,0,3,4,1)
785:(4,5,0,3,4,1)
786:(2,5,0,3,4,1)
787:(3,4,1,3,4,1)
788:(3,4,0,3,4,1)
789:(3,4,1,3,4,4)
790:(3,4,0,3,4,4)
791:(3,4,1,3,1,4)
792:(3,4,0,3,1,4)
793:(3,5,1,3,1,4)
794:(3,5,0,3,1,4)
795:(3,5,0,0,1,4)
796:(5,5,0,3,1,4)
797:(4,5,0,3,1,4)
798:(2,5,0,3,1,4)
799:(3,3,1,3,1,4)
800:(3,3,0,3,1,4)
801:(3,3,1,3,3,4)
802:(3,3,0,3,3,4)
803:(3,3,1,1,3,4)
804:(3,3,0,1,3,4)
805:(3,5,1,1,3,4)
806:(3,5,0,1,3,4)
807:(3,5,0,1,0,4)
808:(5,5,0,1,3,4)
809:(4,5,0,1,3,4)
810:(2,5,0,1,3,4)
811:(3,4,1,1,3,4)
812:(3,4,0,1,3,4)
813:(3,4,1,4,3,4)
814:(3,4,0,4,3,4)
815:(3,4,1,4,3,1)
816:(3,4,0,4,3,1)
817:(3,2,1,4,3,1)
818:(3,2,0,4,3,1)
819:(3,2,1,4,3,2)
820:(3,2,0,4,3,2)
821:(3,4,1,4,3,2)
822:(3,4,0,4,3,2)
823:(3,4,1,1,3,2)
824:(3,4,0,1,3,2)
825:(3,5,1,1,3,2)
826:(3,5,0,1,3,2)
827:(3,5,0,1,0,2)
828:(5,5,0,1,3,2)
829:(4,5,0,1,3,2)
830:(2,5,0,1,3,2)
831:(3,3,1,1,3,2)
832:(3,3,0,1,3,2)
833:(3,3,1,3,3,2)
834:(3,3,0,3,3,2)
835:(3,3,1,3,1,2)
836:(3,3,0,3,1,2)
837:(3,5,1,3,1,2)
838:(3,5,0,3,1,2)
839:(3,5,0,0,1,2)
840:(5,5,0,3,1,2)
841:(4,5,0,3,1,2)
842:(2,5,0,3,1,2)
843:(3,4,1,3,1,2)
844:(3,4,0,3,1,2)
845:(3,4,1,3,4,2)
846:(3,4,0,3,4,2)
847:(3,3,1,3,4,2)
848:(3,3,0,3,4,2)
849:(3,3,1,1,4,2)
850:(5,3,0,1,4,2)
851:(5,5,1,1,4,2)
852:(5,5,0,1,4,2)
853:(5,3,1,3,4,2)
854:(5,3,0,3,4,2)
855:(5,3,1,1,4,2)
856:(5,4,1,3,4,2)
857:(5,4,0,3,4,2)
858:(5,4,1,3,1,2)
859:(5,4,0,3,1,2)
860:(5,5,1,3,1,2)
861:(5,3,1,3,1,2)
862:(5,3,0,3,1,2)
863:(5,3,1,3,3,2)
864:(5,3,0,3,3,2)
865:(5,3,1,1,3,2)
866:(5,3,0,1,3,2)
867:(5,5,1,1,3,2)
868:(5,4,1,1,3,2)
869:(5,4,0,1,3,2)
870:(5,4,1,4,3,2)
871:(5,4,0,4,3,2)
872:(5,3,1,4,3,2)
873:(5,3,0,4,3,2)
874:(5,3,1,4,1,2)
875:(5,3,0,4,1,2)
876:(5,5,1,4,1,2)
877:(5,5,0,4,1,2)
878:(5,4,1,4,1,2)
879:(5,4,0,4,1,2)
880:(5,4,1,4,4,2)
881:(5,4,0,4,4,2)
882:(5,4,1,1,4,2)
883:(5,4,0,1,4,2)
884:(5,2,1,1,4,2)
885:(5,2,0,1,4,2)
886:(5,2,1,2,4,2)
887:(5,2,0,2,4,2)
888:(5,2,1,2,4,1)
889:(5,2,0,2,4,1)
890:(5,5,1,2,4,1)
891:(5,4,1,2,4,1)
892:(5,4,0,2,4,1)
893:(5,4,1,2,4,4)
894:(5,4,0,2,4,4)
895:(5,4,1,2,1,4)
896:(5,4,0,2,1,4)
897:(5,5,1,2,1,4)
898:(5,3,1,2,1,4)
899:(5,3,0,2,1,4)
900:(5,3,1,2,3,4)
901:(5,3,0,2,3,4)
902:(5,4,1,2,3,4)
903:(5,4,0,2,3,4)
904:(5,4,1,2,3,1)
905:(5,4,0,2,3,1)
906:(5,5,1,2,3,1)
907:(5,3,1,2,3,1)
908:(5,3,0,2,3,1)
909:(5,3,1,2,3,3)
910:(5,3,0,2,3,3)
911:(5,3,1,2,1,3)
912:(5,3,0,2,1,3)
913:(5,5,1,2,1,3)
914:(5,4,1,2,1,3)
915:(5,4,0,2,1,3)
916:(5,4,1,2,4,3)
917:(5,4,0,2,4,3)
918:(5,3,1,2,4,3)
919:(5,3,0,2,4,3)
920:(5,3,1,2,4,1)
921:(5,3,0,2,4,1)
922:(5,2,1,2,4,3)
923:(5,2,0,2,4,3)
924:(5,2,1,1,4,3)
925:(5,2,0,1,4,3)
926:(5,5,1,1,4,3)
927:(5,4,1,1,4,3)
928:(5,4,0,1,4,3)
929:(5,4,1,4,4,3)
930:(5,4,0,4,4,3)
931:(5,4,1,4,1,3)
932:(5,4,0,4,1,3)
933:(5,5,1,4,1,3)
934:(5,3,1,4,1,3)
935:(5,3,0,4,1,3)
936:(5,3,1,4,3,3)
937:(5,3,0,4,3,3)
938:(5,3,1,4,3,1)
939:(5,3,0,4,3,1)
940:(5,5,1,4,3,1)
941:(5,4,1,4,3,1)
942:(5,4,0,4,3,1)
943:(5,4,1,4,3,4)
944:(5,4,0,4,3,4)
945:(5,4,1,1,3,4)
946:(5,4,0,1,3,4)
947:(5,5,1,1,3,4)
948:(5,3,1,1,3,4)
949:(5,3,0,1,3,4)
950:(5,3,1,3,3,4)
951:(5,3,0,3,3,4)
952:(5,3,1,3,1,4)
953:(5,3,0,3,1,4)
954:(5,5,1,3,1,4)
955:(5,4,1,3,1,4)
956:(5,4,0,3,1,4)
957:(5,4,1,3,4,4)
958:(5,4,0,3,4,4)
959:(5,4,1,3,4,1)
960:(5,4,0,3,4,1)
961:(5,5,1,3,4,1)
962:(5,3,1,3,4,1)
963:(5,3,0,3,4,1)
964:(5,3,1,3,4,3)
965:(5,3,0,3,4,3)
966:(5,3,1,1,4,3)
967:(5,3,0,1,4,3)
968:(5,4,1,3,4,3)
969:(5,4,0,3,4,3)
970:(5,4,1,3,1,3)
971:(5,4,0,3,1,3)
972:(5,5,1,3,1,3)
973:(5,5,0,3,1,3)
974:(5,3,1,3,1,3)
975:(5,3,0,3,1,3)
976:(5,3,1,3,3,3)
977:(5,3,0,3,3,3)
978:(5,3,1,3,3,1)
979:(5,3,0,3,3,1)
980:(5,5,1,3,3,1)
981:(5,5,0,3,3,1)
982:(5,4,1,3,3,1)
983:(5,4,0,3,3,1)
984:(5,4,1,3,3,4)
985:(5,4,0,3,3,4)
986:(5,2,1,3,3,4)
987:(5,2,0,3,3,4)
988:(5,2,1,3,3,1)
989:(5,2,0,3,3,1)
990:(5,2,1,3,3,2)
991:(5,2,0,3,3,2)
992:(5,4,1,3,3,2)
993:(5,4,0,3,3,2)
994:(5,3,1,1,3,3)
995:(5,3,0,1,3,3)
996:(5,5,1,1,3,3)
997:(5,5,0,1,3,3)
998:(5,4,1,1,3,3)
999:(5,4,0,1,3,3)
1000:(5,4,1,4,3,3)
1001:(5,4,0,4,3,3)
1002:(5,2,1,4,3,3)
1003:(5,2,0,4,3,3)
1004:(5,2,1,1,3,3)
1005:(5,2,0,1,3,3)
1006:(5,2,1,2,3,3)
1007:(5,2,0,2,3,3)
1008:(5,4,1,2,3,3)
1009:(5,4,0,2,3,3)
1010:(5,4,1,3,3,3)
1011:(5,4,0,3,3,3)
1012:(5,2,1,3,3,3)
1013:(5,2,0,3,3,3)
1014:(5,2,1,3,1,3)
1015:(5,2,0,3,1,3)
1016:(5,2,1,3,2,3)
1017:(5,2,0,3,2,3)
1018:(5,4,1,3,2,3)
1019:(5,4,0,3,2,3)
1020:(5,3,1,3,2,3)
1021:(5,3,0,3,2,3)
1022:(5,3,1,3,2,1)
1023:(5,3,0,3,2,1)
1024:(5,5,1,3,2,1)
1025:(5,5,0,3,2,1)
1026:(5,4,1,3,2,1)
1027:(5,4,0,3,2,1)
1028:(5,4,1,3,2,4)
1029:(5,4,0,3,2,4)
1030:(5,3,1,3,2,4)
1031:(5,3,0,3,2,4)
1032:(5,3,1,1,2,4)
1033:(5,3,0,1,2,4)
1034:(5,5,1,1,2,4)
1035:(5,5,0,1,2,4)
1036:(5,4,1,1,2,4)
1037:(5,4,0,1,2,4)
1038:(5,4,1,4,2,4)
1039:(5,4,0,4,2,4)
1040:(5,4,1,4,2,1)
1041:(5,4,0,4,2,1)
1042:(5,5,1,4,2,1)
1043:(5,5,0,4,2,1)
1044:(5,3,1,4,2,1)
1045:(5,3,0,4,2,1)
1046:(5,3,1,4,2,3)
1047:(5,3,0,4,2,3)
1048:(5,4,1,4,2,3)
1049:(5,4,0,4,2,3)
1050:(5,4,1,1,2,3)
1051:(5,4,0,1,2,3)
1052:(5,5,1,1,2,3)
1053:(5,5,0,1,2,3)
1054:(5,3,1,1,2,3)
1055:(5,3,0,1,2,3)
1056:(5,2,1,1,2,3)
1057:(5,2,0,1,2,3)
1058:(5,2,1,2,2,3)
1059:(5,2,0,2,2,3)
1060:(5,2,1,2,1,3)
1061:(5,2,0,2,1,3)
1062:(5,4,1,2,2,3)
1063:(5,4,0,2,2,3)
1064:(5,3,1,2,2,3)
1065:(5,3,0,2,2,3)
1066:(5,3,1,2,2,1)
1067:(5,3,0,2,2,1)
1068:(5,5,1,2,2,1)
1069:(5,4,1,2,2,1)
1070:(5,4,0,2,2,1)
1071:(5,4,1,2,2,4)
1072:(5,4,0,2,2,4)
1073:(5,3,1,2,2,4)
1074:(5,3,0,2,2,4)
1075:(5,2,1,2,2,4)
1076:(5,2,0,2,2,4)
1077:(5,2,1,2,1,4)
1078:(5,2,0,2,1,4)
1079:(5,2,1,1,2,4)
1080:(5,2,0,1,2,4)
1081:(5,2,1,2,2,1)
1082:(5,2,0,2,2,1)
1083:(5,2,1,2,2,2)
1084:(5,2,0,2,2,2)
1085:(5,2,1,2,1,2)
1086:(5,2,0,2,1,2)
1087:(5,5,1,2,1,2)
1088:(5,4,1,2,1,2)
1089:(5,4,0,2,1,2)
1090:(5,4,1,2,4,2)
1091:(5,4,0,2,4,2)
1092:(5,3,1,2,4,2)
1093:(5,3,0,2,4,2)
1094:(5,3,1,2,1,2)
1095:(5,3,0,2,1,2)
1096:(5,3,1,2,3,2)
1097:(5,3,0,2,3,2)
1098:(5,4,1,2,3,2)
1099:(5,4,0,2,3,2)
1100:(5,2,1,2,3,2)
1101:(5,2,0,2,3,2)
1102:(5,2,1,2,3,1)
1103:(5,2,0,2,3,1)
1104:(5,2,1,1,3,2)
1105:(5,2,0,1,3,2)
1106:(5,2,1,1,2,2)
1107:(5,2,0,1,2,2)
1108:(5,5,1,1,2,2)
1109:(5,5,0,1,2,2)
1110:(5,4,1,1,2,2)
1111:(5,4,0,1,2,2)
1112:(5,4,1,4,2,2)
1113:(5,4,0,4,2,2)
1114:(5,3,1,4,2,2)
1115:(5,3,0,4,2,2)
1116:(5,2,1,4,2,2)
1117:(5,2,0,4,2,2)
1118:(5,2,1,4,2,1)
1119:(5,2,0,4,2,1)
1120:(5,2,1,4,1,2)
1121:(5,2,0,4,1,2)
1122:(5,3,1,1,2,2)
1123:(5,3,0,1,2,2)
1124:(5,3,1,3,2,2)
1125:(5,3,0,3,2,2)
1126:(5,4,1,3,2,2)
1127:(5,4,0,3,2,2)
1128:(5,2,1,3,2,2)
1129:(5,2,0,3,2,2)
1130:(5,2,1,3,2,1)
1131:(5,2,0,3,2,1)
1132:(5,2,1,3,1,2)
1133:(5,2,0,3,1,2)
1134:(5,4,1,2,2,2)
1135:(5,4,0,2,2,2)
1136:(5,3,1,2,2,2)
1137:(5,3,0,2,2,2)
1138:(5,2,1,4,2,3)
1139:(5,2,0,4,2,3)
1140:(5,2,1,4,1,3)
1141:(5,2,0,4,1,3)
1142:(5,3,1,4,2,4)
1143:(5,3,0,4,2,4)
1144:(5,2,1,4,2,4)
1145:(5,2,0,4,2,4)
1146:(5,2,1,4,1,4)
1147:(5,2,0,4,1,4)
1148:(5,5,1,4,1,4)
1149:(5,5,0,4,1,4)
1150:(5,4,1,4,1,4)
1151:(5,4,0,4,1,4)
1152:(5,4,1,4,4,4)
1153:(5,4,0,4,4,4)
1154:(5,4,1,4,4,1)
1155:(5,4,0,4,4,1)
1156:(5,5,1,4,4,1)
1157:(5,3,1,4,4,1)
1158:(5,3,0,4,4,1)
1159:(5,3,1,4,4,3)
1160:(5,3,0,4,4,3)
1161:(5,2,1,4,4,3)
1162:(5,2,0,4,4,3)
1163:(5,2,1,4,4,1)
1164:(5,2,0,4,4,1)
1165:(5,2,1,4,4,2)
1166:(5,2,0,4,4,2)
1167:(5,3,1,4,4,2)
1168:(5,3,0,4,4,2)
1169:(5,4,1,1,4,4)
1170:(5,4,0,1,4,4)
1171:(5,5,1,1,4,4)
1172:(5,5,0,1,4,4)
1173:(5,3,1,1,4,4)
1174:(5,3,0,1,4,4)
1175:(5,3,1,3,4,4)
1176:(5,3,0,3,4,4)
1177:(5,2,1,3,4,4)
1178:(5,2,0,3,4,4)
1179:(5,2,1,1,4,4)
1180:(5,2,0,1,4,4)
1181:(5,2,1,2,4,4)
1182:(5,2,0,2,4,4)
1183:(5,3,1,2,4,4)
1184:(5,3,0,2,4,4)
1185:(5,3,1,4,4,4)
1186:(5,3,0,4,4,4)
1187:(5,2,1,4,4,4)
1188:(5,2,0,4,4,4)
1189:(5,3,1,4,1,4)
1190:(5,3,0,4,1,4)
1191:(5,3,1,4,3,4)
1192:(5,3,0,4,3,4)
1193:(5,2,1,4,3,4)
1194:(5,2,0,4,3,4)
1195:(5,2,1,3,2,4)
1196:(5,2,0,3,2,4)
1197:(5,2,1,3,1,4)
1198:(5,2,0,3,1,4)
1199:(5,2,1,3,4,3)
1200:(5,2,0,3,4,3)
1201:(5,2,1,3,4,1)
1202:(5,2,0,3,4,1)
1203:(5,2,1,3,4,2)
1204:(5,2,0,3,4,2)
1205:(5,2,1,1,3,4)
1206:(5,2,0,1,3,4)
1207:(5,2,1,2,3,4)
1208:(5,2,0,2,3,4)
1209:(5,2,1,4,3,1)
1210:(5,2,0,4,3,1)
1211:(5,2,1,4,3,2)
1212:(5,2,0,4,3,2)
1213:(4,3,0,1,4,2)
1214:(4,5,1,1,4,2)
1215:(4,5,0,1,4,2)
1216:(4,5,0,1,0,2)
1217:(3,5,0,1,4,2)
1218:(2,5,0,1,4,2)
1219:(4,3,1,3,4,2)
1220:(4,3,0,3,4,2)
1221:(4,3,1,1,4,2)
1222:(4,3,0,1,0,2)
1223:(4,5,1,1,0,2)
1224:(2,5,0,1,0,2)
1225:(4,3,1,3,0,2)
1226:(4,3,0,3,0,2)
1227:(4,3,1,1,0,2)
1228:(3,3,0,1,0,2)
1229:(3,5,1,1,0,2)
1230:(3,3,1,3,0,2)
1231:(3,3,0,3,0,2)
1232:(3,3,1,1,0,2)
1233:(2,3,0,1,0,2)
1234:(2,5,1,1,0,2)
1235:(2,5,0,1,2,2)
1236:(2,3,1,3,0,2)
1237:(2,3,0,3,2,2)
1238:(2,3,1,1,2,2)
1239:(2,3,0,1,2,2)
1240:(2,5,1,1,2,2)
1241:(2,5,0,1,2,0)
1242:(4,5,0,1,2,2)
1243:(3,5,0,1,2,2)
1244:(2,3,1,3,2,2)
1245:(2,3,0,3,2,0)
1246:(2,3,1,1,2,0)
1247:(5,3,0,1,2,0)
1248:(5,5,1,1,2,0)
1249:(5,5,0,1,2,0)
1250:(5,3,1,3,2,0)
1251:(5,3,0,3,2,0)
1252:(5,3,1,1,2,0)
1253:(5,4,1,3,2,0)
1254:(5,4,0,3,2,0)
1255:(5,2,1,3,2,0)
1256:(5,2,0,3,2,0)
1257:(5,2,1,3,1,0)
1258:(5,2,0,3,1,0)
1259:(5,5,1,3,1,0)
1260:(5,5,0,3,1,0)
1261:(5,4,1,3,1,0)
1262:(5,4,0,3,1,0)
1263:(5,4,1,3,4,0)
1264:(5,4,0,3,4,0)
1265:(5,3,1,3,4,0)
1266:(5,3,0,3,4,0)
1267:(5,3,1,1,4,0)
1268:(5,3,0,1,4,0)
1269:(5,5,1,1,4,0)
1270:(5,5,0,1,4,0)
1271:(5,4,1,1,4,0)
1272:(5,4,0,1,4,0)
1273:(5,4,1,4,4,0)
1274:(5,4,0,4,4,0)
1275:(5,4,1,4,1,0)
1276:(5,4,0,4,1,0)
1277:(5,5,1,4,1,0)
1278:(5,5,0,4,1,0)
1279:(5,3,1,4,1,0)
1280:(5,3,0,4,1,0)
1281:(5,3,1,4,3,0)
1282:(5,3,0,4,3,0)
1283:(5,4,1,4,3,0)
1284:(5,4,0,4,3,0)
1285:(5,4,1,1,3,0)
1286:(5,4,0,1,3,0)
1287:(5,5,1,1,3,0)
1288:(5,5,0,1,3,0)
1289:(5,3,1,1,3,0)
1290:(5,3,0,1,3,0)
1291:(5,3,1,3,3,0)
1292:(5,3,0,3,3,0)
1293:(5,3,1,3,1,0)
1294:(5,3,0,3,1,0)
1295:(5,4,1,3,3,0)
1296:(5,4,0,3,3,0)
1297:(5,2,1,3,3,0)
1298:(5,2,0,3,3,0)
1299:(5,2,1,1,3,0)
1300:(5,2,0,1,3,0)
1301:(5,2,1,2,3,0)
1302:(5,2,0,2,3,0)
1303:(5,4,1,2,3,0)
1304:(5,4,0,2,3,0)
1305:(5,3,1,2,3,0)
1306:(5,3,0,2,3,0)
1307:(5,3,1,2,1,0)
1308:(5,3,0,2,1,0)
1309:(5,5,1,2,1,0)
1310:(5,5,0,2,1,0)
1311:(5,4,1,2,1,0)
1312:(5,4,0,2,1,0)
1313:(5,4,1,2,4,0)
1314:(5,4,0,2,4,0)
1315:(5,3,1,2,4,0)
1316:(5,3,0,2,4,0)
1317:(5,2,1,2,4,0)
1318:(5,2,0,2,4,0)
1319:(5,2,1,1,4,0)
1320:(5,2,0,1,4,0)
1321:(5,2,1,2,1,0)
1322:(5,2,0,2,1,0)
1323:(5,2,1,2,2,0)
1324:(5,2,0,2,2,0)
1325:(5,2,1,1,2,0)
1326:(5,2,0,1,2,0)
1327:(5,4,1,1,2,0)
1328:(5,4,0,1,2,0)
1329:(5,4,1,4,2,0)
1330:(5,4,0,4,2,0)
1331:(5,3,1,4,2,0)
1332:(5,3,0,4,2,0)
1333:(5,2,1,4,2,0)
1334:(5,2,0,4,2,0)
1335:(5,2,1,4,1,0)
1336:(5,2,0,4,1,0)
1337:(5,4,1,2,2,0)
1338:(5,4,0,2,2,0)
1339:(5,3,1,2,2,0)
1340:(5,3,0,2,2,0)
1341:(5,2,1,4,3,0)
1342:(5,2,0,4,3,0)
1343:(5,3,1,4,4,0)
1344:(5,3,0,4,4,0)
1345:(5,2,1,4,4,0)
1346:(5,2,0,4,4,0)
1347:(5,2,1,3,4,0)
1348:(5,2,0,3,4,0)
1349:(4,3,0,1,2,0)
1350:(4,5,1,1,2,0)
1351:(4,5,0,1,2,4)
1352:(4,5,0,1,2,0)
1353:(3,5,0,1,2,0)
1354:(4,3,1,3,2,0)
1355:(4,3,0,3,2,4)
1356:(4,3,1,1,2,4)
1357:(4,3,0,1,2,4)
1358:(4,5,1,1,2,4)
1359:(3,5,0,1,2,4)
1360:(2,5,0,1,2,4)
1361:(4,3,1,3,2,4)
1362:(4,3,0,3,2,0)
1363:(4,3,1,1,2,0)
1364:(3,3,0,1,2,0)
1365:(3,5,1,1,2,0)
1366:(3,5,0,1,2,3)
1367:(3,3,1,3,2,0)
1368:(3,3,0,3,2,3)
1369:(3,3,1,3,2,1)
1370:(3,3,0,3,2,1)
1371:(3,5,1,3,2,1)
1372:(3,5,0,3,2,1)
1373:(3,5,0,0,2,1)
1374:(4,5,0,3,2,1)
1375:(2,5,0,3,2,1)
1376:(3,3,1,3,2,3)
1377:(3,3,0,3,2,0)
1378:(3,3,1,1,2,0)
1379:(3,3,0,1,2,3)
1380:(3,5,1,1,2,3)
1381:(4,5,0,1,2,3)
1382:(2,5,0,1,2,3)
1383:(3,4,1,1,2,3)
1384:(3,4,0,1,2,3)
1385:(3,4,1,4,2,3)
1386:(3,4,0,4,2,3)
1387:(3,3,1,4,2,3)
1388:(3,3,0,4,2,3)
1389:(3,3,1,4,2,1)
1390:(4,3,0,4,2,1)
1391:(4,5,1,4,2,1)
1392:(4,5,0,4,2,1)
1393:(4,5,0,0,2,1)
1394:(3,5,0,4,2,1)
1395:(2,5,0,4,2,1)
1396:(4,3,1,4,2,3)
1397:(4,3,0,4,2,3)
1398:(4,3,1,4,2,1)
1399:(4,3,0,0,2,1)
1400:(4,5,1,0,2,1)
1401:(4,3,1,0,2,3)
1402:(4,3,0,0,2,3)
1403:(4,3,1,0,2,1)
1404:(3,3,0,0,2,1)
1405:(3,5,1,0,2,1)
1406:(3,3,1,0,2,3)
1407:(3,3,0,0,2,3)
1408:(3,3,1,0,2,1)
1409:(2,3,0,0,2,1)
1410:(2,5,1,0,2,1)
1411:(2,3,1,0,2,3)
1412:(2,3,0,2,2,3)
1413:(2,3,1,2,2,1)
1414:(2,3,0,2,2,1)
1415:(2,3,1,2,2,3)
1416:(2,3,0,2,0,3)
1417:(2,3,1,2,0,1)
1418:(4,3,0,2,0,1)
1419:(4,5,1,2,0,1)
1420:(4,5,0,2,0,1)
1421:(3,5,0,2,0,1)
1422:(4,3,1,2,0,3)
1423:(4,3,0,2,4,3)
1424:(4,3,1,2,4,1)
1425:(4,3,0,2,4,1)
1426:(4,5,1,2,4,1)
1427:(4,3,1,2,4,3)
1428:(4,3,0,2,0,3)
1429:(4,3,1,2,0,1)
1430:(3,3,0,2,0,1)
1431:(3,5,1,2,0,1)
1432:(3,3,1,2,0,3)
1433:(3,3,0,2,3,3)
1434:(3,3,1,2,3,1)
1435:(3,3,0,2,3,1)
1436:(3,5,1,2,3,1)
1437:(3,3,1,2,3,3)
1438:(3,3,0,2,3,0)
1439:(3,3,1,2,1,0)
1440:(3,3,0,2,1,3)
1441:(3,5,1,2,1,3)
1442:(3,5,0,2,1,0)
1443:(3,4,1,2,1,3)
1444:(3,4,0,2,1,3)
1445:(3,4,1,2,4,3)
1446:(3,4,0,2,4,3)
1447:(3,3,1,2,4,3)
1448:(3,3,0,2,4,3)
1449:(3,3,1,2,4,1)
1450:(3,3,0,2,4,1)
1451:(3,5,1,2,4,1)
1452:(3,4,1,2,4,1)
1453:(4,4,0,2,4,1)
1454:(4,4,1,2,4,4)
1455:(4,4,0,2,4,4)
1456:(4,4,1,2,4,1)
1457:(4,4,0,2,0,1)
1458:(4,4,1,2,0,4)
1459:(4,4,0,2,0,4)
1460:(4,4,1,2,0,1)
1461:(3,4,0,2,0,1)
1462:(3,4,1,2,0,4)
1463:(3,4,0,2,3,4)
1464:(3,4,1,2,3,1)
1465:(3,4,0,2,3,1)
1466:(3,4,1,2,3,4)
1467:(3,4,0,2,0,4)
1468:(3,4,1,2,0,1)
1469:(2,4,0,2,0,1)
1470:(2,5,1,2,0,1)
1471:(2,4,1,2,0,4)
1472:(2,4,0,2,2,4)
1473:(2,4,1,2,2,1)
1474:(2,4,0,2,2,1)
1475:(2,4,1,2,2,4)
1476:(2,4,0,2,0,4)
1477:(2,4,1,2,0,1)
1478:(2,3,1,2,0,4)
1479:(2,3,0,2,2,4)
1480:(2,3,1,2,2,4)
1481:(2,3,0,2,0,4)
1482:(2,2,1,2,0,4)
1483:(2,2,0,2,2,4)
1484:(2,2,1,2,1,4)
1485:(2,2,0,2,1,4)
1486:(2,2,1,2,2,4)
1487:(2,2,0,2,0,4)
1488:(2,2,1,1,0,4)
1489:(2,2,0,1,2,4)
1490:(2,5,1,1,2,4)
1491:(2,5,0,1,0,4)
1492:(2,4,1,1,2,4)
1493:(2,4,0,1,2,4)
1494:(2,4,1,4,2,4)
1495:(2,4,0,4,2,4)
1496:(2,4,1,4,2,1)
1497:(2,4,0,4,2,1)
1498:(2,5,1,4,2,1)
1499:(2,3,1,4,2,1)
1500:(2,3,0,4,2,1)
1501:(2,3,1,4,2,3)
1502:(2,3,0,4,2,3)
1503:(2,4,1,4,2,3)
1504:(2,4,0,4,2,3)
1505:(2,4,1,1,2,3)
1506:(2,4,0,1,2,3)
1507:(2,5,1,1,2,3)
1508:(2,5,0,1,0,3)
1509:(2,3,1,1,2,3)
1510:(2,3,0,1,2,3)
1511:(2,3,1,3,2,3)
1512:(2,3,0,3,2,3)
1513:(2,3,1,3,2,1)
1514:(2,3,0,3,2,1)
1515:(2,5,1,3,2,1)
1516:(2,5,0,3,0,1)
1517:(2,4,1,3,2,1)
1518:(2,4,0,3,2,1)
1519:(2,4,1,3,2,4)
1520:(2,4,0,3,2,4)
1521:(2,3,1,3,2,4)
1522:(2,3,0,3,2,4)
1523:(2,3,1,1,2,4)
1524:(2,3,0,1,2,4)
1525:(2,2,1,1,2,4)
1526:(2,2,0,1,0,4)
1527:(2,5,1,1,0,4)
1528:(4,5,0,1,0,4)
1529:(2,4,1,1,0,4)
1530:(4,4,0,1,0,4)
1531:(4,5,1,1,0,4)
1532:(4,5,0,1,4,4)
1533:(4,4,1,4,0,4)
1534:(4,4,0,4,4,4)
1535:(4,4,1,4,4,1)
1536:(4,4,0,4,4,1)
1537:(4,4,1,4,4,4)
1538:(4,4,0,4,4,0)
1539:(4,4,1,4,1,0)
1540:(4,4,0,4,1,4)
1541:(4,5,1,4,1,4)
1542:(4,5,0,4,1,4)
1543:(4,5,0,4,1,0)
1544:(4,5,0,0,1,4)
1545:(3,5,0,4,1,4)
1546:(2,5,0,4,1,4)
1547:(4,4,1,4,1,4)
1548:(4,4,0,4,1,0)
1549:(4,5,1,4,1,0)
1550:(2,5,0,4,1,0)
1551:(4,4,1,4,4,0)
1552:(3,4,0,4,4,0)
1553:(3,4,1,4,1,0)
1554:(3,4,0,4,1,0)
1555:(3,5,1,4,1,0)
1556:(3,4,1,4,4,0)
1557:(2,4,0,4,4,0)
1558:(2,4,1,4,1,0)
1559:(2,4,0,4,1,2)
1560:(2,5,1,4,1,2)
1561:(2,5,0,4,1,2)
1562:(4,5,0,4,1,2)
1563:(3,5,0,4,1,2)
1564:(2,4,1,4,4,2)
1565:(2,4,0,4,4,2)
1566:(2,4,1,4,1,2)
1567:(2,4,0,4,1,0)
1568:(2,5,1,4,1,0)
1569:(2,4,1,4,4,0)
1570:(2,3,1,4,1,0)
1571:(2,3,0,4,1,2)
1572:(2,3,1,4,3,2)
1573:(2,3,0,4,3,2)
1574:(2,3,1,4,1,2)
1575:(2,3,0,4,1,0)
1576:(2,3,1,4,3,0)
1577:(4,3,0,4,3,0)
1578:(4,3,1,4,1,0)
1579:(4,3,0,4,1,4)
1580:(4,3,1,4,3,4)
1581:(4,3,0,4,3,4)
1582:(4,3,1,4,1,4)
1583:(4,3,0,4,1,0)
1584:(4,3,1,4,3,0)
1585:(2,3,0,4,3,0)
1586:(2,4,1,4,3,0)
1587:(2,4,0,4,3,2)
1588:(2,4,1,1,3,2)
1589:(2,4,0,1,3,2)
1590:(2,5,1,1,3,2)
1591:(2,5,0,1,3,0)
1592:(2,4,1,4,3,2)
1593:(2,4,0,4,3,0)
1594:(2,4,1,1,3,0)
1595:(4,4,0,1,3,0)
1596:(4,5,1,1,3,0)
1597:(4,5,0,1,3,0)
1598:(3,5,0,1,3,0)
1599:(4,4,1,4,3,0)
1600:(4,4,0,4,3,4)
1601:(4,4,1,4,3,1)
1602:(4,4,0,4,3,1)
1603:(4,5,1,4,3,1)
1604:(4,5,0,0,3,1)
1605:(4,4,1,4,3,4)
1606:(4,4,0,4,3,0)
1607:(4,4,1,1,3,0)
1608:(4,4,0,1,3,4)
1609:(4,5,1,1,3,4)
1610:(4,4,1,1,3,4)
1611:(2,4,0,1,3,4)
1612:(2,5,1,1,3,4)
1613:(2,4,1,4,3,4)
1614:(2,4,0,4,3,4)
1615:(2,4,1,4,3,1)
1616:(2,4,0,4,3,1)
1617:(2,5,1,4,3,1)
1618:(2,3,1,4,3,1)
1619:(4,3,0,4,3,1)
1620:(4,3,1,4,3,3)
1621:(4,3,0,4,3,3)
1622:(4,3,1,4,3,1)
1623:(4,3,0,0,3,1)
1624:(4,5,1,0,3,1)
1625:(3,5,0,0,3,1)
1626:(4,3,1,0,3,3)
1627:(4,3,0,0,3,3)
1628:(4,3,1,0,3,1)
1629:(3,3,0,0,3,1)
1630:(3,5,1,0,3,1)
1631:(3,5,0,3,3,1)
1632:(3,3,1,0,3,3)
1633:(3,3,0,3,3,3)
1634:(3,3,1,3,3,1)
1635:(3,3,0,3,3,1)
1636:(3,5,1,3,3,1)
1637:(3,5,0,3,0,1)
1638:(4,5,0,3,3,1)
1639:(2,5,0,3,3,1)
1640:(3,3,1,3,3,3)
1641:(3,3,0,3,3,0)
1642:(3,3,1,3,1,0)
1643:(3,3,0,3,1,3)
1644:(3,5,1,3,1,3)
1645:(3,5,0,3,1,3)
1646:(3,5,0,3,1,0)
1647:(3,5,0,0,1,3)
1648:(4,5,0,3,1,3)
1649:(2,5,0,3,1,3)
1650:(3,4,1,3,1,3)
1651:(3,4,0,3,1,3)
1652:(3,4,1,3,4,3)
1653:(3,4,0,3,4,3)
1654:(3,2,1,3,4,3)
1655:(3,2,0,3,4,3)
1656:(3,2,0,3,4,0)
1657:(3,4,1,3,4,0)
1658:(4,4,0,3,4,0)
1659:(4,4,1,3,1,0)
1660:(4,4,0,3,1,4)
1661:(4,5,1,3,1,4)
1662:(4,5,0,3,1,0)
1663:(4,4,1,3,4,4)
1664:(4,4,0,3,4,4)
1665:(4,4,1,3,4,1)
1666:(4,4,0,3,4,1)
1667:(4,5,1,3,4,1)
1668:(4,5,0,3,0,1)
1669:(4,3,1,3,4,1)
1670:(4,3,0,3,4,1)
1671:(4,3,1,3,4,3)
1672:(4,3,0,3,4,3)
1673:(4,3,1,1,4,3)
1674:(4,3,0,1,4,3)
1675:(4,5,1,1,4,3)
1676:(4,5,0,1,0,3)
1677:(4,4,1,1,4,3)
1678:(4,4,0,1,4,3)
1679:(4,4,1,4,4,3)
1680:(4,4,0,4,4,3)
1681:(4,4,1,4,1,3)
1682:(4,4,0,4,1,3)
1683:(4,5,1,4,1,3)
1684:(4,5,0,0,1,3)
1685:(4,3,1,4,1,3)
1686:(4,3,0,4,1,3)
1687:(4,2,1,4,1,3)
1688:(4,2,0,4,1,3)
1689:(4,2,1,4,2,3)
1690:(4,2,0,4,2,3)
1691:(4,4,1,4,2,3)
1692:(4,4,0,4,2,3)
1693:(4,4,1,1,2,3)
1694:(4,4,0,1,2,3)
1695:(4,5,1,1,2,3)
1696:(4,3,1,1,2,3)
1697:(4,3,0,1,2,3)
1698:(4,3,1,3,2,3)
1699:(4,3,0,3,2,3)
1700:(4,3,1,3,2,1)
1701:(4,3,0,3,2,1)
1702:(4,5,1,3,2,1)
1703:(4,4,1,3,2,1)
1704:(4,4,0,3,2,1)
1705:(4,4,1,3,2,4)
1706:(4,4,0,3,2,4)
1707:(4,2,1,3,2,4)
1708:(4,2,0,3,2,4)
1709:(4,2,1,3,1,4)
1710:(4,2,0,3,1,4)
1711:(4,4,1,3,1,4)
1712:(4,4,0,3,1,0)
1713:(4,5,1,3,1,0)
1714:(2,5,0,3,1,0)
1715:(4,4,1,3,4,0)
1716:(3,4,0,3,4,0)
1717:(3,4,1,3,1,0)
1718:(3,4,0,3,1,0)
1719:(3,5,1,3,1,0)
1720:(3,2,1,3,1,0)
1721:(3,2,0,3,1,3)
1722:(3,2,1,3,2,3)
1723:(3,2,0,3,2,3)
1724:(3,2,1,3,1,3)
1725:(3,2,0,3,1,0)
1726:(3,2,1,3,2,0)
1727:(4,2,0,3,2,0)
1728:(4,2,1,3,1,0)
1729:(4,2,0,3,1,0)
1730:(4,2,1,3,2,0)
1731:(3,2,0,3,2,0)
1732:(3,4,1,3,2,0)
1733:(3,4,0,3,2,3)
1734:(3,4,1,3,2,3)
1735:(3,4,0,3,2,0)
1736:(3,4,0,0,2,3)
1737:(3,4,1,0,2,3)
1738:(4,4,0,0,2,3)
1739:(4,4,1,0,2,3)
1740:(2,4,0,0,2,3)
1741:(2,4,1,0,2,3)
1742:(2,4,0,2,2,3)
1743:(2,4,1,2,2,3)
1744:(2,4,0,2,0,3)
1745:(2,4,1,2,0,3)
1746:(4,4,0,2,0,3)
1747:(4,4,1,2,0,3)
1748:(4,4,0,2,4,3)
1749:(4,4,1,2,1,3)
1750:(4,4,0,2,1,3)
1751:(4,5,1,2,1,3)
1752:(4,4,1,2,4,3)
1753:(4,3,1,2,1,3)
1754:(4,3,0,2,1,3)
1755:(4,3,1,2,3,3)
1756:(4,3,0,2,3,3)
1757:(4,3,1,2,3,1)
1758:(4,3,0,2,3,1)
1759:(4,5,1,2,3,1)
1760:(4,4,1,2,3,1)
1761:(4,4,0,2,3,1)
1762:(4,4,1,2,3,4)
1763:(4,4,0,2,3,4)
1764:(4,3,1,2,3,4)
1765:(4,3,0,2,3,4)
1766:(4,3,1,2,1,4)
1767:(4,3,0,2,1,4)
1768:(4,5,1,2,1,4)
1769:(4,5,0,2,1,0)
1770:(4,4,1,2,1,4)
1771:(4,4,0,2,1,4)
1772:(4,2,1,2,1,4)
1773:(4,2,0,2,1,4)
1774:(4,2,1,2,2,4)
1775:(4,2,0,2,2,4)
1776:(4,2,1,1,2,4)
1777:(4,2,0,1,2,4)
1778:(4,4,1,1,2,4)
1779:(4,4,0,1,2,4)
1780:(4,4,1,4,2,4)
1781:(4,4,0,4,2,4)
1782:(4,4,1,4,2,1)
1783:(4,4,0,4,2,1)
1784:(4,2,1,4,2,1)
1785:(4,2,0,4,2,1)
1786:(4,2,1,4,2,2)
1787:(4,2,0,4,2,2)
1788:(4,2,1,4,1,2)
1789:(4,2,0,4,1,2)
1790:(4,5,1,4,1,2)
1791:(4,5,0,0,1,2)
1792:(4,4,1,4,1,2)
1793:(4,4,0,4,1,2)
1794:(4,4,1,4,4,2)
1795:(4,4,0,4,4,2)
1796:(4,4,1,1,4,2)
1797:(4,4,0,1,4,2)
1798:(4,2,1,1,4,2)
1799:(4,2,0,1,4,2)
1800:(4,2,1,2,4,2)
1801:(4,2,0,2,4,2)
1802:(4,2,1,2,4,1)
1803:(4,2,0,2,4,1)
1804:(4,2,0,2,0,1)
1805:(4,2,1,2,0,2)
1806:(4,2,0,2,0,2)
1807:(4,2,1,2,0,1)
1808:(3,2,0,2,0,1)
1809:(3,2,1,2,0,2)
1810:(3,2,0,2,3,2)
1811:(3,2,1,2,3,1)
1812:(3,2,0,2,3,1)
1813:(3,2,1,2,3,2)
1814:(3,2,0,2,0,2)
1815:(3,2,1,2,0,1)
1816:(2,2,0,2,0,1)
1817:(2,2,1,2,0,2)
1818:(2,2,0,2,0,2)
1819:(2,2,1,2,0,1)
1820:(2,2,1,1,0,2)
1821:(2,2,0,1,2,2)
1822:(2,4,1,1,2,2)
1823:(2,4,0,1,2,2)
1824:(2,4,1,4,2,2)
1825:(2,4,0,4,2,2)
1826:(2,3,1,4,2,2)
1827:(2,3,0,4,2,2)
1828:(2,2,1,4,2,2)
1829:(2,2,0,4,2,2)
1830:(2,2,1,4,2,1)
1831:(2,2,0,4,2,1)
1832:(2,2,0,4,0,1)
1833:(2,5,1,4,0,1)
1834:(2,2,1,4,0,2)
1835:(4,2,0,4,0,2)
1836:(4,2,1,4,0,1)
1837:(4,2,0,4,4,1)
1838:(4,2,1,4,4,2)
1839:(4,2,0,4,4,2)
1840:(4,2,1,4,4,1)
1841:(4,2,0,4,0,1)
1842:(4,2,1,4,0,2)
1843:(3,2,0,4,0,2)
1844:(3,2,1,4,0,1)
1845:(3,2,0,4,0,1)
1846:(3,2,1,4,0,2)
1847:(2,2,0,4,0,2)
1848:(2,2,1,4,0,1)
1849:(2,4,1,4,0,2)
1850:(4,4,0,4,0,2)
1851:(4,4,1,1,0,2)
1852:(4,4,0,1,0,2)
1853:(4,4,1,4,0,2)
1854:(3,4,0,4,0,2)
1855:(3,4,1,1,0,2)
1856:(3,4,0,1,0,2)
1857:(3,4,1,4,0,2)
1858:(2,4,0,4,0,2)
1859:(2,4,1,1,0,2)
1860:(2,4,0,1,0,2)
1861:(2,3,1,1,0,2)
1862:(2,3,1,4,0,2)
1863:(4,3,0,4,0,2)
1864:(4,3,1,4,0,2)
1865:(4,3,0,4,4,2)
1866:(4,3,1,4,4,2)
1867:(4,3,0,0,4,2)
1868:(4,4,1,0,4,2)
1869:(4,4,0,0,4,2)
1870:(4,4,1,0,1,2)
1871:(4,4,0,0,1,2)
1872:(4,5,1,0,1,2)
1873:(4,3,1,0,1,2)
1874:(4,3,0,4,1,2)
1875:(4,3,1,4,3,2)
1876:(4,3,0,4,3,2)
1877:(4,3,1,4,1,2)
1878:(4,3,0,0,1,2)
1879:(4,3,1,0,3,2)
1880:(4,3,0,0,3,2)
1881:(4,4,1,0,3,2)
1882:(4,4,0,4,3,2)
1883:(4,4,1,1,3,2)
1884:(4,4,0,1,3,2)
1885:(4,5,1,1,3,2)
1886:(4,4,1,4,3,2)
1887:(4,4,0,0,3,2)
1888:(4,2,1,0,3,2)
1889:(4,2,0,4,3,2)
1890:(4,2,1,4,3,1)
1891:(4,2,0,4,3,1)
1892:(4,2,1,4,3,2)
1893:(4,2,0,0,3,2)
1894:(4,2,1,0,3,1)
1895:(4,2,0,0,3,1)
1896:(4,4,1,0,3,1)
1897:(4,4,0,0,3,1)
1898:(4,4,1,0,3,4)
1899:(4,4,0,0,3,4)
1900:(4,3,1,0,3,4)
1901:(4,3,0,0,3,4)
1902:(4,3,1,0,1,4)
1903:(4,3,0,0,1,4)
1904:(4,5,1,0,1,4)
1905:(4,4,1,0,1,4)
1906:(4,4,0,0,1,4)
1907:(4,4,1,0,4,4)
1908:(4,4,0,0,4,4)
1909:(4,4,1,0,4,1)
1910:(4,4,0,0,4,1)
1911:(4,5,1,0,4,1)
1912:(4,2,1,0,4,1)
1913:(4,2,0,0,4,1)
1914:(4,2,1,0,4,2)
1915:(4,2,0,0,4,2)
1916:(4,3,1,0,4,2)
1917:(3,3,0,0,4,2)
1918:(3,4,1,0,4,2)
1919:(3,4,0,0,4,2)
1920:(3,4,1,0,1,2)
1921:(3,4,0,0,1,2)
1922:(3,5,1,0,1,2)
1923:(3,3,1,0,1,2)
1924:(3,3,0,0,1,2)
1925:(3,3,1,0,3,2)
1926:(3,3,0,0,3,2)
1927:(3,4,1,0,3,2)
1928:(3,4,0,3,3,2)
1929:(3,4,1,3,3,2)
1930:(3,4,0,3,0,2)
1931:(3,4,1,3,0,2)
1932:(4,4,0,3,0,2)
1933:(4,4,1,3,0,2)
1934:(4,4,0,3,4,2)
1935:(4,4,1,3,1,2)
1936:(4,4,0,3,1,2)
1937:(4,5,1,3,1,2)
1938:(4,4,1,3,4,2)
1939:(2,4,0,3,4,2)
1940:(2,4,1,3,1,2)
1941:(2,4,0,3,1,2)
1942:(2,5,1,3,1,2)
1943:(2,4,1,3,4,2)
1944:(2,4,0,3,4,0)
1945:(2,4,1,3,1,0)
1946:(2,4,0,3,1,0)
1947:(2,5,1,3,1,0)
1948:(2,4,1,3,4,0)
1949:(2,3,1,3,1,0)
1950:(2,3,0,3,1,2)
1951:(2,3,1,3,3,2)
1952:(2,3,0,3,3,2)
1953:(2,3,1,3,1,2)
1954:(2,3,0,3,1,0)
1955:(2,3,1,3,3,0)
1956:(4,3,0,3,3,0)
1957:(4,3,1,3,1,0)
1958:(4,3,0,3,1,4)
1959:(4,3,1,3,3,4)
1960:(4,3,0,3,3,4)
1961:(4,3,1,3,1,4)
1962:(4,3,0,3,1,0)
1963:(4,3,1,3,3,0)
1964:(2,3,0,3,3,0)
1965:(2,3,1,1,3,0)
1966:(2,3,0,1,3,2)
1967:(2,3,1,1,3,2)
1968:(2,3,0,1,3,0)
1969:(2,5,1,1,3,0)
1970:(2,2,1,1,3,0)
1971:(2,2,0,1,3,2)
1972:(2,2,1,2,3,2)
1973:(2,2,0,2,3,2)
1974:(2,2,1,2,3,1)
1975:(2,2,0,2,3,1)
1976:(2,2,0,0,3,1)
1977:(2,5,1,0,3,1)
1978:(2,2,1,0,3,2)
1979:(3,2,0,0,3,2)
1980:(3,2,1,0,3,1)
1981:(3,2,0,3,3,1)
1982:(3,2,1,3,3,2)
1983:(3,2,0,3,3,2)
1984:(3,2,1,3,3,1)
1985:(3,2,0,3,0,1)
1986:(3,5,1,3,0,1)
1987:(3,2,1,3,0,2)
1988:(4,2,0,3,0,2)
1989:(4,2,1,3,0,1)
1990:(4,2,0,3,4,1)
1991:(4,2,1,3,4,2)
1992:(4,2,0,3,4,2)
1993:(4,2,1,3,4,1)
1994:(4,2,0,3,0,1)
1995:(4,5,1,3,0,1)
1996:(4,2,1,3,0,2)
1997:(3,2,0,3,0,2)
1998:(3,2,1,3,0,1)
1999:(2,2,0,3,0,1)
2000:(2,5,1,3,0,1)
2001:(2,2,1,3,0,2)
2002:(2,2,0,3,2,2)
2003:(2,2,1,3,2,1)
2004:(2,2,0,3,2,1)
2005:(2,2,1,3,2,2)
2006:(2,2,0,3,2,0)
2007:(2,2,1,3,1,0)
2008:(2,2,0,3,1,2)
2009:(2,2,1,3,1,2)
2010:(2,2,0,3,1,0)
2011:(2,2,1,3,2,0)
2012:(4,2,0,3,1,2)
2013:(4,2,1,3,2,2)
2014:(4,2,0,3,2,2)
2015:(4,2,1,3,2,1)
2016:(4,2,0,3,2,1)
2017:(3,2,0,3,2,1)
2018:(3,2,1,3,2,2)
2019:(3,2,0,3,2,2)
2020:(3,2,1,3,2,1)
2021:(3,2,0,0,2,1)
2022:(3,2,1,0,2,2)
2023:(4,2,0,0,2,2)
2024:(4,2,1,0,2,1)
2025:(4,2,0,0,2,1)
2026:(4,2,1,0,2,2)
2027:(3,2,0,0,2,2)
2028:(3,2,1,0,2,1)
2029:(2,2,0,0,2,1)
2030:(2,2,1,0,2,2)
2031:(2,2,0,0,2,2)
2032:(2,2,1,0,2,1)
2033:(2,2,1,0,1,2)
2034:(4,2,0,0,1,2)
2035:(4,2,1,0,1,2)
2036:(3,2,0,0,1,2)
2037:(3,2,1,0,1,2)
2038:(3,2,0,3,1,2)
2039:(3,2,1,3,1,2)
2040:(2,2,0,0,1,2)
2041:(2,5,1,0,1,2)
2042:(2,4,1,0,1,2)
2043:(2,4,0,0,1,2)
2044:(2,4,1,0,4,2)
2045:(2,4,0,0,4,2)
2046:(2,3,1,0,4,2)
2047:(2,3,0,0,4,2)
2048:(2,2,1,0,4,2)
2049:(3,2,0,0,4,2)
2050:(3,2,1,0,4,1)
2051:(3,2,0,3,4,1)
2052:(3,2,1,3,4,2)
2053:(3,2,0,3,4,2)
2054:(3,2,1,3,4,1)
2055:(3,2,0,0,4,1)
2056:(3,5,1,0,4,1)
2057:(3,2,1,0,4,2)
2058:(2,2,0,0,4,2)
2059:(2,2,1,0,4,1)
2060:(2,2,0,0,4,1)
2061:(2,4,1,0,4,1)
2062:(3,4,0,0,4,1)
2063:(3,4,1,0,4,4)
2064:(3,4,0,0,4,4)
2065:(3,4,1,0,4,1)
2066:(2,4,0,0,4,1)
2067:(2,4,1,0,4,4)
2068:(2,4,0,0,4,4)
2069:(2,4,1,0,1,4)
2070:(3,4,0,0,1,4)
2071:(3,5,1,0,1,4)
2072:(3,4,1,0,1,4)
2073:(2,4,0,0,1,4)
2074:(2,5,1,0,1,4)
2075:(2,3,1,0,1,4)
2076:(3,3,0,0,1,4)
2077:(3,3,1,0,3,4)
2078:(3,3,0,0,3,4)
2079:(3,3,1,0,1,4)
2080:(2,3,0,0,1,4)
2081:(2,3,1,0,3,4)
2082:(2,3,0,0,3,4)
2083:(2,4,1,0,3,4)
2084:(3,4,0,0,3,4)
2085:(3,4,1,0,3,1)
2086:(3,4,0,3,3,1)
2087:(3,4,1,3,3,4)
2088:(3,4,0,3,3,4)
2089:(3,4,1,3,3,1)
2090:(3,4,0,3,0,1)
2091:(3,4,1,3,0,4)
2092:(4,4,0,3,0,4)
2093:(4,4,1,3,0,1)
2094:(4,4,0,3,0,1)
2095:(4,4,1,3,0,4)
2096:(3,4,0,3,0,4)
2097:(3,4,1,3,0,1)
2098:(2,4,0,3,0,1)
2099:(2,4,1,3,0,4)
2100:(2,4,0,3,0,4)
2101:(2,4,1,3,0,1)
2102:(2,3,1,3,0,4)
2103:(4,3,0,3,0,4)
2104:(4,3,1,1,0,4)
2105:(4,3,0,1,4,4)
2106:(4,5,1,1,4,4)
2107:(4,5,0,1,4,0)
2108:(3,5,0,1,4,4)
2109:(2,5,0,1,4,4)
2110:(4,3,1,3,4,4)
2111:(4,3,0,3,4,4)
2112:(4,3,1,1,4,4)
2113:(4,3,0,1,4,0)
2114:(4,5,1,1,4,0)
2115:(2,5,0,1,4,0)
2116:(4,3,1,3,4,0)
2117:(4,3,0,3,4,0)
2118:(4,3,1,1,4,0)
2119:(3,3,0,1,4,0)
2120:(3,5,1,1,4,0)
2121:(3,3,1,3,4,0)
2122:(3,3,0,3,4,0)
2123:(3,3,1,1,4,0)
2124:(2,3,0,1,4,0)
2125:(2,5,1,1,4,0)
2126:(2,3,1,3,4,0)
2127:(2,3,0,3,4,2)
2128:(2,3,1,1,4,2)
2129:(2,3,0,1,4,2)
2130:(2,5,1,1,4,2)
2131:(2,3,1,3,4,2)
2132:(2,3,0,3,4,0)
2133:(2,3,1,1,4,0)
2134:(2,2,1,3,4,0)
2135:(2,2,0,3,4,2)
2136:(2,2,1,3,4,1)
2137:(2,2,0,3,4,1)
2138:(2,5,1,3,4,1)
2139:(2,2,1,3,4,2)
2140:(2,2,0,3,4,0)
2141:(2,4,1,3,4,1)
2142:(2,4,0,3,4,1)
2143:(2,4,1,3,4,4)
2144:(2,4,0,3,4,4)
2145:(2,4,1,3,1,4)
2146:(2,4,0,3,1,4)
2147:(2,5,1,3,1,4)
2148:(2,3,1,3,1,4)
2149:(2,3,0,3,1,4)
2150:(2,3,1,3,3,4)
2151:(2,3,0,3,3,4)
2152:(2,3,1,1,3,4)
2153:(4,3,0,1,3,4)
2154:(4,3,1,1,3,4)
2155:(4,3,0,1,3,0)
2156:(4,3,1,1,3,0)
2157:(3,3,0,1,3,0)
2158:(3,5,1,1,3,0)
2159:(3,5,0,1,3,3)
2160:(3,3,1,3,3,0)
2161:(3,4,1,1,3,0)
2162:(3,4,0,1,3,3)
2163:(3,5,1,1,3,3)
2164:(3,5,0,1,0,3)
2165:(4,5,0,1,3,3)
2166:(2,5,0,1,3,3)
2167:(3,4,1,4,3,3)
2168:(3,4,0,4,3,3)
2169:(3,4,1,1,3,3)
2170:(3,4,0,1,3,0)
2171:(3,4,1,4,3,0)
2172:(3,4,0,4,3,0)
2173:(3,3,1,4,3,0)
2174:(3,2,1,4,3,0)
2175:(3,2,0,4,3,3)
2176:(3,2,1,4,3,3)
2177:(3,2,0,4,3,0)
2178:(3,2,0,4,0,3)
2179:(3,4,1,4,0,3)
2180:(4,4,0,4,0,3)
2181:(4,4,1,1,0,3)
2182:(4,4,0,1,0,3)
2183:(4,5,1,1,0,3)
2184:(4,4,1,4,0,3)
2185:(3,4,0,4,0,3)
2186:(3,4,1,1,0,3)
2187:(3,4,0,1,0,3)
2188:(3,5,1,1,0,3)
2189:(3,3,1,1,0,3)
2190:(3,3,0,1,3,3)
2191:(3,3,1,1,3,3)
2192:(3,3,0,1,0,3)
2193:(3,3,1,3,0,3)
2194:(4,3,0,3,0,3)
2195:(4,3,1,3,0,1)
2196:(4,3,0,3,0,1)
2197:(4,3,1,3,0,3)
2198:(3,3,0,3,0,3)
2199:(3,3,1,3,0,1)
2200:(3,3,0,3,0,1)
2201:(2,3,0,3,0,1)
2202:(2,3,1,3,0,3)
2203:(2,3,0,3,0,3)
2204:(2,3,1,3,0,1)
2205:(2,3,1,1,0,3)
2206:(4,3,0,1,0,3)
2207:(4,3,1,1,0,3)
2208:(2,3,0,1,0,3)
2209:(2,5,1,1,0,3)
2210:(2,4,1,1,0,3)
2211:(2,4,0,1,0,3)
2212:(2,4,1,4,0,3)
2213:(2,4,0,4,0,3)
2214:(2,3,1,4,0,3)
2215:(3,3,0,4,0,3)
2216:(3,3,1,4,0,1)
2217:(2,3,0,4,0,1)
2218:(2,4,1,4,0,1)
2219:(4,4,0,4,0,1)
2220:(4,4,1,4,0,1)
2221:(3,4,0,4,0,1)
2222:(3,4,1,4,0,4)
2223:(4,4,0,4,0,4)
2224:(4,4,1,1,0,4)
2225:(4,4,0,1,4,4)
2226:(4,4,1,1,4,4)
2227:(4,4,0,1,4,0)
2228:(4,4,1,1,4,0)
2229:(3,4,0,1,4,0)
2230:(3,4,1,1,4,0)
2231:(2,4,0,1,4,0)
2232:(2,4,1,1,4,0)
2233:(2,4,0,1,4,2)
2234:(2,4,1,1,4,2)
2235:(3,4,0,1,4,2)
2236:(3,5,1,1,4,2)
2237:(3,4,1,4,4,2)
2238:(3,4,0,4,4,2)
2239:(3,4,1,4,1,2)
2240:(3,4,0,4,1,2)
2241:(3,5,1,4,1,2)
2242:(3,3,1,4,1,2)
2243:(3,3,0,4,1,2)
2244:(3,3,1,4,3,2)
2245:(3,3,0,4,3,2)
2246:(3,3,0,4,0,2)
2247:(3,3,1,4,0,2)
2248:(2,3,0,4,0,2)
2249:(3,2,1,4,1,2)
2250:(3,2,0,4,1,2)
2251:(3,2,1,4,2,2)
2252:(3,2,0,4,2,2)
2253:(3,2,1,4,2,1)
2254:(3,2,0,4,2,1)
2255:(3,5,1,4,2,1)
2256:(3,4,1,4,2,1)
2257:(3,4,0,4,2,1)
2258:(3,4,1,4,2,4)
2259:(3,4,0,4,2,4)
2260:(3,4,1,1,2,4)
2261:(3,4,0,1,2,4)
2262:(3,5,1,1,2,4)
2263:(3,3,1,1,2,4)
2264:(3,3,0,1,2,4)
2265:(3,3,1,3,2,4)
2266:(3,3,0,3,2,4)
2267:(3,4,1,3,2,4)
2268:(3,4,0,3,2,4)
2269:(3,4,1,3,2,1)
2270:(3,4,0,3,2,1)
2271:(3,4,0,0,2,1)
2272:(3,4,1,0,2,4)
2273:(4,4,0,0,2,4)
2274:(4,4,1,0,2,1)
2275:(4,4,0,0,2,1)
2276:(4,4,1,0,2,4)
2277:(3,4,0,0,2,4)
2278:(3,4,1,0,2,1)
2279:(2,4,0,0,2,1)
2280:(2,4,1,0,2,4)
2281:(2,4,0,0,2,4)
2282:(2,4,1,0,2,1)
2283:(2,3,1,0,2,4)
2284:(4,3,0,0,2,4)
2285:(4,3,1,0,2,4)
2286:(4,3,0,4,2,4)
2287:(4,3,1,4,2,4)
2288:(4,3,0,4,2,0)
2289:(4,4,1,4,2,0)
2290:(4,4,0,4,2,0)
2291:(4,4,1,1,2,0)
2292:(4,4,0,1,2,0)
2293:(4,2,1,1,2,0)
2294:(4,2,0,1,2,0)
2295:(4,2,1,2,2,0)
2296:(4,2,0,2,2,0)
2297:(4,2,1,2,1,0)
2298:(4,2,0,2,1,0)
2299:(4,5,1,2,1,0)
2300:(4,4,1,2,1,0)
2301:(4,4,0,2,1,0)
2302:(4,4,1,2,4,0)
2303:(4,4,0,2,4,0)
2304:(4,3,1,2,4,0)
2305:(4,3,0,2,4,4)
2306:(4,3,1,2,4,4)
2307:(4,3,0,2,4,0)
2308:(4,2,1,2,4,0)
2309:(4,2,0,2,4,4)
2310:(4,2,1,1,4,4)
2311:(4,2,0,1,4,4)
2312:(4,2,1,2,4,4)
2313:(4,2,0,2,4,0)
2314:(4,2,1,1,4,0)
2315:(4,2,0,1,4,0)
2316:(3,2,0,1,4,0)
2317:(3,2,1,2,4,0)
2318:(3,2,0,2,4,3)
2319:(3,2,1,1,4,3)
2320:(3,2,0,1,4,3)
2321:(3,2,1,2,4,3)
2322:(3,2,0,2,4,0)
2323:(3,2,1,1,4,0)
2324:(2,2,0,1,4,0)
2325:(2,2,1,2,4,0)
2326:(2,2,0,2,4,0)
2327:(2,2,1,1,4,0)
2328:(2,2,0,1,4,2)
2329:(2,2,1,1,4,2)
2330:(3,2,0,1,4,2)
2331:(3,2,1,2,4,2)
2332:(3,2,0,2,4,2)
2333:(3,2,1,2,4,1)
2334:(3,2,0,2,4,1)
2335:(3,2,1,1,4,2)
2336:(3,4,1,2,4,2)
2337:(4,4,0,2,4,2)
2338:(4,4,1,2,1,2)
2339:(4,4,0,2,1,2)
2340:(4,5,1,2,1,2)
2341:(4,4,1,2,4,2)
2342:(4,4,0,2,0,2)
2343:(4,4,1,2,0,2)
2344:(3,4,0,2,0,2)
2345:(3,4,1,2,0,2)
2346:(3,4,0,2,3,2)
2347:(3,4,1,2,3,2)
2348:(4,4,0,2,3,2)
2349:(4,4,1,2,3,2)
2350:(2,4,0,2,3,2)
2351:(2,4,1,2,3,2)
2352:(2,4,0,2,3,0)
2353:(2,4,1,2,3,0)
2354:(4,4,0,2,3,0)
2355:(4,4,1,2,3,0)
2356:(3,4,0,2,3,0)
2357:(3,4,1,2,3,0)
2358:(3,4,0,2,3,3)
2359:(3,4,1,2,3,3)
2360:(3,4,0,2,0,3)
2361:(3,4,1,2,0,3)
2362:(3,2,1,2,0,3)
2363:(3,2,0,2,3,3)
2364:(3,2,1,1,3,3)
2365:(3,2,0,1,3,3)
2366:(3,2,1,2,3,3)
2367:(3,2,0,2,3,0)
2368:(3,2,1,1,3,0)
2369:(4,2,0,1,3,0)
2370:(4,2,1,2,3,0)
2371:(4,2,0,2,3,4)
2372:(4,2,1,1,3,4)
2373:(4,2,0,1,3,4)
2374:(4,2,1,2,3,4)
2375:(4,2,0,2,3,0)
2376:(4,2,1,1,3,0)
2377:(3,2,0,1,3,0)
2378:(3,2,1,2,3,0)
2379:(2,2,0,2,3,0)
2380:(2,3,1,2,3,0)
2381:(2,3,0,2,3,2)
2382:(2,3,1,2,1,2)
2383:(2,3,0,2,1,2)
2384:(2,3,1,2,3,2)
2385:(2,3,0,2,3,0)
2386:(2,3,1,2,1,0)
2387:(4,3,0,2,1,0)
2388:(4,3,1,2,3,0)
2389:(4,3,0,2,3,0)
2390:(4,3,1,2,1,0)
2391:(3,3,0,2,1,0)
2392:(3,5,1,2,1,0)
2393:(3,3,1,2,3,0)
2394:(3,4,1,2,1,0)
2395:(3,4,0,2,1,0)
2396:(3,4,1,2,4,0)
2397:(3,4,0,2,4,0)
2398:(3,3,1,2,4,0)
2399:(3,3,0,2,4,0)
2400:(2,3,0,2,4,0)
2401:(2,4,1,2,4,0)
2402:(2,4,0,2,4,0)
2403:(2,4,1,2,1,0)
2404:(2,4,0,2,1,0)
2405:(2,5,1,2,1,0)
2406:(2,3,1,2,4,0)
2407:(3,2,1,2,1,0)
2408:(3,2,0,2,1,3)
2409:(3,2,1,2,2,3)
2410:(3,2,0,2,2,3)
2411:(3,2,1,2,1,3)
2412:(3,2,0,2,1,0)
2413:(3,2,1,2,2,0)
2414:(3,2,0,2,2,0)
2415:(3,2,1,1,2,0)
2416:(3,2,0,1,2,3)
2417:(3,3,1,1,2,3)
2418:(3,2,1,1,2,3)
2419:(3,2,0,1,2,0)
2420:(3,4,1,1,2,0)
2421:(3,4,0,1,2,0)
2422:(3,4,1,4,2,0)
2423:(3,4,0,4,2,0)
2424:(3,3,1,4,2,0)
2425:(3,3,0,4,2,0)
2426:(3,2,1,4,2,0)
2427:(3,2,0,4,2,3)
2428:(3,2,1,4,1,3)
2429:(3,2,0,4,1,3)
2430:(3,2,1,4,2,3)
2431:(3,2,0,4,2,0)
2432:(3,2,1,4,1,0)
2433:(4,2,0,4,1,0)
2434:(4,2,1,4,2,0)
2435:(4,2,0,4,2,4)
2436:(4,2,1,4,1,4)
2437:(4,2,0,4,1,4)
2438:(4,2,1,4,2,4)
2439:(4,2,0,4,2,0)
2440:(4,2,1,4,1,0)
2441:(3,2,0,4,1,0)
2442:(2,2,0,4,1,0)
2443:(2,2,1,4,2,0)
2444:(2,2,0,4,2,0)
2445:(2,2,1,4,1,0)
2446:(2,2,0,4,1,2)
2447:(2,2,1,4,1,2)
2448:(2,4,1,4,2,0)
2449:(2,4,0,4,2,0)
2450:(2,4,1,1,2,0)
2451:(2,4,0,1,2,0)
2452:(2,5,1,1,2,0)
2453:(2,2,1,1,2,0)
2454:(2,2,0,1,2,0)
2455:(2,2,1,2,2,0)
2456:(2,3,1,4,2,0)
2457:(2,3,0,4,2,0)
2458:(4,3,1,4,2,0)
2459:(4,2,0,0,2,4)
2460:(4,2,1,0,1,4)
2461:(4,2,0,0,1,4)
2462:(4,2,1,0,2,4)
2463:(3,2,0,0,2,4)
2464:(3,2,1,0,1,4)
2465:(3,2,0,3,1,4)
2466:(3,2,1,3,2,4)
2467:(3,2,0,3,2,4)
2468:(3,2,1,3,1,4)
2469:(3,2,0,0,1,4)
2470:(3,2,1,0,2,4)
2471:(2,2,0,0,2,4)
2472:(2,2,1,0,1,4)
2473:(2,2,0,0,1,4)
2474:(2,2,1,0,2,4)
2475:(2,2,0,3,1,4)
2476:(2,2,1,3,2,4)
2477:(2,2,0,3,2,4)
2478:(2,2,1,3,1,4)
2479:(2,2,0,3,0,4)
2480:(2,2,1,3,0,4)
2481:(4,2,0,3,0,4)
2482:(4,3,1,3,0,4)
2483:(3,3,0,3,0,4)
2484:(3,3,1,1,0,4)
2485:(4,3,0,1,0,4)
2486:(4,2,1,1,0,4)
2487:(4,2,0,1,0,4)
2488:(4,2,1,2,0,4)
2489:(4,2,0,2,0,4)
2490:(4,3,1,2,0,4)
2491:(4,3,0,2,0,4)
2492:(3,3,0,2,0,4)
2493:(3,3,1,2,0,4)
2494:(3,3,0,2,3,4)
2495:(3,3,1,2,1,4)
2496:(3,3,0,2,1,4)
2497:(3,5,1,2,1,4)
2498:(3,3,1,2,3,4)
2499:(3,4,1,2,1,4)
2500:(3,4,0,2,1,4)
2501:(3,4,1,2,4,4)
2502:(3,4,0,2,4,4)
2503:(3,3,1,2,4,4)
2504:(3,3,0,2,4,4)
2505:(3,2,1,2,4,4)
2506:(3,2,0,2,4,4)
2507:(3,2,1,1,4,4)
2508:(3,2,0,1,4,4)
2509:(3,5,1,1,4,4)
2510:(3,4,1,1,4,4)
2511:(3,4,0,1,4,4)
2512:(3,4,1,4,4,4)
2513:(3,4,0,4,4,4)
2514:(3,4,1,4,4,1)
2515:(3,4,0,4,4,1)
2516:(3,5,1,4,4,1)
2517:(3,3,1,4,4,1)
2518:(3,3,0,4,4,1)
2519:(3,3,1,4,4,3)
2520:(3,3,0,4,4,3)
2521:(3,2,1,4,4,3)
2522:(3,2,0,4,4,3)
2523:(3,2,0,4,4,0)
2524:(3,3,1,4,4,0)
2525:(4,3,0,4,4,0)
2526:(4,3,1,4,4,0)
2527:(4,3,0,4,4,4)
2528:(4,3,1,4,4,4)
2529:(4,3,0,4,0,4)
2530:(4,3,1,4,0,4)
2531:(3,3,0,4,0,4)
2532:(3,3,1,4,0,4)
2533:(3,3,0,4,3,4)
2534:(3,3,1,4,1,4)
2535:(3,3,0,4,1,4)
2536:(3,5,1,4,1,4)
2537:(3,3,1,4,3,4)
2538:(2,3,0,4,3,4)
2539:(2,3,1,4,1,4)
2540:(2,3,0,4,1,4)
2541:(2,5,1,4,1,4)
2542:(2,3,1,4,3,4)
2543:(2,4,1,4,1,4)
2544:(3,4,0,4,1,4)
2545:(3,4,1,4,1,4)
2546:(2,4,0,4,1,4)
2547:(2,4,1,4,4,4)
2548:(2,4,0,4,4,4)
2549:(2,4,1,4,4,1)
2550:(2,4,0,4,4,1)
2551:(2,5,1,4,4,1)
2552:(2,3,1,4,4,1)
2553:(2,3,0,4,4,1)
2554:(2,3,1,4,4,3)
2555:(2,3,0,4,4,3)
2556:(2,4,1,4,4,3)
2557:(2,4,0,4,4,3)
2558:(2,4,1,4,1,3)
2559:(2,4,0,4,1,3)
2560:(2,5,1,4,1,3)
2561:(2,3,1,4,1,3)
2562:(2,3,0,4,1,3)
2563:(2,3,1,4,3,3)
2564:(2,3,0,4,3,3)
2565:(2,4,1,4,3,3)
2566:(4,4,0,4,3,3)
2567:(4,4,1,1,3,3)
2568:(4,4,0,1,3,3)
2569:(4,5,1,1,3,3)
2570:(4,4,1,4,3,3)
2571:(4,4,0,0,3,3)
2572:(4,4,1,0,3,3)
2573:(3,4,0,0,3,3)
2574:(3,4,1,0,3,3)
2575:(3,4,0,3,3,3)
2576:(3,4,1,3,3,3)
2577:(3,4,0,3,3,0)
2578:(3,4,1,3,3,0)
2579:(4,4,0,3,3,0)
2580:(4,4,1,3,3,0)
2581:(4,4,0,3,3,4)
2582:(4,4,1,3,3,1)
2583:(4,4,0,3,3,1)
2584:(4,5,1,3,3,1)
2585:(4,4,1,3,3,4)
2586:(2,4,0,3,3,4)
2587:(2,4,1,3,3,1)
2588:(2,4,0,3,3,1)
2589:(2,5,1,3,3,1)
2590:(2,4,1,3,3,4)
2591:(2,3,1,3,3,1)
2592:(4,3,0,3,3,1)
2593:(4,3,1,3,3,3)
2594:(4,3,0,3,3,3)
2595:(4,3,1,3,3,1)
2596:(2,3,0,3,3,1)
2597:(2,3,1,3,3,3)
2598:(2,3,0,3,3,3)
2599:(2,3,1,3,1,3)
2600:(4,3,0,3,1,3)
2601:(4,5,1,3,1,3)
2602:(4,4,1,3,1,3)
2603:(4,4,0,3,1,3)
2604:(4,4,1,3,4,3)
2605:(4,4,0,3,4,3)
2606:(4,2,1,3,4,3)
2607:(4,2,0,3,4,3)
2608:(4,2,0,3,0,3)
2609:(4,4,1,3,0,3)
2610:(4,4,0,3,0,3)
2611:(4,2,1,3,0,3)
2612:(3,2,0,3,0,3)
2613:(3,4,1,3,0,3)
2614:(3,4,0,3,0,3)
2615:(3,2,1,3,0,3)
2616:(3,2,0,3,3,3)
2617:(3,2,1,3,3,3)
2618:(3,2,0,3,3,0)
2619:(3,2,1,3,3,0)
2620:(4,2,0,3,3,0)
2621:(4,2,1,3,3,0)
2622:(4,2,0,3,3,4)
2623:(4,2,1,3,3,4)
2624:(3,2,0,3,3,4)
2625:(3,2,1,3,3,4)
2626:(3,2,0,3,0,4)
2627:(3,3,1,3,0,4)
2628:(2,3,0,3,0,4)
2629:(2,3,1,1,0,4)
2630:(3,3,0,1,0,4)
2631:(3,5,1,1,0,4)
2632:(3,4,1,1,0,4)
2633:(3,4,0,1,0,4)
2634:(3,2,1,1,0,4)
2635:(3,2,0,1,3,4)
2636:(3,2,1,2,3,4)
2637:(3,2,0,2,3,4)
2638:(3,2,1,1,3,4)
2639:(3,2,0,1,0,4)
2640:(3,2,1,2,0,4)
2641:(3,2,0,2,0,4)
2642:(2,2,0,1,3,4)
2643:(2,2,1,2,3,4)
2644:(2,2,0,2,3,4)
2645:(2,2,1,1,3,4)
2646:(2,2,0,0,3,4)
2647:(2,2,1,0,3,4)
2648:(4,2,0,0,3,4)
2649:(4,2,1,0,3,4)
2650:(4,2,0,4,3,4)
2651:(4,2,1,4,3,4)
2652:(4,2,0,4,3,0)
2653:(4,2,1,4,3,0)
2654:(2,2,0,4,3,0)
2655:(2,2,1,4,3,0)
2656:(2,2,0,4,3,2)
2657:(2,2,1,4,3,1)
2658:(2,2,0,4,3,1)
2659:(2,2,1,4,3,2)
2660:(3,2,0,4,3,4)
2661:(3,2,1,4,3,4)
2662:(3,2,0,4,0,4)
2663:(3,2,1,4,0,4)
2664:(4,2,0,4,0,4)
2665:(4,2,1,4,0,4)
2666:(4,2,0,4,4,4)
2667:(4,2,1,4,4,4)
2668:(4,2,0,4,4,0)
2669:(4,2,1,4,4,0)
2670:(2,2,0,4,4,0)
2671:(2,3,1,4,4,0)
2672:(2,3,0,4,4,2)
2673:(2,3,1,4,4,2)
2674:(2,3,0,4,4,0)
2675:(2,2,1,4,4,0)
2676:(2,2,0,4,4,2)
2677:(2,2,1,4,4,1)
2678:(3,2,0,4,4,1)
2679:(3,2,1,4,4,2)
2680:(3,2,0,4,4,2)
2681:(3,2,1,4,4,1)
2682:(2,2,0,4,4,1)
2683:(2,2,1,4,4,2)
2684:(3,3,1,4,4,2)
2685:(3,3,0,4,4,2)
2686:(3,3,0,4,4,0)
2687:(3,2,1,4,4,0)
2688:(4,2,0,0,4,4)
2689:(4,3,1,0,4,4)
2690:(4,3,0,0,4,4)
2691:(4,2,1,0,4,4)
2692:(3,2,0,0,4,4)
2693:(3,3,1,0,4,4)
2694:(3,3,0,3,4,4)
2695:(3,3,1,1,4,4)
2696:(3,3,0,1,4,4)
2697:(3,3,1,3,4,4)
2698:(3,3,0,0,4,4)
2699:(3,2,1,0,4,4)
2700:(3,2,0,3,4,4)
2701:(3,2,1,3,4,4)
2702:(4,2,0,3,4,4)
2703:(4,2,1,3,4,4)
2704:(4,2,0,3,4,0)
2705:(4,2,1,3,4,0)
2706:(2,2,0,3,4,4)
2707:(2,3,1,3,4,4)
2708:(2,3,0,3,4,4)
2709:(2,3,1,1,4,4)
2710:(2,3,0,1,4,4)
2711:(2,5,1,1,4,4)
2712:(2,4,1,1,4,4)
2713:(2,4,0,1,4,4)
2714:(2,2,1,1,4,4)
2715:(2,2,0,1,4,4)
2716:(2,2,1,2,4,4)
2717:(2,2,0,2,4,4)
2718:(2,3,1,2,4,4)
2719:(2,3,0,2,4,4)
2720:(2,3,0,0,4,4)
2721:(2,3,1,0,4,4)
2722:(2,2,1,0,4,4)
2723:(2,2,0,0,4,4)
2724:(2,2,1,3,4,4)
2725:(3,2,0,4,4,4)
2726:(3,3,1,4,4,4)
2727:(3,3,0,4,4,4)
2728:(3,2,1,4,4,4)
2729:(2,2,0,4,4,4)
2730:(2,3,1,4,4,4)
2731:(2,3,0,4,4,4)
2732:(2,2,1,4,4,4)
2733:(2,2,0,4,0,4)
2734:(2,4,1,4,0,4)
2735:(3,4,0,4,0,4)
2736:(3,4,1,4,0,1)
2737:(2,4,0,4,0,1)
2738:(2,3,1,4,0,1)
2739:(2,4,0,4,0,4)
2740:(2,3,1,4,0,4)
2741:(2,3,0,4,2,4)
2742:(2,3,1,4,2,4)
2743:(2,3,0,4,0,4)
2744:(2,2,1,4,0,4)
2745:(2,2,0,4,2,4)
2746:(2,2,1,4,1,4)
2747:(3,2,0,4,1,4)
2748:(3,2,1,4,2,4)
2749:(3,2,0,4,2,4)
2750:(3,2,1,4,1,4)
2751:(2,2,0,4,1,4)
2752:(2,2,1,4,2,4)
2753:(3,3,1,4,2,4)
2754:(3,3,0,4,2,4)
2755:(2,2,0,4,3,4)
2756:(2,2,1,4,3,4)
2757:(3,2,0,0,3,4)
2758:(3,4,1,0,3,4)
2759:(2,4,0,0,3,4)
2760:(2,4,1,0,3,1)
2761:(3,4,0,0,3,1)
2762:(3,3,1,0,3,1)
2763:(2,3,0,0,3,1)
2764:(2,3,1,0,3,3)
2765:(3,3,0,0,3,3)
2766:(3,3,1,0,1,3)
2767:(4,3,0,0,1,3)
2768:(4,5,1,0,1,3)
2769:(4,4,1,0,1,3)
2770:(4,4,0,0,1,3)
2771:(4,4,1,0,4,3)
2772:(4,4,0,0,4,3)
2773:(4,3,1,0,4,3)
2774:(3,3,0,0,4,3)
2775:(3,3,1,0,4,1)
2776:(4,3,0,0,4,1)
2777:(3,3,0,0,4,1)
2778:(3,3,1,0,4,3)
2779:(2,3,0,0,4,3)
2780:(2,3,1,0,4,1)
2781:(2,4,1,0,4,3)
2782:(3,4,0,0,4,3)
2783:(3,4,1,0,1,3)
2784:(3,4,0,0,1,3)
2785:(3,5,1,0,1,3)
2786:(3,4,1,0,4,3)
2787:(2,4,0,0,4,3)
2788:(2,4,1,0,1,3)
2789:(2,4,0,0,1,3)
2790:(2,5,1,0,1,3)
2791:(2,3,1,0,1,3)
2792:(3,3,0,0,1,3)
2793:(3,2,1,0,1,3)
2794:(4,2,0,0,1,3)
2795:(4,2,1,0,2,3)
2796:(4,2,0,0,2,3)
2797:(4,2,1,0,1,3)
2798:(3,2,0,0,1,3)
2799:(3,2,1,0,2,3)
2800:(3,2,0,0,2,3)
2801:(2,2,0,0,2,3)
2802:(2,2,1,0,1,3)
2803:(2,2,0,2,1,3)
2804:(2,2,1,2,2,3)
2805:(2,2,0,2,2,3)
2806:(2,2,1,2,1,3)
2807:(2,2,0,0,1,3)
2808:(2,2,1,0,2,3)
2809:(4,2,0,2,1,3)
2810:(4,2,1,2,2,3)
2811:(4,2,0,2,2,3)
2812:(4,2,1,2,1,3)
2813:(4,2,1,1,2,3)
2814:(4,2,0,1,2,3)
2815:(2,2,0,1,2,3)
2816:(2,2,1,1,2,3)
2817:(2,2,0,1,0,3)
2818:(2,2,1,2,0,3)
2819:(4,2,0,2,0,3)
2820:(4,2,1,1,0,3)
2821:(4,2,0,1,4,3)
2822:(4,2,1,2,4,3)
2823:(4,2,0,2,4,3)
2824:(4,2,1,1,4,3)
2825:(4,2,0,1,0,3)
2826:(4,2,1,2,0,3)
2827:(3,2,0,2,0,3)
2828:(3,2,1,1,0,3)
2829:(3,2,0,1,0,3)
2830:(2,2,0,2,0,3)
2831:(2,2,1,1,0,3)
2832:(2,3,1,2,0,3)
2833:(3,3,0,2,0,3)
2834:(3,3,1,2,0,1)
2835:(2,3,0,2,0,1)
2836:(2,2,0,1,4,3)
2837:(2,5,1,1,4,3)
2838:(2,2,1,2,4,3)
2839:(2,2,0,2,4,3)
2840:(2,2,1,1,4,3)
2841:(2,2,0,0,4,3)
2842:(2,2,1,0,4,3)
2843:(4,2,0,0,4,3)
2844:(4,2,1,0,4,3)
2845:(4,2,0,4,4,3)
2846:(4,2,1,4,4,3)
2847:(4,2,0,4,0,3)
2848:(4,2,1,4,0,3)
2849:(2,2,0,4,0,3)
2850:(2,2,1,4,0,3)
2851:(2,2,0,4,2,3)
2852:(2,2,1,4,1,3)
2853:(2,2,0,4,1,3)
2854:(2,2,1,4,2,3)
2855:(2,2,0,4,4,3)
2856:(2,2,1,4,4,3)
2857:(3,2,0,0,4,3)
2858:(3,2,1,0,4,3)
2859:(2,4,1,1,4,3)
2860:(2,4,0,1,4,3)
2861:(2,3,1,1,4,3)
2862:(2,3,0,1,4,3)
2863:(2,3,1,3,4,3)
2864:(2,3,0,3,4,3)
2865:(2,3,1,3,4,1)
2866:(2,3,0,3,4,1)
2867:(2,4,1,3,4,3)
2868:(2,4,0,3,4,3)
2869:(2,4,1,3,1,3)
2870:(2,4,0,3,1,3)
2871:(2,5,1,3,1,3)
2872:(2,2,1,3,1,3)
2873:(4,2,0,3,1,3)
2874:(4,2,1,3,2,3)
2875:(4,2,0,3,2,3)
2876:(4,2,1,3,1,3)
2877:(2,2,0,3,1,3)
2878:(2,2,1,3,2,3)
2879:(2,2,0,3,2,3)
2880:(2,4,1,3,2,3)
2881:(2,4,0,3,2,3)
2882:(2,4,0,3,0,3)
2883:(2,4,1,3,0,3)
2884:(2,2,1,3,0,3)
2885:(2,2,0,3,0,3)
2886:(4,4,0,3,2,3)
2887:(4,4,1,3,2,3)
2888:(4,3,1,3,1,3)
2889:(2,3,0,3,1,3)
2890:(2,2,1,3,4,3)
2891:(2,2,0,3,4,3)
2892:(4,4,1,2,2,3)
2893:(4,4,0,2,2,3)
2894:(4,3,1,2,2,3)
2895:(4,3,0,2,2,3)
2896:(4,3,1,2,2,1)
2897:(4,3,0,2,2,1)
2898:(4,5,1,2,2,1)
2899:(4,4,1,2,2,1)
2900:(4,4,0,2,2,1)
2901:(4,4,1,2,2,4)
2902:(4,4,0,2,2,4)
2903:(4,3,1,2,2,4)
2904:(4,3,0,2,2,4)
2905:(4,3,0,2,2,0)
2906:(4,4,1,2,2,0)
2907:(4,4,0,2,2,0)
2908:(4,3,1,2,2,0)
2909:(3,3,0,2,2,0)
2910:(3,4,1,2,2,0)
2911:(3,4,0,2,2,3)
2912:(3,4,1,2,2,3)
2913:(3,4,0,2,2,0)
2914:(3,3,1,2,2,0)
2915:(3,3,0,2,2,3)
2916:(3,3,1,2,2,1)
2917:(3,3,0,2,2,1)
2918:(3,5,1,2,2,1)
2919:(3,3,1,2,2,3)
2920:(3,4,1,2,2,1)
2921:(3,4,0,2,2,1)
2922:(3,4,1,2,2,4)
2923:(3,4,0,2,2,4)
2924:(3,3,1,2,2,4)
2925:(3,3,0,2,2,4)
2926:(3,2,1,2,2,4)
2927:(3,2,0,2,2,4)
2928:(3,2,1,2,1,4)
2929:(3,2,0,2,1,4)
2930:(3,2,1,1,2,4)
2931:(3,2,0,1,2,4)
2932:(3,2,1,2,2,1)
2933:(4,2,0,2,2,1)
2934:(4,2,1,2,2,2)
2935:(4,2,0,2,2,2)
2936:(4,2,1,2,2,1)
2937:(3,2,0,2,2,1)
2938:(3,2,1,2,2,2)
2939:(3,2,0,2,2,2)
2940:(3,2,1,2,1,2)
2941:(4,2,0,2,1,2)
2942:(4,3,1,2,1,2)
2943:(4,3,0,2,1,2)
2944:(4,3,1,2,3,2)
2945:(4,3,0,2,3,2)
2946:(4,2,1,2,3,2)
2947:(4,2,0,2,3,2)
2948:(4,2,1,2,3,1)
2949:(4,2,0,2,3,1)
2950:(4,2,1,1,3,2)
2951:(4,2,0,1,3,2)
2952:(4,3,1,1,3,2)
2953:(4,3,0,1,3,2)
2954:(4,3,1,3,3,2)
2955:(4,3,0,3,3,2)
2956:(4,3,1,3,1,2)
2957:(4,3,0,3,1,2)
2958:(4,2,1,3,1,2)
2959:(4,4,1,3,3,2)
2960:(4,4,0,3,3,2)
2961:(4,2,1,3,3,2)
2962:(4,2,0,3,3,2)
2963:(4,2,1,3,3,1)
2964:(4,2,0,3,3,1)
2965:(2,2,0,3,3,1)
2966:(2,2,1,3,3,2)
2967:(2,2,0,3,3,2)
2968:(2,2,1,3,3,1)
2969:(2,4,1,3,3,2)
2970:(2,4,0,3,3,2)
2971:(2,4,0,3,3,0)
2972:(2,4,1,3,3,0)
2973:(2,2,1,3,3,0)
2974:(2,2,0,3,3,0)
2975:(3,2,0,1,3,2)
2976:(3,2,1,1,3,2)
2977:(3,2,0,1,0,2)
2978:(3,2,1,1,0,2)
2979:(4,2,0,1,0,2)
2980:(4,2,1,1,0,2)
2981:(2,2,0,1,0,2)
2982:(3,3,0,2,3,2)
2983:(3,3,1,2,1,2)
2984:(3,3,0,2,1,2)
2985:(3,5,1,2,1,2)
2986:(3,3,1,2,3,2)
2987:(3,3,0,2,0,2)
2988:(3,3,1,2,0,2)
2989:(4,3,0,2,0,2)
2990:(4,3,1,2,0,2)
2991:(4,3,0,2,4,2)
2992:(4,3,1,2,4,2)
2993:(3,3,0,2,4,2)
2994:(3,3,1,2,4,2)
2995:(2,3,0,2,0,2)
2996:(2,4,1,2,0,2)
2997:(2,4,0,2,2,2)
2998:(2,4,1,2,2,2)
2999:(2,4,0,2,2,0)
3000:(2,4,1,2,2,0)
3001:(2,3,1,2,2,0)
3002:(2,3,0,2,2,2)
3003:(2,3,1,2,2,2)
3004:(2,3,0,2,2,0)
3005:(2,3,0,0,2,2)
3006:(2,4,1,0,2,2)
3007:(4,4,0,0,2,2)
3008:(4,4,1,0,2,2)
3009:(4,4,0,4,2,2)
3010:(4,4,1,1,2,2)
3011:(4,4,0,1,2,2)
3012:(4,5,1,1,2,2)
3013:(4,4,1,4,2,2)
3014:(3,4,0,4,2,2)
3015:(3,4,1,1,2,2)
3016:(3,4,0,1,2,2)
3017:(3,5,1,1,2,2)
3018:(3,4,1,4,2,2)
3019:(3,3,1,1,2,2)
3020:(4,3,0,1,2,2)
3021:(4,3,1,3,2,2)
3022:(4,3,0,3,2,2)
3023:(4,3,1,1,2,2)
3024:(3,3,0,1,2,2)
3025:(3,3,1,3,2,2)
3026:(3,3,0,3,2,2)
3027:(3,4,1,3,2,2)
3028:(3,4,0,3,2,2)
3029:(3,4,0,0,2,2)
3030:(3,4,1,0,2,2)
3031:(2,4,0,0,2,2)
3032:(2,3,1,0,2,2)
3033:(4,3,0,0,2,2)
3034:(4,3,1,0,2,2)
3035:(4,3,0,4,2,2)
3036:(4,3,1,4,2,2)
3037:(3,3,0,4,2,2)
3038:(3,3,1,4,2,2)
3039:(3,3,0,0,2,2)
3040:(3,3,1,0,2,2)
3041:(4,4,0,3,2,2)
3042:(4,4,1,3,2,2)
3043:(2,4,0,3,2,2)
3044:(2,4,1,3,2,2)
3045:(2,4,0,3,2,0)
3046:(2,4,1,3,2,0)
3047:(4,4,0,3,2,0)
3048:(4,4,1,3,2,0)
3049:(2,3,1,3,2,0)
3050:(2,4,0,3,0,2)
3051:(2,4,1,3,0,2)
3052:(3,2,1,1,2,2)
3053:(4,2,0,1,2,2)
3054:(4,2,1,1,2,2)
3055:(3,2,0,1,2,2)
3056:(4,3,0,2,2,2)
3057:(4,4,1,2,2,2)
3058:(4,4,0,2,2,2)
3059:(4,3,1,2,2,2)
3060:(3,3,0,2,2,2)
3061:(3,4,1,2,2,2)
3062:(3,4,0,2,2,2)
3063:(3,3,1,2,2,2)
3064:(2,4,0,2,0,2)
3065:(2,3,1,2,0,2)
3066:(3,4,1,2,1,2)
3067:(3,4,0,2,1,2)
3068:(4,2,1,2,1,2)
3069:(3,2,0,2,1,2)
3070:(4,3,1,0,1,3)
3071:(2,3,0,0,1,3)
3072:(3,2,1,0,3,3)
3073:(4,2,0,0,3,3)
3074:(4,2,1,0,3,3)
3075:(4,2,0,4,3,3)
3076:(4,2,1,4,3,3)
3077:(2,2,0,4,3,3)
3078:(2,2,1,4,3,3)
3079:(3,2,0,0,3,3)
3080:(2,2,0,0,3,3)
3081:(2,4,1,0,3,3)
3082:(2,4,0,2,3,3)
3083:(2,4,1,2,3,3)
3084:(2,4,0,0,3,3)
3085:(2,2,1,0,3,3)
3086:(2,2,0,2,3,3)
3087:(2,2,1,1,3,3)
3088:(4,2,0,1,3,3)
3089:(4,2,1,2,3,3)
3090:(4,2,0,2,3,3)
3091:(4,2,1,1,3,3)
3092:(2,2,0,1,3,3)
3093:(2,5,1,1,3,3)
3094:(2,2,1,2,3,3)
3095:(2,4,1,1,3,3)
3096:(2,4,0,1,3,3)
3097:(2,3,1,1,3,3)
3098:(4,3,0,1,3,3)
3099:(4,3,1,1,3,3)
3100:(2,3,0,1,3,3)
3101:(4,4,1,2,3,3)
3102:(4,4,0,2,3,3)
3103:(2,3,0,0,3,3)
3104:(2,3,1,0,3,1)
3105:(2,2,1,0,3,1)
3106:(3,2,0,0,3,1)
3107:(3,2,1,0,3,2)
3108:(2,2,0,0,3,2)
3109:(2,4,1,0,3,2)
3110:(3,4,0,0,3,2)
3111:(2,4,0,0,3,2)
3112:(2,3,1,0,3,2)
3113:(2,3,0,0,3,2)
3114:(2,3,1,0,1,2)
3115:(2,3,0,0,1,2)
3116:(2,4,0,0,3,1)
3117:(3,2,1,0,3,4)
3118:(2,4,1,1,3,4)
3119:(2,4,0,1,0,4)
3120:(2,3,0,1,0,4)
3121:(3,2,1,3,0,4)
3122:(2,2,0,3,3,4)
3123:(2,2,1,3,3,4)
3124:(4,2,0,3,3,3)
3125:(4,4,1,3,3,3)
3126:(4,4,0,3,3,3)
3127:(4,2,1,3,3,3)
3128:(2,2,0,3,3,3)
3129:(2,4,1,3,3,3)
3130:(2,4,0,3,3,3)
3131:(2,2,1,3,3,3)
3132:(2,4,0,4,3,3)
3133:(4,2,1,3,0,4)
3134:(3,3,1,0,2,4)
3135:(3,3,0,0,2,4)
3136:(2,3,0,0,2,4)
3137:(3,3,1,4,1,3)
3138:(3,3,0,4,1,0)
3139:(3,3,1,2,1,3)
3140:(2,2,0,2,1,0)
3141:(2,3,0,2,1,0)
3142:(2,2,1,2,3,0)
3143:(2,2,1,2,1,2)
3144:(3,3,1,1,3,0)
3145:(2,2,0,1,3,0)
3146:(3,4,0,2,4,2)
3147:(3,4,1,1,4,2)
3148:(2,3,1,0,2,1)
3149:(3,2,1,4,0,3)
3150:(2,3,0,4,0,3)
3151:(2,2,1,3,0,1)
3152:(2,4,0,1,3,0)
3153:(2,3,0,1,3,4)
3154:(3,3,0,1,4,2)
3155:(3,2,1,3,4,0)
3156:(3,3,1,0,4,2)
3157:(2,2,0,3,0,2)
3158:(2,2,1,1,3,2)
3159:(3,3,0,3,1,0)
3160:(2,2,1,1,2,2)
3161:(3,3,1,3,1,3)
3162:(2,3,0,4,3,1)
3163:(3,3,0,4,2,1)
3164:(3,4,0,2,4,1)
3165:(2,3,0,0,2,3)
3166:(2,3,0,1,2,0)
3167:(2,3,0,3,0,2)
