(rloc,hloc,rturn,o0)
0:(2,2,0,2)
1:(2,6,1,2)
2:(2,6,0,2)
3:(2,6,0,0)
4:(2,6,1,0)
5:(6,6,0,0)
6:(6,6,1,0)
7:(5,6,0,0)
8:(5,6,1,0)
9:(5,6,0,5)
10:(5,6,1,5)
11:(6,6,0,5)
12:(6,6,1,5)
13:(4,6,0,5)
14:(4,6,1,5)
15:(3,6,0,5)
16:(3,6,1,5)
17:(2,6,0,5)
18:(2,6,1,5)
19:(4,6,0,0)
20:(4,6,1,0)
21:(4,6,0,4)
22:(4,6,1,4)
23:(6,6,0,4)
24:(6,6,1,4)
25:(5,6,0,4)
26:(5,6,1,4)
27:(3,6,0,4)
28:(3,6,1,4)
29:(2,6,0,4)
30:(2,6,1,4)
31:(3,6,0,0)
32:(3,6,1,0)
33:(3,6,0,3)
34:(3,6,1,3)
35:(6,6,0,3)
36:(6,6,1,3)
37:(5,6,0,3)
38:(5,6,1,3)
39:(4,6,0,3)
40:(4,6,1,3)
41:(2,6,0,3)
42:(2,6,1,3)
43:(6,6,0,2)
44:(6,6,1,2)
45:(5,6,0,2)
46:(5,6,1,2)
47:(4,6,0,2)
48:(4,6,1,2)
49:(3,6,0,2)
50:(3,6,1,2)
51:(2,2,1,1)
52:(6,2,0,1)
53:(6,6,1,1)
54:(6,6,0,1)
55:(6,2,1,2)
56:(6,2,0,2)
57:(6,2,1,1)
58:(6,5,1,2)
59:(6,5,0,2)
60:(6,4,1,2)
61:(6,4,0,2)
62:(6,3,1,2)
63:(6,3,0,2)
64:(6,5,1,1)
65:(6,5,0,1)
66:(6,5,1,5)
67:(6,5,0,5)
68:(6,4,1,5)
69:(6,4,0,5)
70:(6,3,1,5)
71:(6,3,0,5)
72:(6,2,1,5)
73:(6,2,0,5)
74:(6,4,1,1)
75:(6,4,0,1)
76:(6,4,1,4)
77:(6,4,0,4)
78:(6,5,1,4)
79:(6,5,0,4)
80:(6,3,1,4)
81:(6,3,0,4)
82:(6,2,1,4)
83:(6,2,0,4)
84:(6,3,1,1)
85:(6,3,0,1)
86:(6,3,1,3)
87:(6,3,0,3)
88:(6,5,1,3)
89:(6,5,0,3)
90:(6,4,1,3)
91:(6,4,0,3)
92:(6,2,1,3)
93:(6,2,0,3)
94:(5,2,0,1)
95:(5,6,1,1)
96:(5,6,0,1)
97:(4,6,0,1)
98:(3,6,0,1)
99:(2,6,0,1)
100:(5,2,1,2)
101:(5,2,0,2)
102:(5,2,1,1)
103:(4,2,0,1)
104:(4,6,1,1)
105:(4,2,1,2)
106:(4,2,0,2)
107:(4,2,1,1)
108:(3,2,0,1)
109:(3,6,1,1)
110:(3,2,1,2)
111:(3,2,0,2)
112:(3,2,1,1)
113:(2,2,0,1)
114:(2,6,1,1)
115:(2,2,1,2)
116:(2,2,0,0)
117:(2,5,1,0)
118:(2,5,0,2)
119:(2,5,1,2)
120:(2,5,0,0)
121:(2,4,1,0)
122:(2,4,0,2)
123:(2,4,1,2)
124:(2,4,0,0)
125:(2,3,1,0)
126:(2,3,0,2)
127:(2,3,1,2)
128:(2,3,0,0)
129:(2,2,1,0)
130:(6,2,0,0)
131:(6,5,1,0)
132:(6,5,0,0)
133:(6,4,1,0)
134:(6,4,0,0)
135:(6,3,1,0)
136:(6,3,0,0)
137:(6,2,1,0)
138:(5,2,0,0)
139:(5,5,1,0)
140:(5,5,0,5)
141:(5,5,1,1)
142:(5,5,0,1)
143:(5,5,1,5)
144:(5,5,0,0)
145:(5,4,1,0)
146:(5,4,0,5)
147:(5,4,1,5)
148:(5,4,0,0)
149:(5,3,1,0)
150:(5,3,0,5)
151:(5,3,1,5)
152:(5,3,0,0)
153:(5,2,1,0)
154:(5,2,0,5)
155:(5,2,1,5)
156:(4,2,0,5)
157:(4,5,1,5)
158:(4,5,0,5)
159:(4,5,1,1)
160:(4,5,0,1)
161:(4,4,1,1)
162:(5,4,0,1)
163:(5,4,1,4)
164:(5,4,0,4)
165:(5,4,1,1)
166:(4,4,0,1)
167:(4,4,1,4)
168:(4,4,0,4)
169:(4,5,1,4)
170:(4,5,0,4)
171:(4,3,1,4)
172:(4,3,0,4)
173:(4,2,1,4)
174:(4,2,0,4)
175:(4,2,0,0)
176:(4,5,1,0)
177:(4,5,0,0)
178:(4,4,1,0)
179:(4,4,0,0)
180:(4,3,1,0)
181:(4,3,0,0)
182:(4,2,1,0)
183:(3,2,0,0)
184:(3,5,1,0)
185:(3,5,0,3)
186:(3,5,1,3)
187:(3,5,0,0)
188:(3,4,1,0)
189:(3,4,0,3)
190:(3,4,1,3)
191:(3,4,0,0)
192:(3,3,1,0)
193:(3,3,0,3)
194:(3,3,1,1)
195:(5,3,0,1)
196:(5,3,1,3)
197:(5,3,0,3)
198:(5,3,1,1)
199:(4,3,0,1)
200:(4,3,1,3)
201:(4,3,0,3)
202:(4,3,1,1)
203:(3,3,0,1)
204:(3,3,1,3)
205:(3,3,0,0)
206:(3,2,1,0)
207:(3,2,0,3)
208:(3,2,1,3)
209:(5,2,0,3)
210:(5,5,1,3)
211:(5,5,0,3)
212:(5,4,1,3)
213:(5,4,0,3)
214:(5,2,1,3)
215:(4,2,0,3)
216:(4,5,1,3)
217:(4,5,0,3)
218:(4,4,1,3)
219:(4,4,0,3)
220:(4,2,1,3)
221:(2,2,0,3)
222:(2,5,1,3)
223:(2,5,0,3)
224:(2,4,1,3)
225:(2,4,0,3)
226:(2,3,1,3)
227:(2,3,0,3)
228:(2,3,1,1)
229:(2,3,0,1)
230:(2,5,1,1)
231:(3,5,0,1)
232:(3,5,1,5)
233:(3,5,0,5)
234:(3,5,1,1)
235:(2,5,0,1)
236:(2,5,1,5)
237:(2,5,0,5)
238:(2,4,1,5)
239:(4,4,0,5)
240:(4,4,1,5)
241:(3,4,0,5)
242:(3,4,1,5)
243:(2,4,0,5)
244:(2,3,1,5)
245:(4,3,0,5)
246:(4,3,1,5)
247:(3,3,0,5)
248:(3,3,1,5)
249:(2,3,0,5)
250:(2,2,1,5)
251:(3,2,0,5)
252:(3,2,1,5)
253:(2,2,0,5)
254:(4,2,1,5)
255:(2,4,1,1)
256:(3,4,0,1)
257:(3,4,1,4)
258:(3,4,0,4)
259:(3,4,1,1)
260:(2,4,0,1)
261:(2,4,1,4)
262:(2,4,0,4)
263:(2,5,1,4)
264:(5,5,0,4)
265:(5,5,1,4)
266:(3,5,0,4)
267:(3,5,1,4)
268:(2,5,0,4)
269:(2,3,1,4)
270:(5,3,0,4)
271:(5,3,1,4)
272:(3,3,0,4)
273:(3,3,1,4)
274:(2,3,0,4)
275:(2,2,1,4)
276:(5,2,0,4)
277:(5,2,1,4)
278:(3,2,0,4)
279:(3,2,1,4)
280:(2,2,0,4)
281:(2,2,1,3)
282:(5,3,0,2)
283:(5,5,1,2)
284:(5,5,0,2)
285:(5,4,1,2)
286:(5,4,0,2)
287:(5,3,1,2)
288:(4,3,0,2)
289:(4,5,1,2)
290:(4,5,0,2)
291:(4,4,1,2)
292:(4,4,0,2)
293:(4,3,1,2)
294:(3,3,0,2)
295:(3,5,1,2)
296:(3,5,0,2)
297:(3,4,1,2)
298:(3,4,0,2)
299:(3,3,1,2)
