(rloc,hloc,rturn,o0,o1)
0:(2,2,0,2,2)
1:(2,7,1,2,2)
2:(2,7,0,2,2)
3:(2,7,0,2,0)
4:(2,7,1,2,0)
5:(7,7,0,2,0)
6:(7,7,1,2,0)
7:(6,7,0,2,0)
8:(6,7,1,2,0)
9:(6,7,0,2,6)
10:(6,7,1,2,6)
11:(7,7,0,2,6)
12:(7,7,1,2,6)
13:(5,7,0,2,6)
14:(5,7,1,2,6)
15:(4,7,0,2,6)
16:(4,7,1,2,6)
17:(3,7,0,2,6)
18:(3,7,1,2,6)
19:(2,7,0,2,6)
20:(2,7,1,2,6)
21:(2,7,0,0,6)
22:(2,7,1,0,6)
23:(7,7,0,0,6)
24:(7,7,1,0,6)
25:(6,7,0,0,6)
26:(6,7,1,0,6)
27:(6,7,0,6,6)
28:(6,7,1,6,6)
29:(6,7,0,6,0)
30:(6,7,1,6,0)
31:(7,7,0,6,0)
32:(7,7,1,6,0)
33:(5,7,0,6,0)
34:(5,7,1,6,0)
35:(5,7,0,6,5)
36:(5,7,1,6,5)
37:(7,7,0,6,5)
38:(7,7,1,6,5)
39:(6,7,0,6,5)
40:(6,7,1,6,5)
41:(6,7,0,0,5)
42:(6,7,1,0,5)
43:(7,7,0,0,5)
44:(7,7,1,0,5)
45:(5,7,0,0,5)
46:(5,7,1,0,5)
47:(5,7,0,5,5)
48:(5,7,1,5,5)
49:(5,7,0,5,0)
50:(5,7,1,5,0)
51:(7,7,0,5,0)
52:(7,7,1,5,0)
53:(6,7,0,5,0)
54:(6,7,1,5,0)
55:(6,7,0,5,6)
56:(6,7,1,5,6)
57:(7,7,0,5,6)
58:(7,7,1,5,6)
59:(5,7,0,5,6)
60:(5,7,1,5,6)
61:(5,7,0,0,6)
62:(5,7,1,0,6)
63:(4,7,0,0,6)
64:(4,7,1,0,6)
65:(4,7,0,4,6)
66:(4,7,1,4,6)
67:(7,7,0,4,6)
68:(7,7,1,4,6)
69:(6,7,0,4,6)
70:(6,7,1,4,6)
71:(6,7,0,4,0)
72:(6,7,1,4,0)
73:(7,7,0,4,0)
74:(7,7,1,4,0)
75:(5,7,0,4,0)
76:(5,7,1,4,0)
77:(5,7,0,4,5)
78:(5,7,1,4,5)
79:(7,7,0,4,5)
80:(7,7,1,4,5)
81:(6,7,0,4,5)
82:(6,7,1,4,5)
83:(4,7,0,4,5)
84:(4,7,1,4,5)
85:(4,7,0,0,5)
86:(4,7,1,0,5)
87:(3,7,0,0,5)
88:(3,7,1,0,5)
89:(3,7,0,3,5)
90:(3,7,1,3,5)
91:(7,7,0,3,5)
92:(7,7,1,3,5)
93:(6,7,0,3,5)
94:(6,7,1,3,5)
95:(5,7,0,3,5)
96:(5,7,1,3,5)
97:(5,7,0,3,0)
98:(5,7,1,3,0)
99:(7,7,0,3,0)
100:(7,7,1,3,0)
101:(6,7,0,3,0)
102:(6,7,1,3,0)
103:(6,7,0,3,6)
104:(6,7,1,3,6)
105:(7,7,0,3,6)
106:(7,7,1,3,6)
107:(5,7,0,3,6)
108:(5,7,1,3,6)
109:(4,7,0,3,6)
110:(4,7,1,3,6)
111:(3,7,0,3,6)
112:(3,7,1,3,6)
113:(3,7,0,0,6)
114:(3,7,1,0,6)
115:(2,7,0,3,6)
116:(2,7,1,3,6)
117:(4,7,0,3,0)
118:(4,7,1,3,0)
119:(4,7,0,3,4)
120:(4,7,1,3,4)
121:(7,7,0,3,4)
122:(7,7,1,3,4)
123:(6,7,0,3,4)
124:(6,7,1,3,4)
125:(5,7,0,3,4)
126:(5,7,1,3,4)
127:(3,7,0,3,4)
128:(3,7,1,3,4)
129:(3,7,0,0,4)
130:(3,7,1,0,4)
131:(7,7,0,0,4)
132:(7,7,1,0,4)
133:(6,7,0,0,4)
134:(6,7,1,0,4)
135:(6,7,0,6,4)
136:(6,7,1,6,4)
137:(7,7,0,6,4)
138:(7,7,1,6,4)
139:(5,7,0,6,4)
140:(5,7,1,6,4)
141:(4,7,0,6,4)
142:(4,7,1,6,4)
143:(4,7,0,6,0)
144:(4,7,1,6,0)
145:(3,7,0,6,0)
146:(3,7,1,6,0)
147:(3,7,0,6,3)
148:(3,7,1,6,3)
149:(7,7,0,6,3)
150:(7,7,1,6,3)
151:(6,7,0,6,3)
152:(6,7,1,6,3)
153:(6,7,0,0,3)
154:(6,7,1,0,3)
155:(7,7,0,0,3)
156:(7,7,1,0,3)
157:(5,7,0,0,3)
158:(5,7,1,0,3)
159:(5,7,0,5,3)
160:(5,7,1,5,3)
161:(7,7,0,5,3)
162:(7,7,1,5,3)
163:(6,7,0,5,3)
164:(6,7,1,5,3)
165:(4,7,0,5,3)
166:(4,7,1,5,3)
167:(3,7,0,5,3)
168:(3,7,1,5,3)
169:(3,7,0,5,0)
170:(3,7,1,5,0)
171:(4,7,0,5,0)
172:(4,7,1,5,0)
173:(4,7,0,5,4)
174:(4,7,1,5,4)
175:(7,7,0,5,4)
176:(7,7,1,5,4)
177:(6,7,0,5,4)
178:(6,7,1,5,4)
179:(5,7,0,5,4)
180:(5,7,1,5,4)
181:(5,7,0,0,4)
182:(5,7,1,0,4)
183:(4,7,0,0,4)
184:(4,7,1,0,4)
185:(4,7,0,4,4)
186:(4,7,1,4,4)
187:(4,7,0,4,0)
188:(4,7,1,4,0)
189:(3,7,0,4,0)
190:(3,7,1,4,0)
191:(3,7,0,4,3)
192:(3,7,1,4,3)
193:(7,7,0,4,3)
194:(7,7,1,4,3)
195:(6,7,0,4,3)
196:(6,7,1,4,3)
197:(5,7,0,4,3)
198:(5,7,1,4,3)
199:(4,7,0,4,3)
200:(4,7,1,4,3)
201:(4,7,0,0,3)
202:(4,7,1,0,3)
203:(3,7,0,0,3)
204:(3,7,1,0,3)
205:(3,7,0,3,3)
206:(3,7,1,3,3)
207:(3,7,0,3,0)
208:(3,7,1,3,0)
209:(2,7,0,3,0)
210:(2,7,1,3,0)
211:(2,7,0,3,2)
212:(2,7,1,3,2)
213:(7,7,0,3,2)
214:(7,7,1,3,2)
215:(6,7,0,3,2)
216:(6,7,1,3,2)
217:(5,7,0,3,2)
218:(5,7,1,3,2)
219:(4,7,0,3,2)
220:(4,7,1,3,2)
221:(3,7,0,3,2)
222:(3,7,1,3,2)
223:(3,7,0,0,2)
224:(3,7,1,0,2)
225:(7,7,0,0,2)
226:(7,7,1,0,2)
227:(6,7,0,0,2)
228:(6,7,1,0,2)
229:(6,7,0,6,2)
230:(6,7,1,6,2)
231:(7,7,0,6,2)
232:(7,7,1,6,2)
233:(5,7,0,6,2)
234:(5,7,1,6,2)
235:(4,7,0,6,2)
236:(4,7,1,6,2)
237:(3,7,0,6,2)
238:(3,7,1,6,2)
239:(2,7,0,6,2)
240:(2,7,1,6,2)
241:(2,7,0,6,0)
242:(2,7,1,6,0)
243:(5,7,0,0,2)
244:(5,7,1,0,2)
245:(5,7,0,5,2)
246:(5,7,1,5,2)
247:(7,7,0,5,2)
248:(7,7,1,5,2)
249:(6,7,0,5,2)
250:(6,7,1,5,2)
251:(4,7,0,5,2)
252:(4,7,1,5,2)
253:(3,7,0,5,2)
254:(3,7,1,5,2)
255:(2,7,0,5,2)
256:(2,7,1,5,2)
257:(2,7,0,5,0)
258:(2,7,1,5,0)
259:(4,7,0,0,2)
260:(4,7,1,0,2)
261:(4,7,0,4,2)
262:(4,7,1,4,2)
263:(7,7,0,4,2)
264:(7,7,1,4,2)
265:(6,7,0,4,2)
266:(6,7,1,4,2)
267:(5,7,0,4,2)
268:(5,7,1,4,2)
269:(3,7,0,4,2)
270:(3,7,1,4,2)
271:(2,7,0,4,2)
272:(2,7,1,4,2)
273:(2,7,0,4,0)
274:(2,7,1,4,0)
275:(2,7,0,0,2)
276:(2,7,1,0,2)
277:(7,7,0,3,3)
278:(7,7,1,3,3)
279:(6,7,0,3,3)
280:(6,7,1,3,3)
281:(5,7,0,3,3)
282:(5,7,1,3,3)
283:(4,7,0,3,3)
284:(4,7,1,3,3)
285:(2,7,0,3,3)
286:(2,7,1,3,3)
287:(2,7,0,0,3)
288:(2,7,1,0,3)
289:(2,7,0,2,3)
290:(2,7,1,2,3)
291:(7,7,0,2,3)
292:(7,7,1,2,3)
293:(6,7,0,2,3)
294:(6,7,1,2,3)
295:(5,7,0,2,3)
296:(5,7,1,2,3)
297:(4,7,0,2,3)
298:(4,7,1,2,3)
299:(3,7,0,2,3)
300:(3,7,1,2,3)
301:(3,7,0,2,0)
302:(3,7,1,2,0)
303:(5,7,0,2,0)
304:(5,7,1,2,0)
305:(5,7,0,2,5)
306:(5,7,1,2,5)
307:(7,7,0,2,5)
308:(7,7,1,2,5)
309:(6,7,0,2,5)
310:(6,7,1,2,5)
311:(4,7,0,2,5)
312:(4,7,1,2,5)
313:(3,7,0,2,5)
314:(3,7,1,2,5)
315:(2,7,0,2,5)
316:(2,7,1,2,5)
317:(2,7,0,0,5)
318:(2,7,1,0,5)
319:(4,7,0,2,0)
320:(4,7,1,2,0)
321:(4,7,0,2,4)
322:(4,7,1,2,4)
323:(7,7,0,2,4)
324:(7,7,1,2,4)
325:(6,7,0,2,4)
326:(6,7,1,2,4)
327:(5,7,0,2,4)
328:(5,7,1,2,4)
329:(3,7,0,2,4)
330:(3,7,1,2,4)
331:(2,7,0,2,4)
332:(2,7,1,2,4)
333:(2,7,0,0,4)
334:(2,7,1,0,4)
335:(2,7,0,4,3)
336:(2,7,1,4,3)
337:(7,7,0,4,4)
338:(7,7,1,4,4)
339:(6,7,0,4,4)
340:(6,7,1,4,4)
341:(5,7,0,4,4)
342:(5,7,1,4,4)
343:(3,7,0,4,4)
344:(3,7,1,4,4)
345:(2,7,0,4,4)
346:(2,7,1,4,4)
347:(3,7,0,5,4)
348:(3,7,1,5,4)
349:(2,7,0,5,4)
350:(2,7,1,5,4)
351:(2,7,0,5,3)
352:(2,7,1,5,3)
353:(5,7,0,6,3)
354:(5,7,1,6,3)
355:(4,7,0,6,3)
356:(4,7,1,6,3)
357:(2,7,0,6,3)
358:(2,7,1,6,3)
359:(3,7,0,6,4)
360:(3,7,1,6,4)
361:(2,7,0,6,4)
362:(2,7,1,6,4)
363:(2,7,0,3,4)
364:(2,7,1,3,4)
365:(4,7,0,3,5)
366:(4,7,1,3,5)
367:(2,7,0,3,5)
368:(2,7,1,3,5)
369:(3,7,0,4,5)
370:(3,7,1,4,5)
371:(2,7,0,4,5)
372:(2,7,1,4,5)
373:(5,7,0,4,6)
374:(5,7,1,4,6)
375:(3,7,0,4,6)
376:(3,7,1,4,6)
377:(2,7,0,4,6)
378:(2,7,1,4,6)
379:(4,7,0,5,6)
380:(4,7,1,5,6)
381:(3,7,0,5,6)
382:(3,7,1,5,6)
383:(2,7,0,5,6)
384:(2,7,1,5,6)
385:(7,7,0,5,5)
386:(7,7,1,5,5)
387:(6,7,0,5,5)
388:(6,7,1,5,5)
389:(4,7,0,5,5)
390:(4,7,1,5,5)
391:(3,7,0,5,5)
392:(3,7,1,5,5)
393:(2,7,0,5,5)
394:(2,7,1,5,5)
395:(4,7,0,6,5)
396:(4,7,1,6,5)
397:(3,7,0,6,5)
398:(3,7,1,6,5)
399:(2,7,0,6,5)
400:(2,7,1,6,5)
401:(7,7,0,6,6)
402:(7,7,1,6,6)
403:(5,7,0,6,6)
404:(5,7,1,6,6)
405:(4,7,0,6,6)
406:(4,7,1,6,6)
407:(3,7,0,6,6)
408:(3,7,1,6,6)
409:(2,7,0,6,6)
410:(2,7,1,6,6)
411:(7,7,0,2,2)
412:(7,7,1,2,2)
413:(6,7,0,2,2)
414:(6,7,1,2,2)
415:(5,7,0,2,2)
416:(5,7,1,2,2)
417:(4,7,0,2,2)
418:(4,7,1,2,2)
419:(3,7,0,2,2)
420:(3,7,1,2,2)
421:(2,2,1,2,1)
422:(2,2,0,2,1)
423:(2,7,1,2,1)
424:(2,7,0,2,1)
425:(2,7,0,0,1)
426:(7,7,0,2,1)
427:(6,7,0,2,1)
428:(5,7,0,2,1)
429:(4,7,0,2,1)
430:(3,7,0,2,1)
431:(2,2,1,2,2)
432:(2,2,0,2,0)
433:(2,2,1,1,0)
434:(2,2,0,1,2)
435:(2,7,1,1,2)
436:(2,7,0,1,2)
437:(2,7,0,1,0)
438:(7,7,0,1,2)
439:(6,7,0,1,2)
440:(5,7,0,1,2)
441:(4,7,0,1,2)
442:(3,7,0,1,2)
443:(2,6,1,1,2)
444:(2,6,0,1,2)
445:(2,6,1,6,2)
446:(2,6,0,6,2)
447:(2,5,1,6,2)
448:(2,5,0,6,2)
449:(2,4,1,6,2)
450:(2,4,0,6,2)
451:(2,3,1,6,2)
452:(2,3,0,6,2)
453:(2,2,1,6,2)
454:(2,2,0,6,2)
455:(2,2,1,6,1)
456:(7,2,0,6,1)
457:(7,7,1,6,1)
458:(7,7,0,6,1)
459:(7,2,1,6,2)
460:(7,2,0,6,2)
461:(7,2,1,6,1)
462:(7,6,1,6,2)
463:(7,6,0,6,2)
464:(7,6,1,1,2)
465:(7,6,0,1,2)
466:(7,7,1,1,2)
467:(7,5,1,1,2)
468:(7,5,0,1,2)
469:(7,5,1,5,2)
470:(7,5,0,5,2)
471:(7,6,1,5,2)
472:(7,6,0,5,2)
473:(7,4,1,5,2)
474:(7,4,0,5,2)
475:(7,3,1,5,2)
476:(7,3,0,5,2)
477:(7,2,1,5,2)
478:(7,2,0,5,2)
479:(7,2,1,5,1)
480:(7,2,0,5,1)
481:(7,7,1,5,1)
482:(7,7,0,5,1)
483:(7,6,1,5,1)
484:(7,6,0,5,1)
485:(7,6,1,5,6)
486:(7,6,0,5,6)
487:(7,5,1,5,6)
488:(7,5,0,5,6)
489:(7,5,1,1,6)
490:(7,5,0,1,6)
491:(7,7,1,1,6)
492:(7,7,0,1,6)
493:(7,6,1,1,6)
494:(7,6,0,1,6)
495:(7,6,1,6,6)
496:(7,6,0,6,6)
497:(7,6,1,6,1)
498:(7,6,0,6,1)
499:(7,5,1,6,1)
500:(7,5,0,6,1)
501:(7,5,1,6,5)
502:(7,5,0,6,5)
503:(7,6,1,6,5)
504:(7,6,0,6,5)
505:(7,6,1,1,5)
506:(7,6,0,1,5)
507:(7,7,1,1,5)
508:(7,7,0,1,5)
509:(7,5,1,1,5)
510:(7,5,0,1,5)
511:(7,5,1,5,5)
512:(7,5,0,5,5)
513:(7,5,1,5,1)
514:(7,5,0,5,1)
515:(7,4,1,5,1)
516:(7,4,0,5,1)
517:(7,4,1,5,4)
518:(7,4,0,5,4)
519:(7,6,1,5,4)
520:(7,6,0,5,4)
521:(7,5,1,5,4)
522:(7,5,0,5,4)
523:(7,5,1,1,4)
524:(7,5,0,1,4)
525:(7,7,1,1,4)
526:(7,7,0,1,4)
527:(7,6,1,1,4)
528:(7,6,0,1,4)
529:(7,6,1,6,4)
530:(7,6,0,6,4)
531:(7,5,1,6,4)
532:(7,5,0,6,4)
533:(7,4,1,6,4)
534:(7,4,0,6,4)
535:(7,4,1,6,1)
536:(7,4,0,6,1)
537:(7,3,1,6,1)
538:(7,3,0,6,1)
539:(7,3,1,6,3)
540:(7,3,0,6,3)
541:(7,6,1,6,3)
542:(7,6,0,6,3)
543:(7,6,1,1,3)
544:(7,6,0,1,3)
545:(7,7,1,1,3)
546:(7,7,0,1,3)
547:(7,5,1,1,3)
548:(7,5,0,1,3)
549:(7,5,1,5,3)
550:(7,5,0,5,3)
551:(7,6,1,5,3)
552:(7,6,0,5,3)
553:(7,4,1,5,3)
554:(7,4,0,5,3)
555:(7,3,1,5,3)
556:(7,3,0,5,3)
557:(7,3,1,5,1)
558:(7,3,0,5,1)
559:(7,2,1,5,3)
560:(7,2,0,5,3)
561:(7,4,1,1,3)
562:(7,4,0,1,3)
563:(7,4,1,4,3)
564:(7,4,0,4,3)
565:(7,6,1,4,3)
566:(7,6,0,4,3)
567:(7,5,1,4,3)
568:(7,5,0,4,3)
569:(7,3,1,4,3)
570:(7,3,0,4,3)
571:(7,3,1,4,1)
572:(7,3,0,4,1)
573:(7,7,1,4,1)
574:(7,7,0,4,1)
575:(7,6,1,4,1)
576:(7,6,0,4,1)
577:(7,6,1,4,6)
578:(7,6,0,4,6)
579:(7,5,1,4,6)
580:(7,5,0,4,6)
581:(7,4,1,4,6)
582:(7,4,0,4,6)
583:(7,4,1,1,6)
584:(7,4,0,1,6)
585:(7,3,1,1,6)
586:(7,3,0,1,6)
587:(7,3,1,3,6)
588:(7,3,0,3,6)
589:(7,6,1,3,6)
590:(7,6,0,3,6)
591:(7,6,1,3,1)
592:(7,6,0,3,1)
593:(7,7,1,3,1)
594:(7,7,0,3,1)
595:(7,5,1,3,1)
596:(7,5,0,3,1)
597:(7,5,1,3,5)
598:(7,5,0,3,5)
599:(7,6,1,3,5)
600:(7,6,0,3,5)
601:(7,4,1,3,5)
602:(7,4,0,3,5)
603:(7,3,1,3,5)
604:(7,3,0,3,5)
605:(7,3,1,1,5)
606:(7,3,0,1,5)
607:(7,4,1,1,5)
608:(7,4,0,1,5)
609:(7,4,1,4,5)
610:(7,4,0,4,5)
611:(7,6,1,4,5)
612:(7,6,0,4,5)
613:(7,5,1,4,5)
614:(7,5,0,4,5)
615:(7,5,1,4,1)
616:(7,5,0,4,1)
617:(7,4,1,4,1)
618:(7,4,0,4,1)
619:(7,4,1,4,4)
620:(7,4,0,4,4)
621:(7,4,1,1,4)
622:(7,4,0,1,4)
623:(7,3,1,1,4)
624:(7,3,0,1,4)
625:(7,3,1,3,4)
626:(7,3,0,3,4)
627:(7,6,1,3,4)
628:(7,6,0,3,4)
629:(7,5,1,3,4)
630:(7,5,0,3,4)
631:(7,4,1,3,4)
632:(7,4,0,3,4)
633:(7,4,1,3,1)
634:(7,4,0,3,1)
635:(7,3,1,3,1)
636:(7,3,0,3,1)
637:(7,3,1,3,3)
638:(7,3,0,3,3)
639:(7,3,1,1,3)
640:(7,3,0,1,3)
641:(7,2,1,1,3)
642:(7,2,0,1,3)
643:(7,2,1,2,3)
644:(7,2,0,2,3)
645:(7,6,1,2,3)
646:(7,6,0,2,3)
647:(7,5,1,2,3)
648:(7,5,0,2,3)
649:(7,4,1,2,3)
650:(7,4,0,2,3)
651:(7,3,1,2,3)
652:(7,3,0,2,3)
653:(7,3,1,2,1)
654:(7,3,0,2,1)
655:(7,7,1,2,1)
656:(7,6,1,2,1)
657:(7,6,0,2,1)
658:(7,6,1,2,6)
659:(7,6,0,2,6)
660:(7,5,1,2,6)
661:(7,5,0,2,6)
662:(7,4,1,2,6)
663:(7,4,0,2,6)
664:(7,3,1,2,6)
665:(7,3,0,2,6)
666:(7,2,1,2,6)
667:(7,2,0,2,6)
668:(7,2,1,1,6)
669:(7,2,0,1,6)
670:(7,5,1,2,1)
671:(7,5,0,2,1)
672:(7,5,1,2,5)
673:(7,5,0,2,5)
674:(7,6,1,2,5)
675:(7,6,0,2,5)
676:(7,4,1,2,5)
677:(7,4,0,2,5)
678:(7,3,1,2,5)
679:(7,3,0,2,5)
680:(7,2,1,2,5)
681:(7,2,0,2,5)
682:(7,2,1,1,5)
683:(7,2,0,1,5)
684:(7,4,1,2,1)
685:(7,4,0,2,1)
686:(7,4,1,2,4)
687:(7,4,0,2,4)
688:(7,6,1,2,4)
689:(7,6,0,2,4)
690:(7,5,1,2,4)
691:(7,5,0,2,4)
692:(7,3,1,2,4)
693:(7,3,0,2,4)
694:(7,2,1,2,4)
695:(7,2,0,2,4)
696:(7,2,1,1,4)
697:(7,2,0,1,4)
698:(7,2,1,2,1)
699:(7,2,0,2,1)
700:(7,2,1,2,2)
701:(7,2,0,2,2)
702:(7,2,1,1,2)
703:(7,2,0,1,2)
704:(7,4,1,1,2)
705:(7,4,0,1,2)
706:(7,4,1,4,2)
707:(7,4,0,4,2)
708:(7,6,1,4,2)
709:(7,6,0,4,2)
710:(7,5,1,4,2)
711:(7,5,0,4,2)
712:(7,3,1,4,2)
713:(7,3,0,4,2)
714:(7,2,1,4,2)
715:(7,2,0,4,2)
716:(7,2,1,4,1)
717:(7,2,0,4,1)
718:(7,3,1,1,2)
719:(7,3,0,1,2)
720:(7,3,1,3,2)
721:(7,3,0,3,2)
722:(7,6,1,3,2)
723:(7,6,0,3,2)
724:(7,5,1,3,2)
725:(7,5,0,3,2)
726:(7,4,1,3,2)
727:(7,4,0,3,2)
728:(7,2,1,3,2)
729:(7,2,0,3,2)
730:(7,2,1,3,1)
731:(7,2,0,3,1)
732:(7,6,1,2,2)
733:(7,6,0,2,2)
734:(7,5,1,2,2)
735:(7,5,0,2,2)
736:(7,4,1,2,2)
737:(7,4,0,2,2)
738:(7,3,1,2,2)
739:(7,3,0,2,2)
740:(7,6,1,3,3)
741:(7,6,0,3,3)
742:(7,5,1,3,3)
743:(7,5,0,3,3)
744:(7,4,1,3,3)
745:(7,4,0,3,3)
746:(7,2,1,3,3)
747:(7,2,0,3,3)
748:(7,2,1,3,4)
749:(7,2,0,3,4)
750:(7,6,1,4,4)
751:(7,6,0,4,4)
752:(7,5,1,4,4)
753:(7,5,0,4,4)
754:(7,3,1,4,4)
755:(7,3,0,4,4)
756:(7,2,1,4,4)
757:(7,2,0,4,4)
758:(7,3,1,4,5)
759:(7,3,0,4,5)
760:(7,2,1,4,5)
761:(7,2,0,4,5)
762:(7,2,1,3,5)
763:(7,2,0,3,5)
764:(7,5,1,3,6)
765:(7,5,0,3,6)
766:(7,4,1,3,6)
767:(7,4,0,3,6)
768:(7,2,1,3,6)
769:(7,2,0,3,6)
770:(7,3,1,4,6)
771:(7,3,0,4,6)
772:(7,2,1,4,6)
773:(7,2,0,4,6)
774:(7,2,1,4,3)
775:(7,2,0,4,3)
776:(7,5,1,6,3)
777:(7,5,0,6,3)
778:(7,4,1,6,3)
779:(7,4,0,6,3)
780:(7,2,1,6,3)
781:(7,2,0,6,3)
782:(7,3,1,6,4)
783:(7,3,0,6,4)
784:(7,2,1,6,4)
785:(7,2,0,6,4)
786:(7,3,1,5,4)
787:(7,3,0,5,4)
788:(7,2,1,5,4)
789:(7,2,0,5,4)
790:(7,6,1,5,5)
791:(7,6,0,5,5)
792:(7,4,1,5,5)
793:(7,4,0,5,5)
794:(7,3,1,5,5)
795:(7,3,0,5,5)
796:(7,2,1,5,5)
797:(7,2,0,5,5)
798:(7,4,1,6,5)
799:(7,4,0,6,5)
800:(7,3,1,6,5)
801:(7,3,0,6,5)
802:(7,2,1,6,5)
803:(7,2,0,6,5)
804:(7,5,1,6,6)
805:(7,5,0,6,6)
806:(7,4,1,6,6)
807:(7,4,0,6,6)
808:(7,3,1,6,6)
809:(7,3,0,6,6)
810:(7,2,1,6,6)
811:(7,2,0,6,6)
812:(7,4,1,5,6)
813:(7,4,0,5,6)
814:(7,3,1,5,6)
815:(7,3,0,5,6)
816:(7,2,1,5,6)
817:(7,2,0,5,6)
818:(7,5,1,6,2)
819:(7,5,0,6,2)
820:(7,4,1,6,2)
821:(7,4,0,6,2)
822:(7,3,1,6,2)
823:(7,3,0,6,2)
824:(6,2,0,6,1)
825:(6,7,1,6,1)
826:(6,7,0,6,1)
827:(6,7,0,0,1)
828:(5,7,0,6,1)
829:(4,7,0,6,1)
830:(3,7,0,6,1)
831:(2,7,0,6,1)
832:(6,2,1,6,2)
833:(6,2,0,6,2)
834:(6,2,1,6,1)
835:(6,2,0,0,1)
836:(6,7,1,0,1)
837:(7,7,0,0,1)
838:(5,7,0,0,1)
839:(4,7,0,0,1)
840:(3,7,0,0,1)
841:(6,2,1,0,2)
842:(7,2,0,0,2)
843:(7,2,1,0,1)
844:(7,2,0,0,1)
845:(7,7,1,0,1)
846:(7,2,1,0,2)
847:(7,6,1,0,1)
848:(7,6,0,0,1)
849:(7,6,1,0,6)
850:(7,6,0,0,6)
851:(7,5,1,0,6)
852:(7,5,0,0,6)
853:(7,4,1,0,6)
854:(7,4,0,0,6)
855:(7,3,1,0,6)
856:(7,3,0,0,6)
857:(7,2,1,0,6)
858:(7,2,0,0,6)
859:(7,5,1,0,1)
860:(7,5,0,0,1)
861:(7,5,1,0,5)
862:(7,5,0,0,5)
863:(7,6,1,0,5)
864:(7,6,0,0,5)
865:(7,4,1,0,5)
866:(7,4,0,0,5)
867:(7,3,1,0,5)
868:(7,3,0,0,5)
869:(7,2,1,0,5)
870:(7,2,0,0,5)
871:(7,4,1,0,1)
872:(7,4,0,0,1)
873:(7,4,1,0,4)
874:(7,4,0,0,4)
875:(7,6,1,0,4)
876:(7,6,0,0,4)
877:(7,5,1,0,4)
878:(7,5,0,0,4)
879:(7,3,1,0,4)
880:(7,3,0,0,4)
881:(7,2,1,0,4)
882:(7,2,0,0,4)
883:(7,3,1,0,1)
884:(7,3,0,0,1)
885:(7,3,1,0,3)
886:(7,3,0,0,3)
887:(7,6,1,0,3)
888:(7,6,0,0,3)
889:(7,5,1,0,3)
890:(7,5,0,0,3)
891:(7,4,1,0,3)
892:(7,4,0,0,3)
893:(7,2,1,0,3)
894:(7,2,0,0,3)
895:(7,6,1,0,2)
896:(7,6,0,0,2)
897:(7,5,1,0,2)
898:(7,5,0,0,2)
899:(7,4,1,0,2)
900:(7,4,0,0,2)
901:(7,3,1,0,2)
902:(7,3,0,0,2)
903:(6,2,0,0,2)
904:(6,2,1,0,1)
905:(5,2,0,0,1)
906:(5,7,1,0,1)
907:(5,7,0,5,1)
908:(5,2,1,0,2)
909:(5,2,0,5,2)
910:(5,2,1,5,1)
911:(5,2,0,5,1)
912:(5,7,1,5,1)
913:(6,7,0,5,1)
914:(4,7,0,5,1)
915:(3,7,0,5,1)
916:(2,7,0,5,1)
917:(5,2,1,5,2)
918:(5,2,0,0,2)
919:(5,2,1,0,1)
920:(4,2,0,0,1)
921:(4,7,1,0,1)
922:(4,7,0,4,1)
923:(4,2,1,0,2)
924:(4,2,0,4,2)
925:(4,2,1,4,1)
926:(4,2,0,4,1)
927:(4,7,1,4,1)
928:(6,7,0,4,1)
929:(5,7,0,4,1)
930:(3,7,0,4,1)
931:(2,7,0,4,1)
932:(4,2,1,4,2)
933:(4,2,0,0,2)
934:(4,2,1,0,1)
935:(3,2,0,0,1)
936:(3,7,1,0,1)
937:(3,7,0,3,1)
938:(3,2,1,0,2)
939:(3,2,0,3,2)
940:(3,2,1,3,1)
941:(3,2,0,3,1)
942:(3,7,1,3,1)
943:(6,7,0,3,1)
944:(5,7,0,3,1)
945:(4,7,0,3,1)
946:(2,7,0,3,1)
947:(3,2,1,3,2)
948:(3,2,0,0,2)
949:(3,2,1,0,1)
950:(2,2,0,0,1)
951:(2,7,1,0,1)
952:(2,2,1,0,2)
953:(2,2,0,0,2)
954:(2,2,1,0,1)
955:(2,6,1,0,2)
956:(2,6,0,2,2)
957:(2,6,1,2,2)
958:(2,6,0,2,0)
959:(2,6,1,2,0)
960:(7,6,0,2,0)
961:(7,6,1,2,0)
962:(7,5,1,2,0)
963:(7,5,0,2,0)
964:(7,4,1,2,0)
965:(7,4,0,2,0)
966:(7,3,1,2,0)
967:(7,3,0,2,0)
968:(7,2,1,2,0)
969:(7,2,0,2,0)
970:(7,2,1,1,0)
971:(7,2,0,1,0)
972:(7,7,1,1,0)
973:(7,7,0,1,0)
974:(7,6,1,1,0)
975:(7,6,0,1,0)
976:(7,6,1,6,0)
977:(7,6,0,6,0)
978:(7,5,1,6,0)
979:(7,5,0,6,0)
980:(7,4,1,6,0)
981:(7,4,0,6,0)
982:(7,3,1,6,0)
983:(7,3,0,6,0)
984:(7,2,1,6,0)
985:(7,2,0,6,0)
986:(7,5,1,1,0)
987:(7,5,0,1,0)
988:(7,5,1,5,0)
989:(7,5,0,5,0)
990:(7,6,1,5,0)
991:(7,6,0,5,0)
992:(7,4,1,5,0)
993:(7,4,0,5,0)
994:(7,3,1,5,0)
995:(7,3,0,5,0)
996:(7,2,1,5,0)
997:(7,2,0,5,0)
998:(7,4,1,1,0)
999:(7,4,0,1,0)
1000:(7,4,1,4,0)
1001:(7,4,0,4,0)
1002:(7,6,1,4,0)
1003:(7,6,0,4,0)
1004:(7,5,1,4,0)
1005:(7,5,0,4,0)
1006:(7,3,1,4,0)
1007:(7,3,0,4,0)
1008:(7,2,1,4,0)
1009:(7,2,0,4,0)
1010:(7,3,1,1,0)
1011:(7,3,0,1,0)
1012:(7,3,1,3,0)
1013:(7,3,0,3,0)
1014:(7,6,1,3,0)
1015:(7,6,0,3,0)
1016:(7,5,1,3,0)
1017:(7,5,0,3,0)
1018:(7,4,1,3,0)
1019:(7,4,0,3,0)
1020:(7,2,1,3,0)
1021:(7,2,0,3,0)
1022:(6,6,0,2,0)
1023:(6,6,1,2,0)
1024:(6,6,0,2,6)
1025:(6,6,1,2,1)
1026:(6,6,0,2,1)
1027:(6,7,1,2,1)
1028:(6,6,1,2,6)
1029:(5,6,0,2,6)
1030:(5,6,1,2,1)
1031:(5,6,0,2,1)
1032:(5,7,1,2,1)
1033:(5,6,1,2,6)
1034:(4,6,0,2,6)
1035:(4,6,1,2,1)
1036:(4,6,0,2,1)
1037:(4,7,1,2,1)
1038:(4,6,1,2,6)
1039:(3,6,0,2,6)
1040:(3,6,1,2,1)
1041:(3,6,0,2,1)
1042:(3,7,1,2,1)
1043:(3,6,1,2,6)
1044:(2,6,0,2,6)
1045:(2,6,1,2,1)
1046:(2,6,0,2,1)
1047:(2,6,1,2,6)
1048:(2,6,0,0,6)
1049:(2,6,1,0,1)
1050:(6,6,0,0,1)
1051:(6,6,1,0,6)
1052:(6,6,0,6,6)
1053:(6,6,1,6,1)
1054:(6,6,0,6,1)
1055:(6,6,1,6,6)
1056:(6,6,0,6,0)
1057:(6,6,1,1,0)
1058:(6,6,0,1,6)
1059:(6,7,1,1,6)
1060:(6,7,0,1,6)
1061:(6,7,0,1,0)
1062:(5,7,0,1,6)
1063:(4,7,0,1,6)
1064:(3,7,0,1,6)
1065:(2,7,0,1,6)
1066:(6,6,1,1,6)
1067:(6,6,0,1,0)
1068:(6,7,1,1,0)
1069:(5,7,0,1,0)
1070:(4,7,0,1,0)
1071:(3,7,0,1,0)
1072:(6,6,1,6,0)
1073:(5,6,0,6,0)
1074:(5,6,1,1,0)
1075:(5,6,0,1,5)
1076:(5,7,1,1,5)
1077:(5,7,0,1,5)
1078:(6,7,0,1,5)
1079:(4,7,0,1,5)
1080:(3,7,0,1,5)
1081:(2,7,0,1,5)
1082:(5,6,1,6,5)
1083:(5,6,0,6,5)
1084:(5,6,1,1,5)
1085:(5,6,0,1,0)
1086:(5,7,1,1,0)
1087:(5,6,1,6,0)
1088:(4,6,0,6,0)
1089:(4,6,1,1,0)
1090:(4,6,0,1,4)
1091:(4,7,1,1,4)
1092:(4,7,0,1,4)
1093:(6,7,0,1,4)
1094:(5,7,0,1,4)
1095:(3,7,0,1,4)
1096:(2,7,0,1,4)
1097:(4,6,1,6,4)
1098:(4,6,0,6,4)
1099:(4,6,1,1,4)
1100:(4,6,0,1,0)
1101:(4,7,1,1,0)
1102:(4,6,1,6,0)
1103:(3,6,0,6,0)
1104:(3,6,1,1,0)
1105:(3,6,0,1,3)
1106:(3,7,1,1,3)
1107:(3,7,0,1,3)
1108:(6,7,0,1,3)
1109:(5,7,0,1,3)
1110:(4,7,0,1,3)
1111:(2,7,0,1,3)
1112:(3,6,1,6,3)
1113:(3,6,0,6,3)
1114:(3,6,1,1,3)
1115:(3,6,0,1,0)
1116:(3,7,1,1,0)
1117:(3,6,1,6,0)
1118:(2,6,0,6,0)
1119:(2,6,1,1,0)
1120:(2,6,0,1,0)
1121:(2,7,1,1,0)
1122:(2,6,1,6,0)
1123:(2,5,1,1,0)
1124:(2,5,0,1,2)
1125:(2,5,1,5,2)
1126:(2,5,0,5,2)
1127:(2,5,1,1,2)
1128:(2,5,0,1,0)
1129:(2,5,1,5,0)
1130:(6,5,0,5,0)
1131:(6,5,1,1,0)
1132:(6,5,0,1,6)
1133:(6,5,1,5,6)
1134:(6,5,0,5,6)
1135:(6,5,1,1,6)
1136:(6,5,0,1,0)
1137:(6,5,1,5,0)
1138:(5,5,0,5,0)
1139:(5,5,1,1,0)
1140:(5,5,0,1,5)
1141:(5,5,1,5,5)
1142:(5,5,0,5,5)
1143:(5,5,1,5,1)
1144:(5,5,0,5,1)
1145:(5,6,1,5,1)
1146:(5,6,0,5,1)
1147:(5,6,1,5,6)
1148:(5,6,0,5,6)
1149:(5,5,1,5,6)
1150:(5,5,0,5,6)
1151:(5,5,1,1,6)
1152:(5,5,0,1,6)
1153:(5,7,1,1,6)
1154:(5,6,1,1,6)
1155:(5,6,0,1,6)
1156:(5,6,1,6,6)
1157:(5,6,0,6,6)
1158:(5,6,1,6,1)
1159:(5,6,0,6,1)
1160:(5,7,1,6,1)
1161:(5,5,1,6,1)
1162:(6,5,0,6,1)
1163:(6,5,1,6,5)
1164:(6,5,0,6,5)
1165:(6,5,1,6,1)
1166:(6,5,0,0,1)
1167:(6,5,1,0,5)
1168:(6,5,0,0,5)
1169:(6,5,1,0,1)
1170:(5,5,0,0,1)
1171:(5,5,1,0,5)
1172:(5,5,0,0,5)
1173:(5,5,1,0,1)
1174:(4,5,0,0,1)
1175:(4,5,1,0,5)
1176:(4,5,0,4,5)
1177:(4,5,1,4,1)
1178:(4,5,0,4,1)
1179:(4,5,1,4,5)
1180:(4,5,0,0,5)
1181:(4,5,1,0,1)
1182:(3,5,0,0,1)
1183:(3,5,1,0,5)
1184:(3,5,0,3,5)
1185:(3,5,1,3,1)
1186:(3,5,0,3,1)
1187:(3,5,1,3,5)
1188:(3,5,0,0,5)
1189:(3,5,1,0,1)
1190:(2,5,0,0,1)
1191:(2,5,1,0,5)
1192:(2,5,0,2,5)
1193:(2,5,1,2,1)
1194:(2,5,0,2,1)
1195:(2,5,1,2,5)
1196:(2,5,0,0,5)
1197:(2,5,1,0,1)
1198:(2,6,1,0,5)
1199:(2,6,0,2,5)
1200:(2,6,1,2,5)
1201:(2,6,0,0,5)
1202:(2,4,1,0,5)
1203:(2,4,0,2,5)
1204:(2,4,1,2,5)
1205:(2,4,0,0,5)
1206:(2,3,1,0,5)
1207:(2,3,0,2,5)
1208:(2,3,1,2,5)
1209:(2,3,0,0,5)
1210:(2,2,1,0,5)
1211:(2,2,0,2,5)
1212:(2,2,1,1,5)
1213:(6,2,0,1,5)
1214:(6,7,1,1,5)
1215:(6,2,1,2,5)
1216:(6,2,0,2,5)
1217:(6,2,1,1,5)
1218:(5,2,0,1,5)
1219:(5,2,1,2,5)
1220:(5,2,0,2,5)
1221:(5,2,1,1,5)
1222:(5,2,0,1,0)
1223:(5,2,1,2,0)
1224:(6,2,0,2,0)
1225:(6,2,1,1,0)
1226:(6,2,0,1,6)
1227:(6,2,1,2,6)
1228:(6,2,0,2,6)
1229:(6,2,1,1,6)
1230:(6,2,0,1,0)
1231:(6,2,1,2,0)
1232:(5,2,0,2,0)
1233:(5,2,1,1,0)
1234:(4,2,0,1,0)
1235:(4,2,1,2,0)
1236:(4,2,0,2,4)
1237:(4,2,1,1,4)
1238:(4,2,0,1,4)
1239:(4,2,1,2,4)
1240:(4,2,0,2,0)
1241:(4,2,1,1,0)
1242:(3,2,0,1,0)
1243:(3,2,1,2,0)
1244:(3,2,0,2,3)
1245:(3,2,1,1,3)
1246:(3,2,0,1,3)
1247:(3,2,1,2,3)
1248:(3,2,0,2,0)
1249:(3,2,1,1,0)
1250:(2,2,0,1,0)
1251:(2,2,1,2,0)
1252:(2,4,1,1,0)
1253:(2,4,0,1,2)
1254:(2,4,1,4,2)
1255:(2,4,0,4,2)
1256:(2,4,1,1,2)
1257:(2,4,0,1,0)
1258:(2,4,1,4,0)
1259:(6,4,0,4,0)
1260:(6,4,1,1,0)
1261:(6,4,0,1,6)
1262:(6,4,1,4,6)
1263:(6,4,0,4,6)
1264:(6,4,1,1,6)
1265:(6,4,0,1,0)
1266:(6,4,1,4,0)
1267:(5,4,0,4,0)
1268:(5,4,1,1,0)
1269:(5,4,0,1,5)
1270:(5,4,1,4,5)
1271:(5,4,0,4,5)
1272:(5,4,1,1,5)
1273:(5,4,0,1,0)
1274:(5,4,1,4,0)
1275:(4,4,0,4,0)
1276:(4,4,1,1,0)
1277:(4,4,0,1,4)
1278:(4,4,1,4,4)
1279:(4,4,0,4,4)
1280:(4,4,1,4,1)
1281:(4,4,0,4,1)
1282:(4,6,1,4,1)
1283:(4,6,0,4,1)
1284:(4,6,1,4,6)
1285:(4,6,0,4,6)
1286:(4,5,1,4,6)
1287:(4,5,0,4,6)
1288:(4,4,1,4,6)
1289:(4,4,0,4,6)
1290:(4,4,1,1,6)
1291:(5,4,0,1,6)
1292:(5,4,1,4,6)
1293:(5,4,0,4,6)
1294:(5,4,1,1,6)
1295:(4,4,0,1,6)
1296:(4,7,1,1,6)
1297:(4,6,1,1,6)
1298:(4,6,0,1,6)
1299:(4,6,1,6,6)
1300:(4,6,0,6,6)
1301:(4,6,1,6,1)
1302:(4,6,0,6,1)
1303:(4,7,1,6,1)
1304:(4,5,1,6,1)
1305:(5,5,0,6,1)
1306:(5,5,1,6,5)
1307:(5,5,0,6,5)
1308:(5,4,1,6,5)
1309:(5,4,0,6,5)
1310:(5,3,1,6,5)
1311:(5,3,0,6,5)
1312:(5,2,1,6,5)
1313:(5,2,0,6,5)
1314:(5,2,0,6,0)
1315:(5,5,1,6,0)
1316:(6,5,0,6,0)
1317:(6,5,1,6,0)
1318:(6,5,0,6,6)
1319:(6,5,1,6,6)
1320:(6,5,0,0,6)
1321:(6,5,1,0,6)
1322:(5,5,0,0,6)
1323:(5,6,1,0,6)
1324:(6,6,0,0,6)
1325:(6,6,1,0,1)
1326:(5,6,0,0,1)
1327:(5,6,1,0,1)
1328:(4,6,0,0,1)
1329:(4,6,1,0,6)
1330:(5,6,0,0,6)
1331:(5,5,1,0,6)
1332:(4,5,0,0,6)
1333:(4,5,1,0,6)
1334:(3,5,0,0,6)
1335:(3,6,1,0,6)
1336:(3,6,0,3,6)
1337:(3,6,1,3,1)
1338:(3,6,0,3,1)
1339:(3,6,1,3,6)
1340:(3,6,0,0,6)
1341:(3,6,1,0,1)
1342:(3,6,0,0,1)
1343:(3,4,1,0,1)
1344:(3,4,0,3,1)
1345:(3,4,1,3,4)
1346:(3,4,0,3,4)
1347:(3,4,1,3,1)
1348:(3,4,0,0,1)
1349:(3,4,1,0,4)
1350:(6,4,0,0,4)
1351:(6,4,1,0,1)
1352:(6,4,0,6,1)
1353:(6,4,1,6,4)
1354:(6,4,0,6,4)
1355:(6,4,1,6,1)
1356:(6,4,0,0,1)
1357:(6,4,1,0,4)
1358:(5,4,0,0,4)
1359:(5,4,1,0,1)
1360:(5,4,0,5,1)
1361:(5,4,1,5,4)
1362:(5,4,0,5,4)
1363:(5,4,1,5,1)
1364:(5,4,0,0,1)
1365:(5,4,1,0,4)
1366:(4,4,0,0,4)
1367:(4,4,1,0,1)
1368:(4,4,0,0,1)
1369:(4,4,1,0,4)
1370:(3,4,0,0,4)
1371:(3,6,1,0,4)
1372:(3,6,0,3,4)
1373:(3,6,1,3,4)
1374:(3,6,0,0,4)
1375:(3,5,1,0,4)
1376:(3,5,0,3,4)
1377:(3,5,1,3,4)
1378:(3,5,0,0,4)
1379:(3,3,1,0,4)
1380:(3,3,0,3,4)
1381:(3,3,1,1,4)
1382:(6,3,0,1,4)
1383:(6,7,1,1,4)
1384:(6,3,1,3,4)
1385:(6,3,0,3,4)
1386:(6,3,1,1,4)
1387:(5,3,0,1,4)
1388:(5,7,1,1,4)
1389:(5,3,1,3,4)
1390:(5,3,0,3,4)
1391:(5,3,1,1,4)
1392:(4,3,0,1,4)
1393:(4,3,1,3,4)
1394:(4,3,0,3,4)
1395:(4,3,1,1,4)
1396:(4,3,0,1,0)
1397:(4,3,1,3,0)
1398:(6,3,0,3,0)
1399:(6,3,1,1,0)
1400:(6,3,0,1,6)
1401:(6,3,1,3,6)
1402:(6,3,0,3,6)
1403:(6,3,1,1,6)
1404:(6,3,0,1,0)
1405:(6,3,1,3,0)
1406:(5,3,0,3,0)
1407:(5,3,1,1,0)
1408:(5,3,0,1,5)
1409:(5,3,1,3,5)
1410:(5,3,0,3,5)
1411:(5,3,1,1,5)
1412:(5,3,0,1,0)
1413:(5,3,1,3,0)
1414:(4,3,0,3,0)
1415:(4,3,1,1,0)
1416:(3,3,0,1,0)
1417:(3,3,1,3,0)
1418:(3,3,0,3,3)
1419:(3,3,1,3,1)
1420:(3,3,0,3,1)
1421:(3,3,1,3,3)
1422:(3,3,0,3,0)
1423:(3,3,1,1,0)
1424:(3,3,0,1,3)
1425:(3,5,1,1,3)
1426:(3,5,0,1,3)
1427:(3,5,1,5,3)
1428:(3,5,0,5,3)
1429:(3,6,1,5,3)
1430:(3,6,0,5,3)
1431:(3,4,1,5,3)
1432:(3,4,0,5,3)
1433:(3,3,1,5,3)
1434:(3,3,0,5,3)
1435:(3,3,1,5,1)
1436:(6,3,0,5,1)
1437:(6,7,1,5,1)
1438:(6,3,1,5,3)
1439:(6,3,0,5,3)
1440:(6,3,1,5,1)
1441:(5,3,0,5,1)
1442:(5,3,1,5,3)
1443:(5,3,0,5,3)
1444:(5,3,1,5,1)
1445:(5,3,0,0,1)
1446:(5,3,1,0,3)
1447:(6,3,0,0,3)
1448:(6,3,1,0,1)
1449:(6,3,0,6,1)
1450:(6,3,1,6,3)
1451:(6,3,0,6,3)
1452:(6,3,1,6,1)
1453:(6,3,0,0,1)
1454:(6,3,1,0,3)
1455:(5,3,0,0,3)
1456:(5,3,1,0,1)
1457:(4,3,0,0,1)
1458:(4,3,1,0,3)
1459:(4,3,0,4,3)
1460:(4,3,1,4,1)
1461:(4,3,0,4,1)
1462:(4,3,1,4,3)
1463:(4,3,0,0,3)
1464:(4,3,1,0,1)
1465:(3,3,0,0,1)
1466:(3,3,1,0,3)
1467:(3,3,0,0,3)
1468:(3,3,1,0,1)
1469:(2,3,0,0,1)
1470:(2,3,1,0,3)
1471:(2,3,0,2,3)
1472:(2,3,1,2,1)
1473:(2,3,0,2,1)
1474:(2,3,1,2,3)
1475:(2,3,0,0,3)
1476:(2,3,1,0,1)
1477:(2,6,1,0,3)
1478:(2,6,0,2,3)
1479:(2,6,1,2,3)
1480:(2,6,0,0,3)
1481:(2,5,1,0,3)
1482:(2,5,0,2,3)
1483:(2,5,1,2,3)
1484:(2,5,0,0,3)
1485:(2,4,1,0,3)
1486:(2,4,0,2,3)
1487:(2,4,1,2,3)
1488:(2,4,0,0,3)
1489:(2,2,1,0,3)
1490:(2,2,0,2,3)
1491:(2,2,1,1,3)
1492:(6,2,0,1,3)
1493:(6,7,1,1,3)
1494:(6,2,1,2,3)
1495:(6,2,0,2,3)
1496:(6,2,1,1,3)
1497:(5,2,0,1,3)
1498:(5,7,1,1,3)
1499:(5,2,1,2,3)
1500:(5,2,0,2,3)
1501:(5,2,1,1,3)
1502:(4,2,0,1,3)
1503:(4,7,1,1,3)
1504:(4,2,1,2,3)
1505:(4,2,0,2,3)
1506:(4,2,1,1,3)
1507:(2,2,0,1,3)
1508:(2,7,1,1,3)
1509:(2,2,1,2,3)
1510:(2,2,0,0,3)
1511:(2,6,1,1,3)
1512:(6,6,0,1,3)
1513:(6,6,1,6,3)
1514:(6,6,0,6,3)
1515:(6,6,1,1,3)
1516:(5,6,0,1,3)
1517:(5,6,1,6,3)
1518:(5,6,0,6,3)
1519:(5,6,1,1,3)
1520:(4,6,0,1,3)
1521:(4,6,1,6,3)
1522:(4,6,0,6,3)
1523:(4,6,1,1,3)
1524:(2,6,0,1,3)
1525:(2,6,1,6,3)
1526:(2,6,0,6,3)
1527:(2,5,1,6,3)
1528:(6,5,0,6,3)
1529:(6,5,1,6,3)
1530:(6,5,0,0,3)
1531:(6,6,1,0,3)
1532:(6,6,0,0,3)
1533:(6,5,1,0,3)
1534:(5,5,0,0,3)
1535:(5,6,1,0,3)
1536:(5,6,0,5,3)
1537:(5,6,1,5,3)
1538:(5,6,0,0,3)
1539:(5,5,1,0,3)
1540:(5,5,0,5,3)
1541:(5,5,1,1,3)
1542:(6,5,0,1,3)
1543:(6,5,1,5,3)
1544:(6,5,0,5,3)
1545:(6,5,1,1,3)
1546:(5,5,0,1,3)
1547:(5,5,1,5,3)
1548:(4,5,0,5,3)
1549:(4,5,1,1,3)
1550:(4,5,0,1,3)
1551:(4,5,1,5,3)
1552:(2,5,0,5,3)
1553:(2,5,1,1,3)
1554:(2,5,0,1,3)
1555:(2,5,1,5,3)
1556:(2,4,1,1,3)
1557:(6,4,0,1,3)
1558:(6,4,1,4,3)
1559:(6,4,0,4,3)
1560:(6,4,1,1,3)
1561:(5,4,0,1,3)
1562:(5,4,1,4,3)
1563:(5,4,0,4,3)
1564:(5,4,1,1,3)
1565:(4,4,0,1,3)
1566:(4,4,1,4,3)
1567:(4,4,0,4,3)
1568:(4,4,1,1,3)
1569:(3,4,0,1,3)
1570:(3,4,1,4,3)
1571:(3,4,0,4,3)
1572:(3,4,1,1,3)
1573:(3,4,0,1,0)
1574:(3,4,1,4,0)
1575:(3,4,0,4,0)
1576:(3,4,1,1,0)
1577:(4,4,0,1,0)
1578:(4,4,1,4,0)
1579:(2,4,0,4,0)
1580:(2,6,1,4,0)
1581:(2,6,0,4,2)
1582:(2,6,1,4,2)
1583:(2,6,0,4,0)
1584:(2,5,1,4,0)
1585:(2,5,0,4,2)
1586:(2,5,1,4,2)
1587:(2,5,0,4,0)
1588:(2,3,1,4,0)
1589:(2,3,0,4,2)
1590:(2,3,1,4,2)
1591:(2,3,0,4,0)
1592:(2,2,1,4,0)
1593:(2,2,0,4,2)
1594:(2,2,1,4,1)
1595:(6,2,0,4,1)
1596:(6,7,1,4,1)
1597:(6,2,1,4,2)
1598:(6,2,0,4,2)
1599:(6,2,1,4,1)
1600:(5,2,0,4,1)
1601:(5,7,1,4,1)
1602:(5,2,1,4,2)
1603:(5,2,0,4,2)
1604:(5,2,1,4,1)
1605:(3,2,0,4,1)
1606:(3,7,1,4,1)
1607:(3,2,1,4,2)
1608:(3,2,0,4,2)
1609:(3,2,1,4,1)
1610:(2,2,0,4,1)
1611:(2,7,1,4,1)
1612:(2,2,1,4,2)
1613:(2,2,0,4,0)
1614:(2,6,1,4,1)
1615:(6,6,0,4,1)
1616:(6,6,1,4,6)
1617:(6,6,0,4,6)
1618:(6,6,1,4,1)
1619:(5,6,0,4,1)
1620:(5,6,1,4,6)
1621:(5,6,0,4,6)
1622:(5,6,1,4,1)
1623:(3,6,0,4,1)
1624:(3,6,1,4,6)
1625:(3,6,0,4,6)
1626:(3,6,1,4,1)
1627:(2,6,0,4,1)
1628:(2,6,1,4,6)
1629:(2,6,0,4,6)
1630:(2,5,1,4,6)
1631:(6,5,0,4,6)
1632:(6,5,1,4,6)
1633:(6,5,0,4,0)
1634:(6,6,1,4,0)
1635:(6,6,0,4,0)
1636:(6,5,1,4,0)
1637:(5,5,0,4,0)
1638:(5,6,1,4,0)
1639:(5,6,0,4,5)
1640:(5,6,1,4,5)
1641:(5,6,0,4,0)
1642:(5,5,1,4,0)
1643:(5,5,0,4,5)
1644:(5,5,1,4,1)
1645:(6,5,0,4,1)
1646:(6,5,1,4,5)
1647:(6,5,0,4,5)
1648:(6,5,1,4,1)
1649:(5,5,0,4,1)
1650:(5,5,1,4,5)
1651:(3,5,0,4,5)
1652:(3,5,1,4,1)
1653:(3,5,0,4,1)
1654:(3,5,1,4,5)
1655:(2,5,0,4,5)
1656:(2,5,1,4,1)
1657:(2,5,0,4,1)
1658:(2,5,1,4,5)
1659:(2,4,1,4,1)
1660:(6,4,0,4,1)
1661:(6,4,1,4,4)
1662:(6,4,0,4,4)
1663:(6,4,1,4,1)
1664:(5,4,0,4,1)
1665:(5,4,1,4,4)
1666:(5,4,0,4,4)
1667:(5,4,1,4,1)
1668:(3,4,0,4,1)
1669:(3,4,1,4,4)
1670:(3,4,0,4,4)
1671:(3,4,1,4,1)
1672:(2,4,0,4,1)
1673:(2,4,1,4,4)
1674:(2,4,0,4,4)
1675:(2,4,1,1,4)
1676:(6,4,0,1,4)
1677:(6,6,1,1,4)
1678:(6,6,0,1,4)
1679:(6,6,1,6,4)
1680:(6,6,0,6,4)
1681:(6,5,1,6,4)
1682:(6,5,0,6,4)
1683:(6,3,1,6,4)
1684:(6,3,0,6,4)
1685:(6,2,1,6,4)
1686:(6,2,0,6,4)
1687:(6,2,0,0,4)
1688:(6,6,1,0,4)
1689:(6,6,0,0,4)
1690:(6,5,1,0,4)
1691:(6,5,0,0,4)
1692:(6,3,1,0,4)
1693:(6,3,0,0,4)
1694:(6,2,1,0,4)
1695:(5,2,0,0,4)
1696:(5,6,1,0,4)
1697:(5,6,0,5,4)
1698:(5,6,1,5,4)
1699:(5,6,0,0,4)
1700:(5,5,1,0,4)
1701:(5,5,0,5,4)
1702:(5,5,1,1,4)
1703:(6,5,0,1,4)
1704:(6,5,1,5,4)
1705:(6,5,0,5,4)
1706:(6,5,1,1,4)
1707:(5,5,0,1,4)
1708:(5,5,1,5,4)
1709:(5,5,0,0,4)
1710:(5,3,1,0,4)
1711:(5,3,0,5,4)
1712:(5,3,1,5,4)
1713:(5,3,0,0,4)
1714:(5,2,1,0,4)
1715:(5,2,0,5,4)
1716:(5,2,1,5,4)
1717:(6,2,0,5,4)
1718:(6,6,1,5,4)
1719:(6,6,0,5,4)
1720:(6,4,1,5,4)
1721:(6,4,0,5,4)
1722:(6,4,1,5,1)
1723:(6,4,0,5,1)
1724:(6,6,1,5,1)
1725:(6,6,0,5,1)
1726:(6,6,1,5,6)
1727:(6,6,0,5,6)
1728:(6,4,1,5,6)
1729:(6,4,0,5,6)
1730:(6,3,1,5,6)
1731:(6,3,0,5,6)
1732:(6,2,1,5,6)
1733:(6,2,0,5,6)
1734:(6,2,0,5,0)
1735:(6,6,1,5,0)
1736:(6,6,0,5,0)
1737:(6,4,1,5,0)
1738:(6,4,0,5,0)
1739:(6,3,1,5,0)
1740:(6,3,0,5,0)
1741:(6,2,1,5,0)
1742:(5,2,0,5,0)
1743:(5,6,1,5,0)
1744:(5,6,0,5,5)
1745:(5,6,1,5,5)
1746:(5,6,0,5,0)
1747:(5,5,1,5,0)
1748:(4,5,0,5,0)
1749:(4,5,1,1,0)
1750:(4,5,0,1,4)
1751:(4,5,1,5,4)
1752:(4,5,0,5,4)
1753:(4,5,1,1,4)
1754:(4,5,0,1,0)
1755:(4,5,1,5,0)
1756:(3,5,0,5,0)
1757:(3,5,1,1,0)
1758:(5,5,0,1,0)
1759:(3,5,0,1,0)
1760:(3,5,1,5,0)
1761:(2,5,0,5,0)
1762:(2,6,1,5,0)
1763:(2,6,0,5,2)
1764:(2,6,1,5,2)
1765:(2,6,0,5,0)
1766:(2,4,1,5,0)
1767:(2,4,0,5,2)
1768:(2,4,1,5,2)
1769:(2,4,0,5,0)
1770:(2,3,1,5,0)
1771:(2,3,0,5,2)
1772:(2,3,1,5,2)
1773:(2,3,0,5,0)
1774:(2,2,1,5,0)
1775:(2,2,0,5,2)
1776:(2,2,1,5,1)
1777:(6,2,0,5,1)
1778:(6,2,1,5,2)
1779:(6,2,0,5,2)
1780:(6,2,1,5,1)
1781:(4,2,0,5,1)
1782:(4,7,1,5,1)
1783:(4,2,1,5,2)
1784:(4,2,0,5,2)
1785:(4,2,1,5,1)
1786:(3,2,0,5,1)
1787:(3,7,1,5,1)
1788:(3,2,1,5,2)
1789:(3,2,0,5,2)
1790:(3,2,1,5,1)
1791:(2,2,0,5,1)
1792:(2,7,1,5,1)
1793:(2,2,1,5,2)
1794:(2,2,0,5,0)
1795:(2,6,1,5,1)
1796:(4,6,0,5,1)
1797:(4,6,1,5,6)
1798:(4,6,0,5,6)
1799:(4,6,1,5,1)
1800:(3,6,0,5,1)
1801:(3,6,1,5,6)
1802:(3,6,0,5,6)
1803:(3,6,1,5,1)
1804:(2,6,0,5,1)
1805:(2,6,1,5,6)
1806:(2,6,0,5,6)
1807:(2,5,1,5,6)
1808:(4,5,0,5,6)
1809:(4,5,1,1,6)
1810:(4,5,0,1,6)
1811:(4,5,1,5,6)
1812:(3,5,0,5,6)
1813:(3,5,1,1,6)
1814:(3,5,0,1,6)
1815:(3,7,1,1,6)
1816:(3,5,1,5,6)
1817:(2,5,0,5,6)
1818:(2,5,1,1,6)
1819:(2,5,0,1,6)
1820:(2,7,1,1,6)
1821:(2,6,1,1,6)
1822:(3,6,0,1,6)
1823:(3,6,1,6,6)
1824:(3,6,0,6,6)
1825:(3,6,1,6,1)
1826:(3,6,0,6,1)
1827:(3,7,1,6,1)
1828:(3,5,1,6,1)
1829:(4,5,0,6,1)
1830:(4,5,1,6,5)
1831:(4,5,0,6,5)
1832:(4,6,1,6,5)
1833:(6,6,0,6,5)
1834:(6,6,1,1,5)
1835:(6,6,0,1,5)
1836:(6,6,1,6,5)
1837:(6,6,0,0,5)
1838:(6,6,1,0,5)
1839:(5,6,0,0,5)
1840:(5,6,1,0,5)
1841:(4,6,0,0,5)
1842:(4,6,1,0,5)
1843:(4,6,0,4,5)
1844:(4,6,1,4,5)
1845:(6,6,0,4,5)
1846:(6,6,1,4,5)
1847:(3,6,0,4,5)
1848:(3,6,1,4,5)
1849:(2,6,0,4,5)
1850:(2,6,1,4,5)
1851:(2,4,1,4,5)
1852:(6,4,0,4,5)
1853:(6,4,1,1,5)
1854:(6,4,0,1,5)
1855:(6,4,1,4,5)
1856:(4,4,0,4,5)
1857:(4,4,1,1,5)
1858:(4,4,0,1,5)
1859:(4,7,1,1,5)
1860:(4,4,1,4,5)
1861:(4,4,0,0,5)
1862:(4,4,1,0,5)
1863:(6,4,0,0,5)
1864:(6,4,1,0,5)
1865:(6,4,0,6,5)
1866:(6,4,1,6,5)
1867:(4,4,0,6,5)
1868:(4,4,1,6,5)
1869:(3,4,0,6,5)
1870:(3,6,1,6,5)
1871:(4,6,0,6,5)
1872:(4,6,1,1,5)
1873:(4,6,0,1,5)
1874:(4,5,1,1,5)
1875:(6,5,0,1,5)
1876:(6,5,1,5,5)
1877:(6,5,0,5,5)
1878:(6,5,1,5,1)
1879:(6,5,0,5,1)
1880:(4,5,0,5,1)
1881:(4,5,1,5,5)
1882:(4,5,0,5,5)
1883:(4,5,1,5,1)
1884:(3,5,0,5,1)
1885:(3,5,1,5,5)
1886:(3,5,0,5,5)
1887:(3,5,1,5,1)
1888:(2,5,0,5,1)
1889:(2,5,1,5,5)
1890:(2,5,0,5,5)
1891:(2,5,1,5,1)
1892:(2,5,1,1,5)
1893:(4,5,0,1,5)
1894:(4,3,1,1,5)
1895:(6,3,0,1,5)
1896:(6,3,1,3,5)
1897:(6,3,0,3,5)
1898:(6,3,1,1,5)
1899:(4,3,0,1,5)
1900:(4,3,1,3,5)
1901:(4,3,0,3,5)
1902:(4,6,1,3,5)
1903:(6,6,0,3,5)
1904:(6,6,1,3,5)
1905:(5,6,0,3,5)
1906:(5,6,1,3,5)
1907:(5,6,0,3,0)
1908:(5,6,1,3,0)
1909:(6,6,0,3,0)
1910:(6,6,1,3,0)
1911:(6,6,0,3,6)
1912:(6,6,1,3,1)
1913:(6,6,0,3,1)
1914:(6,7,1,3,1)
1915:(6,6,1,3,6)
1916:(5,6,0,3,6)
1917:(5,6,1,3,1)
1918:(5,6,0,3,1)
1919:(5,7,1,3,1)
1920:(5,6,1,3,6)
1921:(4,6,0,3,6)
1922:(4,6,1,3,1)
1923:(4,6,0,3,1)
1924:(4,7,1,3,1)
1925:(4,6,1,3,6)
1926:(2,6,0,3,6)
1927:(2,6,1,3,1)
1928:(2,6,0,3,1)
1929:(2,7,1,3,1)
1930:(2,6,1,3,6)
1931:(2,5,1,3,1)
1932:(6,5,0,3,1)
1933:(6,5,1,3,5)
1934:(6,5,0,3,5)
1935:(6,5,1,3,1)
1936:(5,5,0,3,1)
1937:(5,5,1,3,5)
1938:(5,5,0,3,5)
1939:(5,5,1,3,1)
1940:(4,5,0,3,1)
1941:(4,5,1,3,5)
1942:(4,5,0,3,5)
1943:(4,5,1,3,1)
1944:(2,5,0,3,1)
1945:(2,5,1,3,5)
1946:(2,5,0,3,5)
1947:(2,6,1,3,5)
1948:(4,6,0,3,5)
1949:(4,4,1,3,5)
1950:(6,4,0,3,5)
1951:(6,4,1,3,5)
1952:(5,4,0,3,5)
1953:(5,4,1,3,5)
1954:(5,4,0,3,0)
1955:(5,5,1,3,0)
1956:(6,5,0,3,0)
1957:(6,5,1,3,0)
1958:(6,5,0,3,6)
1959:(6,5,1,3,6)
1960:(5,5,0,3,6)
1961:(5,5,1,3,6)
1962:(4,5,0,3,6)
1963:(4,5,1,3,6)
1964:(3,5,0,3,6)
1965:(3,5,1,3,6)
1966:(2,5,0,3,6)
1967:(2,5,1,3,6)
1968:(2,4,1,3,6)
1969:(6,4,0,3,6)
1970:(6,4,1,3,6)
1971:(6,4,0,3,0)
1972:(6,4,1,3,0)
1973:(4,4,0,3,0)
1974:(4,6,1,3,0)
1975:(4,6,0,3,4)
1976:(4,6,1,3,4)
1977:(4,6,0,3,0)
1978:(4,5,1,3,0)
1979:(4,5,0,3,4)
1980:(4,5,1,3,4)
1981:(4,5,0,3,0)
1982:(4,4,1,3,0)
1983:(4,4,0,3,4)
1984:(4,4,1,3,1)
1985:(6,4,0,3,1)
1986:(6,4,1,3,4)
1987:(6,4,0,3,4)
1988:(6,4,1,3,1)
1989:(5,4,0,3,1)
1990:(5,4,1,3,4)
1991:(5,4,0,3,4)
1992:(5,4,1,3,1)
1993:(4,4,0,3,1)
1994:(4,4,1,3,4)
1995:(2,4,0,3,4)
1996:(2,4,1,3,1)
1997:(2,4,0,3,1)
1998:(2,4,1,3,4)
1999:(2,3,1,3,1)
2000:(6,3,0,3,1)
2001:(6,3,1,3,3)
2002:(6,3,0,3,3)
2003:(6,3,1,3,1)
2004:(5,3,0,3,1)
2005:(5,3,1,3,3)
2006:(5,3,0,3,3)
2007:(5,3,1,3,1)
2008:(4,3,0,3,1)
2009:(4,3,1,3,3)
2010:(4,3,0,3,3)
2011:(4,3,1,3,1)
2012:(2,3,0,3,1)
2013:(2,3,1,3,3)
2014:(2,3,0,3,3)
2015:(2,3,1,1,3)
2016:(6,3,0,1,3)
2017:(6,3,1,1,3)
2018:(5,3,0,1,3)
2019:(5,3,1,1,3)
2020:(4,3,0,1,3)
2021:(4,3,1,1,3)
2022:(2,3,0,1,3)
2023:(2,6,1,3,3)
2024:(6,6,0,3,3)
2025:(6,6,1,3,3)
2026:(5,6,0,3,3)
2027:(5,6,1,3,3)
2028:(4,6,0,3,3)
2029:(4,6,1,3,3)
2030:(3,6,0,3,3)
2031:(3,6,1,3,3)
2032:(3,6,0,3,0)
2033:(3,6,1,3,0)
2034:(2,6,0,3,0)
2035:(2,6,1,3,0)
2036:(2,6,0,3,2)
2037:(2,6,1,3,2)
2038:(6,6,0,3,2)
2039:(6,6,1,3,2)
2040:(5,6,0,3,2)
2041:(5,6,1,3,2)
2042:(4,6,0,3,2)
2043:(4,6,1,3,2)
2044:(3,6,0,3,2)
2045:(3,6,1,3,2)
2046:(3,6,0,0,2)
2047:(3,6,1,0,2)
2048:(6,6,0,0,2)
2049:(6,6,1,0,2)
2050:(6,6,0,6,2)
2051:(6,6,1,1,2)
2052:(6,6,0,1,2)
2053:(6,7,1,1,2)
2054:(6,6,1,6,2)
2055:(5,6,0,6,2)
2056:(5,6,1,1,2)
2057:(5,6,0,1,2)
2058:(5,7,1,1,2)
2059:(5,6,1,6,2)
2060:(4,6,0,6,2)
2061:(4,6,1,1,2)
2062:(4,6,0,1,2)
2063:(4,7,1,1,2)
2064:(4,6,1,6,2)
2065:(3,6,0,6,2)
2066:(3,6,1,1,2)
2067:(3,6,0,1,2)
2068:(3,7,1,1,2)
2069:(3,6,1,6,2)
2070:(3,5,1,1,2)
2071:(6,5,0,1,2)
2072:(6,5,1,5,2)
2073:(6,5,0,5,2)
2074:(6,5,1,1,2)
2075:(5,5,0,1,2)
2076:(5,5,1,5,2)
2077:(5,5,0,5,2)
2078:(5,5,1,1,2)
2079:(4,5,0,1,2)
2080:(4,5,1,5,2)
2081:(4,5,0,5,2)
2082:(4,5,1,1,2)
2083:(3,5,0,1,2)
2084:(3,5,1,5,2)
2085:(3,5,0,5,2)
2086:(3,6,1,5,2)
2087:(6,6,0,5,2)
2088:(6,6,1,5,2)
2089:(5,6,0,5,2)
2090:(5,6,1,5,2)
2091:(5,6,0,0,2)
2092:(5,6,1,0,2)
2093:(4,6,0,0,2)
2094:(4,6,1,0,2)
2095:(4,6,0,4,2)
2096:(4,6,1,4,2)
2097:(6,6,0,4,2)
2098:(6,6,1,4,2)
2099:(5,6,0,4,2)
2100:(5,6,1,4,2)
2101:(3,6,0,4,2)
2102:(3,6,1,4,2)
2103:(3,5,1,4,2)
2104:(6,5,0,4,2)
2105:(6,5,1,4,2)
2106:(5,5,0,4,2)
2107:(5,5,1,4,2)
2108:(4,5,0,4,2)
2109:(4,5,1,4,2)
2110:(4,5,0,0,2)
2111:(4,5,1,0,2)
2112:(6,5,0,0,2)
2113:(6,5,1,0,2)
2114:(6,5,0,6,2)
2115:(6,5,1,6,2)
2116:(5,5,0,6,2)
2117:(5,5,1,6,2)
2118:(4,5,0,6,2)
2119:(4,5,1,6,2)
2120:(3,5,0,6,2)
2121:(3,5,1,6,2)
2122:(3,4,1,6,2)
2123:(6,4,0,6,2)
2124:(6,4,1,6,2)
2125:(6,4,0,0,2)
2126:(6,4,1,0,2)
2127:(5,4,0,0,2)
2128:(5,5,1,0,2)
2129:(5,5,0,0,2)
2130:(5,4,1,0,2)
2131:(5,4,0,5,2)
2132:(5,4,1,5,2)
2133:(6,4,0,5,2)
2134:(6,4,1,5,2)
2135:(4,4,0,5,2)
2136:(4,6,1,5,2)
2137:(4,6,0,5,2)
2138:(4,4,1,5,2)
2139:(3,4,0,5,2)
2140:(3,4,1,5,2)
2141:(3,3,1,5,2)
2142:(6,3,0,5,2)
2143:(6,3,1,5,2)
2144:(5,3,0,5,2)
2145:(5,3,1,5,2)
2146:(5,3,0,0,2)
2147:(5,3,1,0,2)
2148:(6,3,0,0,2)
2149:(6,3,1,0,2)
2150:(6,3,0,6,2)
2151:(6,3,1,6,2)
2152:(5,3,0,6,2)
2153:(5,4,1,6,2)
2154:(5,4,0,6,2)
2155:(5,3,1,6,2)
2156:(4,3,0,6,2)
2157:(4,4,1,6,2)
2158:(4,4,0,6,2)
2159:(4,3,1,6,2)
2160:(3,3,0,6,2)
2161:(3,3,1,6,2)
2162:(3,2,1,6,2)
2163:(5,2,0,6,2)
2164:(5,2,1,6,1)
2165:(5,2,0,6,1)
2166:(5,2,1,6,2)
2167:(4,2,0,6,2)
2168:(4,2,1,6,1)
2169:(4,2,0,6,1)
2170:(4,2,1,6,2)
2171:(3,2,0,6,2)
2172:(3,2,1,6,1)
2173:(3,2,0,6,1)
2174:(3,4,1,6,1)
2175:(5,4,0,6,1)
2176:(5,4,1,6,4)
2177:(5,4,0,6,4)
2178:(5,4,1,6,1)
2179:(4,4,0,6,1)
2180:(4,4,1,6,4)
2181:(4,4,0,6,4)
2182:(4,4,1,6,1)
2183:(3,4,0,6,1)
2184:(3,4,1,6,4)
2185:(3,4,0,6,4)
2186:(3,6,1,6,4)
2187:(5,6,0,6,4)
2188:(5,6,1,1,4)
2189:(5,6,0,1,4)
2190:(5,6,1,6,4)
2191:(3,6,0,6,4)
2192:(3,6,1,1,4)
2193:(3,6,0,1,4)
2194:(3,7,1,1,4)
2195:(3,5,1,1,4)
2196:(3,5,0,1,4)
2197:(3,5,1,5,4)
2198:(3,5,0,5,4)
2199:(3,6,1,5,4)
2200:(4,6,0,5,4)
2201:(4,6,1,5,4)
2202:(4,6,0,5,0)
2203:(4,6,1,5,0)
2204:(3,6,0,5,0)
2205:(3,6,1,5,0)
2206:(3,4,1,5,0)
2207:(5,4,0,5,0)
2208:(5,4,1,5,0)
2209:(5,4,0,5,5)
2210:(5,4,1,5,5)
2211:(5,4,0,0,5)
2212:(5,4,1,0,5)
2213:(3,4,0,0,5)
2214:(3,6,1,0,5)
2215:(3,6,0,3,5)
2216:(3,6,1,3,5)
2217:(3,6,0,0,5)
2218:(3,4,1,0,5)
2219:(3,4,0,3,5)
2220:(3,4,1,3,5)
2221:(4,4,0,3,5)
2222:(4,2,1,3,5)
2223:(6,2,0,3,5)
2224:(6,2,1,3,5)
2225:(5,2,0,3,5)
2226:(5,2,1,3,5)
2227:(5,2,0,3,0)
2228:(5,4,1,3,0)
2229:(3,4,0,3,0)
2230:(3,5,1,3,0)
2231:(3,5,0,3,3)
2232:(3,5,1,3,3)
2233:(3,5,0,3,0)
2234:(3,4,1,3,0)
2235:(3,4,0,3,3)
2236:(3,4,1,3,3)
2237:(3,4,0,0,3)
2238:(3,6,1,0,3)
2239:(4,6,0,0,3)
2240:(4,6,1,0,3)
2241:(4,6,0,4,3)
2242:(4,6,1,4,3)
2243:(6,6,0,4,3)
2244:(6,6,1,4,3)
2245:(5,6,0,4,3)
2246:(5,6,1,4,3)
2247:(3,6,0,4,3)
2248:(3,6,1,4,3)
2249:(3,6,0,4,0)
2250:(3,6,1,4,0)
2251:(4,6,0,4,0)
2252:(4,6,1,4,0)
2253:(4,6,0,4,4)
2254:(4,6,1,4,4)
2255:(4,6,0,0,4)
2256:(4,6,1,0,4)
2257:(2,6,0,0,4)
2258:(2,6,1,0,4)
2259:(2,6,0,2,4)
2260:(2,6,1,2,4)
2261:(6,6,0,2,4)
2262:(6,6,1,2,4)
2263:(5,6,0,2,4)
2264:(5,6,1,2,4)
2265:(4,6,0,2,4)
2266:(4,6,1,2,4)
2267:(4,6,0,2,0)
2268:(4,6,1,2,0)
2269:(5,6,0,2,0)
2270:(5,6,1,2,0)
2271:(5,6,0,2,5)
2272:(5,6,1,2,5)
2273:(6,6,0,2,5)
2274:(6,6,1,2,5)
2275:(4,6,0,2,5)
2276:(4,6,1,2,5)
2277:(3,6,0,2,5)
2278:(3,6,1,2,5)
2279:(3,5,1,2,5)
2280:(6,5,0,2,5)
2281:(6,5,1,2,1)
2282:(6,5,0,2,1)
2283:(6,5,1,2,5)
2284:(5,5,0,2,5)
2285:(5,5,1,2,1)
2286:(5,5,0,2,1)
2287:(5,5,1,2,5)
2288:(5,5,0,2,0)
2289:(5,5,1,2,0)
2290:(6,5,0,2,0)
2291:(6,5,1,2,0)
2292:(6,5,0,2,6)
2293:(6,5,1,2,6)
2294:(5,5,0,2,6)
2295:(5,5,1,2,6)
2296:(4,5,0,2,6)
2297:(4,5,1,2,6)
2298:(3,5,0,2,6)
2299:(3,5,1,2,6)
2300:(2,5,0,2,6)
2301:(2,5,1,2,6)
2302:(2,5,0,0,6)
2303:(2,6,1,0,6)
2304:(4,6,0,0,6)
2305:(4,6,1,0,1)
2306:(2,6,0,0,1)
2307:(2,4,1,0,1)
2308:(2,4,0,2,1)
2309:(2,4,1,2,4)
2310:(2,4,0,2,4)
2311:(2,4,1,2,1)
2312:(2,4,0,0,1)
2313:(2,4,1,0,4)
2314:(2,4,0,0,4)
2315:(2,5,1,0,4)
2316:(2,5,0,2,4)
2317:(2,5,1,2,4)
2318:(2,5,0,0,4)
2319:(2,3,1,0,4)
2320:(2,3,0,2,4)
2321:(2,3,1,2,4)
2322:(2,3,0,0,4)
2323:(2,2,1,0,4)
2324:(2,2,0,2,4)
2325:(2,2,1,1,4)
2326:(6,2,0,1,4)
2327:(6,2,1,2,4)
2328:(6,2,0,2,4)
2329:(6,2,1,1,4)
2330:(5,2,0,1,4)
2331:(5,2,1,2,4)
2332:(5,2,0,2,4)
2333:(5,2,1,1,4)
2334:(3,2,0,1,4)
2335:(3,2,1,2,4)
2336:(3,2,0,2,4)
2337:(3,2,1,1,4)
2338:(2,2,0,1,4)
2339:(2,7,1,1,4)
2340:(2,2,1,2,4)
2341:(2,2,0,0,4)
2342:(2,6,1,1,4)
2343:(2,6,0,1,4)
2344:(2,6,1,6,4)
2345:(2,6,0,6,4)
2346:(2,5,1,6,4)
2347:(5,5,0,6,4)
2348:(5,5,1,6,4)
2349:(4,5,0,6,4)
2350:(4,5,1,6,4)
2351:(4,5,0,6,0)
2352:(4,5,1,6,0)
2353:(5,5,0,6,0)
2354:(5,4,1,6,0)
2355:(6,4,0,6,0)
2356:(6,4,1,6,0)
2357:(6,4,0,6,6)
2358:(6,4,1,6,6)
2359:(6,4,0,0,6)
2360:(6,4,1,0,6)
2361:(5,4,0,0,6)
2362:(5,4,1,0,6)
2363:(5,4,0,5,6)
2364:(5,4,1,5,6)
2365:(4,4,0,5,6)
2366:(4,4,1,5,6)
2367:(3,4,0,5,6)
2368:(3,4,1,5,6)
2369:(2,4,0,5,6)
2370:(2,4,1,5,6)
2371:(2,3,1,5,6)
2372:(5,3,0,5,6)
2373:(5,3,1,5,6)
2374:(5,3,0,0,6)
2375:(5,3,1,0,6)
2376:(6,3,0,0,6)
2377:(6,3,1,0,6)
2378:(6,3,0,6,6)
2379:(6,3,1,6,6)
2380:(6,3,0,6,0)
2381:(6,3,1,6,0)
2382:(5,3,0,6,0)
2383:(5,3,1,6,0)
2384:(4,3,0,6,0)
2385:(4,4,1,6,0)
2386:(5,4,0,6,0)
2387:(5,2,1,6,0)
2388:(6,2,0,6,0)
2389:(6,2,1,6,0)
2390:(6,2,0,6,6)
2391:(6,2,1,6,6)
2392:(6,2,0,0,6)
2393:(6,2,1,0,6)
2394:(5,2,0,0,6)
2395:(5,2,1,0,6)
2396:(5,2,0,5,6)
2397:(5,2,1,5,6)
2398:(4,2,0,5,6)
2399:(4,3,1,5,6)
2400:(4,3,0,5,6)
2401:(4,2,1,5,6)
2402:(3,2,0,5,6)
2403:(3,3,1,5,6)
2404:(3,3,0,5,6)
2405:(3,2,1,5,6)
2406:(2,2,0,5,6)
2407:(2,2,1,5,6)
2408:(2,3,0,5,6)
2409:(4,2,0,0,6)
2410:(4,4,1,0,6)
2411:(4,4,0,0,6)
2412:(4,3,1,0,6)
2413:(4,3,0,4,6)
2414:(4,3,1,4,6)
2415:(4,3,0,0,6)
2416:(4,2,1,0,6)
2417:(4,2,0,4,6)
2418:(4,2,1,4,6)
2419:(6,2,0,4,6)
2420:(6,3,1,4,6)
2421:(6,3,0,4,6)
2422:(6,2,1,4,6)
2423:(6,2,0,4,0)
2424:(6,3,1,4,0)
2425:(6,3,0,4,0)
2426:(6,2,1,4,0)
2427:(5,2,0,4,0)
2428:(5,3,1,4,0)
2429:(5,3,0,4,5)
2430:(5,3,1,4,5)
2431:(5,3,0,4,0)
2432:(5,2,1,4,0)
2433:(5,2,0,4,5)
2434:(5,2,1,4,5)
2435:(6,2,0,4,5)
2436:(6,3,1,4,5)
2437:(6,3,0,4,5)
2438:(6,2,1,4,5)
2439:(4,2,0,4,5)
2440:(4,3,1,4,5)
2441:(4,3,0,4,5)
2442:(4,2,1,4,5)
2443:(4,2,0,0,5)
2444:(4,3,1,0,5)
2445:(6,3,0,0,5)
2446:(6,3,1,0,5)
2447:(6,3,0,6,5)
2448:(6,3,1,6,5)
2449:(4,3,0,6,5)
2450:(4,3,1,6,5)
2451:(3,3,0,6,5)
2452:(3,5,1,6,5)
2453:(3,5,0,6,5)
2454:(3,4,1,6,5)
2455:(2,4,0,6,5)
2456:(2,6,1,6,5)
2457:(3,6,0,6,5)
2458:(3,6,1,1,5)
2459:(3,6,0,1,5)
2460:(3,7,1,1,5)
2461:(3,5,1,1,5)
2462:(3,5,0,1,5)
2463:(3,4,1,1,5)
2464:(3,4,0,1,5)
2465:(3,4,1,4,5)
2466:(3,4,0,4,5)
2467:(3,3,1,4,5)
2468:(3,3,0,4,5)
2469:(3,2,1,4,5)
2470:(3,2,0,4,5)
2471:(2,2,0,4,5)
2472:(2,3,1,4,5)
2473:(2,3,0,4,5)
2474:(2,2,1,4,5)
2475:(2,4,0,4,5)
2476:(2,4,1,1,5)
2477:(2,4,0,1,5)
2478:(2,7,1,1,5)
2479:(2,6,1,1,5)
2480:(2,6,0,1,5)
2481:(2,3,1,1,5)
2482:(3,3,0,1,5)
2483:(3,3,1,3,5)
2484:(3,3,0,3,5)
2485:(3,3,1,1,5)
2486:(2,3,0,1,5)
2487:(2,3,1,3,5)
2488:(2,3,0,3,5)
2489:(2,4,1,3,5)
2490:(2,4,0,3,5)
2491:(2,2,1,3,5)
2492:(4,2,0,3,5)
2493:(3,2,0,3,5)
2494:(3,2,1,3,5)
2495:(3,2,0,0,5)
2496:(3,3,1,0,5)
2497:(5,3,0,0,5)
2498:(5,3,1,0,5)
2499:(5,3,0,5,5)
2500:(5,3,1,5,5)
2501:(5,3,0,5,0)
2502:(5,3,1,5,0)
2503:(4,3,0,5,0)
2504:(4,4,1,5,0)
2505:(4,4,0,5,4)
2506:(4,4,1,5,1)
2507:(4,4,0,5,1)
2508:(4,4,1,5,4)
2509:(4,4,0,5,0)
2510:(4,3,1,5,0)
2511:(4,3,0,5,4)
2512:(4,3,1,5,4)
2513:(6,3,0,5,4)
2514:(6,3,1,5,4)
2515:(3,3,0,5,4)
2516:(3,4,1,5,4)
2517:(3,4,0,5,4)
2518:(3,4,1,5,1)
2519:(3,4,0,5,1)
2520:(2,4,0,5,1)
2521:(2,4,1,5,4)
2522:(2,4,0,5,4)
2523:(2,4,1,5,1)
2524:(2,6,1,5,4)
2525:(3,6,0,5,4)
2526:(3,3,1,5,4)
2527:(2,3,0,5,4)
2528:(2,5,1,5,4)
2529:(2,5,0,5,4)
2530:(2,5,1,1,4)
2531:(2,5,0,1,4)
2532:(2,3,1,1,4)
2533:(3,3,0,1,4)
2534:(3,3,1,3,4)
2535:(3,3,0,0,4)
2536:(3,2,1,0,4)
2537:(3,2,0,3,4)
2538:(3,2,1,3,4)
2539:(3,2,0,0,4)
2540:(6,2,0,3,4)
2541:(6,6,1,3,4)
2542:(6,6,0,3,4)
2543:(6,5,1,3,4)
2544:(6,5,0,3,4)
2545:(6,2,1,3,4)
2546:(5,2,0,3,4)
2547:(5,6,1,3,4)
2548:(5,6,0,3,4)
2549:(5,5,1,3,4)
2550:(5,5,0,3,4)
2551:(5,2,1,3,4)
2552:(4,2,0,3,4)
2553:(4,2,1,3,4)
2554:(4,2,0,3,0)
2555:(4,2,1,3,0)
2556:(6,2,0,3,0)
2557:(6,2,1,3,0)
2558:(6,2,0,3,6)
2559:(6,2,1,3,6)
2560:(5,2,0,3,6)
2561:(5,4,1,3,6)
2562:(5,4,0,3,6)
2563:(5,3,1,3,6)
2564:(5,3,0,3,6)
2565:(5,3,1,1,6)
2566:(5,3,0,1,6)
2567:(5,2,1,1,6)
2568:(5,2,0,1,6)
2569:(5,2,1,2,6)
2570:(5,2,0,2,6)
2571:(5,4,1,2,6)
2572:(6,4,0,2,6)
2573:(6,4,1,2,6)
2574:(6,4,0,2,0)
2575:(6,4,1,2,0)
2576:(5,4,0,2,0)
2577:(5,4,1,2,0)
2578:(5,4,0,2,5)
2579:(5,4,1,2,5)
2580:(6,4,0,2,5)
2581:(6,4,1,2,5)
2582:(4,4,0,2,5)
2583:(4,5,1,2,5)
2584:(4,5,0,2,5)
2585:(4,5,1,2,1)
2586:(4,5,0,2,1)
2587:(4,4,1,2,1)
2588:(6,4,0,2,1)
2589:(6,4,1,2,4)
2590:(6,4,0,2,4)
2591:(6,4,1,2,1)
2592:(5,4,0,2,1)
2593:(5,4,1,2,4)
2594:(5,4,0,2,4)
2595:(5,4,1,2,1)
2596:(4,4,0,2,1)
2597:(4,4,1,2,4)
2598:(4,4,0,2,4)
2599:(4,5,1,2,4)
2600:(4,5,0,2,4)
2601:(4,3,1,2,4)
2602:(4,3,0,2,4)
2603:(4,3,0,2,0)
2604:(4,5,1,2,0)
2605:(4,5,0,2,0)
2606:(4,4,1,2,0)
2607:(4,4,0,2,0)
2608:(4,3,1,2,0)
2609:(6,3,0,2,0)
2610:(6,3,1,2,0)
2611:(6,3,0,2,6)
2612:(6,3,1,2,6)
2613:(5,3,0,2,6)
2614:(5,3,1,2,6)
2615:(4,3,0,2,6)
2616:(4,4,1,2,6)
2617:(5,4,0,2,6)
2618:(4,4,0,2,6)
2619:(4,3,1,2,6)
2620:(3,3,0,2,6)
2621:(3,4,1,2,6)
2622:(3,4,0,2,6)
2623:(3,3,1,2,6)
2624:(2,3,0,2,6)
2625:(2,4,1,2,6)
2626:(2,4,0,2,6)
2627:(2,3,1,2,6)
2628:(2,3,0,0,6)
2629:(2,5,1,0,6)
2630:(2,4,1,0,6)
2631:(3,4,0,0,6)
2632:(3,5,1,0,6)
2633:(3,4,1,0,6)
2634:(3,4,0,3,6)
2635:(3,4,1,3,6)
2636:(4,4,0,3,6)
2637:(4,4,1,3,6)
2638:(2,4,0,3,6)
2639:(2,3,1,3,6)
2640:(4,3,0,3,6)
2641:(4,3,1,1,6)
2642:(4,3,0,1,6)
2643:(4,3,1,3,6)
2644:(3,3,0,3,6)
2645:(3,3,1,1,6)
2646:(3,3,0,1,6)
2647:(3,3,1,3,6)
2648:(3,3,0,0,6)
2649:(3,3,1,0,6)
2650:(3,2,1,0,6)
2651:(3,2,0,3,6)
2652:(3,2,1,3,6)
2653:(3,2,0,0,6)
2654:(4,2,0,3,6)
2655:(4,2,1,3,6)
2656:(2,2,0,3,6)
2657:(2,2,1,3,6)
2658:(2,2,0,0,6)
2659:(2,3,1,0,6)
2660:(2,2,1,0,6)
2661:(2,2,0,2,6)
2662:(2,2,1,1,6)
2663:(4,2,0,1,6)
2664:(4,2,1,2,6)
2665:(4,2,0,2,6)
2666:(4,2,1,1,6)
2667:(3,2,0,1,6)
2668:(3,2,1,2,6)
2669:(3,2,0,2,6)
2670:(3,2,1,1,6)
2671:(2,2,0,1,6)
2672:(2,2,1,2,6)
2673:(2,4,1,1,6)
2674:(3,4,0,1,6)
2675:(3,4,1,4,6)
2676:(3,4,0,4,6)
2677:(3,4,1,1,6)
2678:(2,4,0,1,6)
2679:(2,4,1,4,6)
2680:(2,4,0,4,6)
2681:(2,3,1,4,6)
2682:(5,3,0,4,6)
2683:(5,5,1,4,6)
2684:(5,5,0,4,6)
2685:(5,3,1,4,6)
2686:(3,3,0,4,6)
2687:(3,5,1,4,6)
2688:(3,5,0,4,6)
2689:(3,3,1,4,6)
2690:(2,3,0,4,6)
2691:(2,2,1,4,6)
2692:(5,2,0,4,6)
2693:(5,2,1,4,6)
2694:(3,2,0,4,6)
2695:(3,2,1,4,6)
2696:(2,2,0,4,6)
2697:(2,5,0,4,6)
2698:(2,3,1,1,6)
2699:(2,3,0,1,6)
2700:(3,6,1,1,6)
2701:(2,6,0,1,6)
2702:(2,6,1,6,6)
2703:(2,6,0,6,6)
2704:(2,6,1,6,1)
2705:(2,6,0,6,1)
2706:(2,7,1,6,1)
2707:(2,5,1,6,1)
2708:(3,5,0,6,1)
2709:(3,3,1,6,1)
2710:(5,3,0,6,1)
2711:(5,3,1,6,3)
2712:(5,3,0,6,3)
2713:(5,3,1,6,1)
2714:(4,3,0,6,1)
2715:(4,3,1,6,3)
2716:(4,3,0,6,3)
2717:(4,3,1,6,1)
2718:(3,3,0,6,1)
2719:(3,3,1,6,3)
2720:(3,3,0,6,3)
2721:(3,5,1,6,3)
2722:(3,5,0,6,3)
2723:(3,4,1,6,3)
2724:(3,4,0,6,3)
2725:(3,2,1,6,3)
2726:(3,2,0,6,3)
2727:(3,2,0,6,0)
2728:(3,5,1,6,0)
2729:(3,5,0,6,0)
2730:(3,4,1,6,0)
2731:(4,4,0,6,0)
2732:(4,3,1,6,0)
2733:(4,3,0,6,4)
2734:(4,3,1,6,4)
2735:(5,3,0,6,4)
2736:(5,3,1,6,4)
2737:(3,3,0,6,4)
2738:(3,5,1,6,4)
2739:(3,5,0,6,4)
2740:(3,3,1,6,4)
2741:(2,3,0,6,4)
2742:(2,4,1,6,4)
2743:(2,4,0,6,4)
2744:(2,4,1,6,1)
2745:(2,4,0,6,1)
2746:(2,3,1,6,1)
2747:(2,3,0,6,1)
2748:(2,3,1,6,3)
2749:(2,3,0,6,3)
2750:(2,4,1,6,3)
2751:(6,4,0,6,3)
2752:(6,4,1,6,3)
2753:(6,4,0,0,3)
2754:(6,4,1,0,3)
2755:(5,4,0,0,3)
2756:(5,4,1,0,3)
2757:(5,4,0,5,3)
2758:(5,4,1,5,3)
2759:(6,4,0,5,3)
2760:(6,6,1,5,3)
2761:(6,6,0,5,3)
2762:(6,4,1,5,3)
2763:(4,4,0,5,3)
2764:(4,6,1,5,3)
2765:(4,6,0,5,3)
2766:(4,4,1,5,3)
2767:(2,4,0,5,3)
2768:(2,6,1,5,3)
2769:(2,6,0,5,3)
2770:(2,4,1,5,3)
2771:(2,3,1,5,3)
2772:(4,3,0,5,3)
2773:(4,3,1,5,1)
2774:(4,3,0,5,1)
2775:(4,3,1,5,3)
2776:(2,3,0,5,3)
2777:(2,3,1,5,1)
2778:(3,3,0,5,1)
2779:(2,3,0,5,1)
2780:(2,2,1,5,3)
2781:(6,2,0,5,3)
2782:(6,2,1,5,3)
2783:(5,2,0,5,3)
2784:(5,2,1,5,3)
2785:(5,2,0,0,3)
2786:(5,2,1,0,3)
2787:(6,2,0,0,3)
2788:(6,2,1,0,3)
2789:(6,2,0,6,3)
2790:(6,2,1,6,3)
2791:(5,2,0,6,3)
2792:(5,5,1,6,3)
2793:(5,5,0,6,3)
2794:(5,4,1,6,3)
2795:(5,4,0,6,3)
2796:(5,2,1,6,3)
2797:(4,2,0,6,3)
2798:(4,5,1,6,3)
2799:(4,5,0,6,3)
2800:(4,4,1,6,3)
2801:(4,4,0,6,3)
2802:(4,2,1,6,3)
2803:(2,2,0,6,3)
2804:(2,2,1,6,3)
2805:(2,4,0,6,3)
2806:(2,5,0,6,3)
2807:(4,2,0,0,3)
2808:(4,5,1,0,3)
2809:(4,5,0,4,3)
2810:(4,5,1,4,3)
2811:(4,5,0,0,3)
2812:(4,4,1,0,3)
2813:(4,4,0,0,3)
2814:(4,2,1,0,3)
2815:(4,2,0,4,3)
2816:(4,2,1,4,3)
2817:(6,2,0,4,3)
2818:(6,5,1,4,3)
2819:(6,5,0,4,3)
2820:(6,3,1,4,3)
2821:(6,3,0,4,3)
2822:(6,3,1,4,1)
2823:(6,3,0,4,1)
2824:(5,3,0,4,1)
2825:(5,3,1,4,3)
2826:(5,3,0,4,3)
2827:(5,3,1,4,1)
2828:(3,3,0,4,1)
2829:(3,3,1,4,3)
2830:(3,3,0,4,3)
2831:(3,3,1,4,1)
2832:(2,3,0,4,1)
2833:(2,3,1,4,3)
2834:(2,3,0,4,3)
2835:(2,3,1,4,1)
2836:(2,6,1,4,3)
2837:(2,6,0,4,3)
2838:(2,5,1,4,3)
2839:(5,5,0,4,3)
2840:(5,5,1,4,3)
2841:(3,5,0,4,3)
2842:(3,5,1,4,3)
2843:(3,5,0,4,0)
2844:(3,5,1,4,0)
2845:(4,5,0,4,0)
2846:(4,5,1,4,0)
2847:(4,5,0,4,4)
2848:(4,5,1,4,4)
2849:(4,5,0,0,4)
2850:(4,5,1,0,4)
2851:(4,3,1,0,4)
2852:(4,3,0,4,4)
2853:(4,3,1,4,4)
2854:(4,3,0,4,0)
2855:(4,3,1,4,0)
2856:(3,3,0,4,0)
2857:(3,3,1,4,0)
2858:(3,2,1,4,0)
2859:(3,2,0,4,3)
2860:(3,2,1,4,3)
2861:(3,2,0,4,0)
2862:(5,2,0,4,3)
2863:(5,2,1,4,3)
2864:(2,2,0,4,3)
2865:(2,4,1,4,3)
2866:(2,4,0,4,3)
2867:(2,2,1,4,3)
2868:(4,2,0,4,0)
2869:(4,2,1,4,0)
2870:(4,2,0,4,4)
2871:(4,2,1,4,4)
2872:(4,2,0,0,4)
2873:(4,2,1,0,4)
2874:(6,2,0,4,4)
2875:(6,6,1,4,4)
2876:(6,6,0,4,4)
2877:(6,5,1,4,4)
2878:(6,5,0,4,4)
2879:(6,3,1,4,4)
2880:(6,3,0,4,4)
2881:(6,2,1,4,4)
2882:(5,2,0,4,4)
2883:(5,6,1,4,4)
2884:(5,6,0,4,4)
2885:(5,5,1,4,4)
2886:(5,5,0,4,4)
2887:(5,3,1,4,4)
2888:(5,3,0,4,4)
2889:(5,2,1,4,4)
2890:(3,2,0,4,4)
2891:(3,6,1,4,4)
2892:(3,6,0,4,4)
2893:(3,5,1,4,4)
2894:(3,5,0,4,4)
2895:(3,3,1,4,4)
2896:(3,3,0,4,4)
2897:(3,2,1,4,4)
2898:(2,2,0,4,4)
2899:(2,6,1,4,4)
2900:(2,6,0,4,4)
2901:(2,5,1,4,4)
2902:(2,5,0,4,4)
2903:(2,3,1,4,4)
2904:(2,3,0,4,4)
2905:(2,2,1,4,4)
2906:(4,3,0,0,4)
2907:(2,5,0,4,3)
2908:(6,2,1,4,3)
2909:(3,2,0,0,3)
2910:(3,5,1,0,3)
2911:(3,5,0,0,3)
2912:(3,4,1,0,3)
2913:(3,2,1,0,3)
2914:(3,2,0,3,3)
2915:(3,2,1,3,3)
2916:(3,2,0,3,0)
2917:(3,2,1,3,0)
2918:(2,2,0,3,0)
2919:(2,5,1,3,0)
2920:(2,5,0,3,2)
2921:(2,5,1,3,2)
2922:(2,5,0,3,0)
2923:(2,4,1,3,0)
2924:(2,4,0,3,2)
2925:(2,4,1,3,2)
2926:(2,4,0,3,0)
2927:(2,3,1,3,0)
2928:(2,3,0,3,2)
2929:(2,3,1,1,2)
2930:(2,3,0,1,2)
2931:(2,3,1,3,2)
2932:(2,3,0,3,0)
2933:(2,3,1,1,0)
2934:(2,3,0,1,0)
2935:(2,2,1,3,0)
2936:(2,2,0,3,2)
2937:(2,2,1,3,1)
2938:(6,2,0,3,1)
2939:(6,2,1,3,2)
2940:(6,2,0,3,2)
2941:(6,2,1,3,1)
2942:(5,2,0,3,1)
2943:(5,2,1,3,2)
2944:(5,2,0,3,2)
2945:(5,2,1,3,1)
2946:(4,2,0,3,1)
2947:(4,2,1,3,2)
2948:(4,2,0,3,2)
2949:(4,2,1,3,1)
2950:(2,2,0,3,1)
2951:(2,2,1,3,2)
2952:(4,5,1,3,2)
2953:(6,5,0,3,2)
2954:(6,5,1,3,2)
2955:(5,5,0,3,2)
2956:(5,5,1,3,2)
2957:(4,5,0,3,2)
2958:(4,4,1,3,2)
2959:(6,4,0,3,2)
2960:(6,4,1,3,2)
2961:(5,4,0,3,2)
2962:(5,4,1,3,2)
2963:(4,4,0,3,2)
2964:(4,3,1,3,2)
2965:(6,3,0,3,2)
2966:(6,3,1,1,2)
2967:(6,3,0,1,2)
2968:(6,3,1,3,2)
2969:(5,3,0,3,2)
2970:(5,3,1,1,2)
2971:(5,3,0,1,2)
2972:(5,3,1,3,2)
2973:(4,3,0,3,2)
2974:(4,3,1,1,2)
2975:(4,3,0,1,2)
2976:(4,4,1,1,2)
2977:(6,4,0,1,2)
2978:(6,4,1,4,2)
2979:(6,4,0,4,2)
2980:(6,4,1,1,2)
2981:(5,4,0,1,2)
2982:(5,4,1,4,2)
2983:(5,4,0,4,2)
2984:(5,4,1,1,2)
2985:(4,4,0,1,2)
2986:(4,4,1,4,2)
2987:(4,4,0,4,2)
2988:(4,3,1,4,2)
2989:(4,3,0,4,2)
2990:(4,3,0,0,2)
2991:(4,4,1,0,2)
2992:(4,4,0,0,2)
2993:(4,3,1,0,2)
2994:(3,3,0,0,2)
2995:(3,5,1,0,2)
2996:(3,5,0,3,2)
2997:(3,5,1,3,2)
2998:(3,5,0,0,2)
2999:(3,4,1,0,2)
3000:(3,4,0,3,2)
3001:(3,4,1,3,2)
3002:(3,4,0,0,2)
3003:(3,3,1,0,2)
3004:(3,3,0,3,2)
3005:(3,3,1,1,2)
3006:(3,3,0,1,2)
3007:(3,3,1,3,2)
3008:(3,4,1,1,2)
3009:(3,4,0,1,2)
3010:(3,4,1,4,2)
3011:(3,4,0,4,2)
3012:(3,3,1,4,2)
3013:(6,3,0,4,2)
3014:(6,3,1,4,2)
3015:(5,3,0,4,2)
3016:(5,3,1,4,2)
3017:(3,3,0,4,2)
3018:(3,2,1,1,2)
3019:(6,2,0,1,2)
3020:(6,2,1,2,2)
3021:(6,2,0,2,2)
3022:(6,2,1,2,1)
3023:(6,2,0,2,1)
3024:(6,3,1,2,1)
3025:(6,3,0,2,1)
3026:(6,3,1,2,3)
3027:(6,3,0,2,3)
3028:(6,6,1,2,3)
3029:(6,6,0,2,3)
3030:(6,5,1,2,3)
3031:(6,5,0,2,3)
3032:(6,4,1,2,3)
3033:(6,4,0,2,3)
3034:(5,4,0,2,3)
3035:(5,6,1,2,3)
3036:(5,6,0,2,3)
3037:(5,5,1,2,3)
3038:(5,5,0,2,3)
3039:(5,4,1,2,3)
3040:(4,4,0,2,3)
3041:(4,6,1,2,3)
3042:(4,6,0,2,3)
3043:(4,5,1,2,3)
3044:(4,5,0,2,3)
3045:(4,4,1,2,3)
3046:(3,4,0,2,3)
3047:(3,6,1,2,3)
3048:(3,6,0,2,3)
3049:(3,5,1,2,3)
3050:(3,5,0,2,3)
3051:(3,4,1,2,3)
3052:(3,4,0,2,0)
3053:(3,6,1,2,0)
3054:(3,6,0,2,0)
3055:(3,5,1,2,0)
3056:(3,5,0,2,0)
3057:(3,4,1,2,0)
3058:(2,4,0,2,0)
3059:(2,5,1,2,0)
3060:(2,5,0,2,2)
3061:(2,5,1,2,2)
3062:(2,5,0,2,0)
3063:(2,4,1,2,0)
3064:(2,4,0,2,2)
3065:(2,4,1,2,2)
3066:(2,4,0,0,2)
3067:(2,5,1,0,2)
3068:(2,5,0,0,2)
3069:(2,4,1,0,2)
3070:(2,3,1,0,2)
3071:(2,3,0,2,2)
3072:(2,3,1,2,2)
3073:(2,3,0,2,0)
3074:(2,3,1,2,0)
3075:(5,3,0,2,0)
3076:(5,3,1,2,0)
3077:(5,3,0,2,5)
3078:(5,3,1,2,5)
3079:(6,3,0,2,5)
3080:(6,3,1,2,5)
3081:(4,3,0,2,5)
3082:(4,4,1,2,5)
3083:(3,4,0,2,5)
3084:(3,4,1,2,5)
3085:(3,3,1,2,5)
3086:(3,3,0,2,5)
3087:(3,2,1,2,5)
3088:(4,2,0,2,5)
3089:(4,2,1,1,5)
3090:(4,2,0,1,5)
3091:(4,2,1,2,5)
3092:(3,2,0,2,5)
3093:(3,2,1,1,5)
3094:(3,2,0,1,5)
3095:(2,2,0,1,5)
3096:(2,2,1,2,5)
3097:(2,2,0,0,5)
3098:(4,3,1,2,5)
3099:(3,3,0,2,0)
3100:(3,3,1,2,0)
3101:(3,3,0,2,3)
3102:(3,3,1,2,1)
3103:(5,3,0,2,1)
3104:(5,3,1,2,3)
3105:(5,3,0,2,3)
3106:(5,3,1,2,1)
3107:(4,3,0,2,1)
3108:(4,3,1,2,3)
3109:(4,3,0,2,3)
3110:(4,3,1,2,1)
3111:(3,3,0,2,1)
3112:(3,3,1,2,3)
3113:(3,5,1,2,1)
3114:(3,5,0,2,1)
3115:(3,4,1,2,1)
3116:(3,4,0,2,1)
3117:(3,4,1,2,4)
3118:(3,4,0,2,4)
3119:(3,6,1,2,4)
3120:(3,6,0,2,4)
3121:(3,5,1,2,4)
3122:(6,5,0,2,4)
3123:(6,5,1,2,4)
3124:(5,5,0,2,4)
3125:(5,5,1,2,4)
3126:(3,5,0,2,4)
3127:(3,3,1,2,4)
3128:(6,3,0,2,4)
3129:(6,3,1,2,4)
3130:(5,3,0,2,4)
3131:(5,3,1,2,4)
3132:(3,3,0,2,4)
3133:(3,2,1,2,1)
3134:(5,2,0,2,1)
3135:(5,2,1,2,2)
3136:(5,2,0,2,2)
3137:(5,2,1,2,1)
3138:(4,2,0,2,1)
3139:(4,2,1,2,2)
3140:(4,2,0,2,2)
3141:(4,2,1,2,1)
3142:(3,2,0,2,1)
3143:(3,2,1,2,2)
3144:(3,2,0,2,2)
3145:(3,6,1,2,2)
3146:(6,6,0,2,2)
3147:(6,6,1,2,2)
3148:(5,6,0,2,2)
3149:(5,6,1,2,2)
3150:(4,6,0,2,2)
3151:(4,6,1,2,2)
3152:(3,6,0,2,2)
3153:(3,5,1,2,2)
3154:(6,5,0,2,2)
3155:(6,5,1,2,2)
3156:(5,5,0,2,2)
3157:(5,5,1,2,2)
3158:(4,5,0,2,2)
3159:(4,5,1,2,2)
3160:(3,5,0,2,2)
3161:(3,4,1,2,2)
3162:(6,4,0,2,2)
3163:(6,4,1,2,2)
3164:(5,4,0,2,2)
3165:(5,4,1,2,2)
3166:(4,4,0,2,2)
3167:(4,4,1,2,2)
3168:(3,4,0,2,2)
3169:(3,3,1,2,2)
3170:(6,3,0,2,2)
3171:(6,3,1,2,2)
3172:(5,3,0,2,2)
3173:(5,3,1,2,2)
3174:(4,3,0,2,2)
3175:(4,3,1,2,2)
3176:(3,3,0,2,2)
3177:(4,2,1,1,2)
3178:(5,2,0,1,2)
3179:(5,2,1,1,2)
3180:(4,2,0,1,2)
3181:(3,2,0,1,2)
3182:(2,3,0,0,2)
3183:(6,2,1,1,2)
3184:(2,2,1,1,2)
3185:(5,5,0,3,0)
3186:(5,2,1,3,0)
3187:(6,2,0,3,3)
3188:(6,5,1,3,3)
3189:(6,5,0,3,3)
3190:(6,4,1,3,3)
3191:(6,4,0,3,3)
3192:(6,2,1,3,3)
3193:(5,2,0,3,3)
3194:(5,5,1,3,3)
3195:(5,5,0,3,3)
3196:(5,4,1,3,3)
3197:(5,4,0,3,3)
3198:(5,2,1,3,3)
3199:(4,2,0,3,3)
3200:(4,5,1,3,3)
3201:(4,5,0,3,3)
3202:(4,4,1,3,3)
3203:(4,4,0,3,3)
3204:(4,2,1,3,3)
3205:(2,2,0,3,3)
3206:(2,5,1,3,3)
3207:(2,5,0,3,3)
3208:(2,4,1,3,3)
3209:(2,4,0,3,3)
3210:(2,2,1,3,3)
3211:(4,2,0,5,3)
3212:(4,2,1,5,3)
3213:(3,2,0,5,3)
3214:(3,2,1,5,3)
3215:(3,2,0,5,0)
3216:(3,3,1,5,0)
3217:(3,3,0,5,0)
3218:(3,2,1,5,0)
3219:(4,2,0,5,0)
3220:(4,2,1,5,0)
3221:(4,2,0,5,4)
3222:(4,2,1,5,4)
3223:(3,2,0,5,4)
3224:(3,2,1,5,4)
3225:(2,2,0,5,4)
3226:(2,3,1,5,4)
3227:(2,2,1,5,4)
3228:(2,2,0,5,3)
3229:(2,3,1,6,4)
3230:(2,2,1,6,4)
3231:(5,2,0,6,4)
3232:(5,2,1,6,4)
3233:(4,2,0,6,4)
3234:(4,2,1,6,4)
3235:(4,2,0,6,0)
3236:(4,2,1,6,0)
3237:(2,2,0,6,0)
3238:(2,5,1,6,0)
3239:(2,5,0,6,0)
3240:(2,4,1,6,0)
3241:(3,4,0,6,0)
3242:(3,3,1,6,0)
3243:(3,3,0,6,0)
3244:(3,2,1,6,0)
3245:(2,3,0,6,0)
3246:(2,3,1,6,0)
3247:(2,2,1,6,0)
3248:(2,4,0,6,0)
3249:(3,2,0,6,4)
3250:(3,2,1,6,4)
3251:(2,2,0,6,4)
3252:(2,5,0,6,4)
3253:(2,5,0,6,1)
3254:(2,5,1,6,5)
3255:(2,5,0,6,5)
3256:(2,4,1,6,5)
3257:(2,3,1,6,5)
3258:(2,3,0,6,5)
3259:(2,2,1,6,5)
3260:(6,2,0,6,5)
3261:(6,2,1,6,5)
3262:(6,2,0,0,5)
3263:(6,2,1,0,5)
3264:(5,2,0,0,5)
3265:(5,2,1,0,5)
3266:(5,2,0,5,5)
3267:(5,2,1,5,5)
3268:(6,2,0,5,5)
3269:(6,6,1,5,5)
3270:(6,6,0,5,5)
3271:(6,4,1,5,5)
3272:(6,4,0,5,5)
3273:(6,3,1,5,5)
3274:(6,3,0,5,5)
3275:(6,2,1,5,5)
3276:(4,2,0,5,5)
3277:(4,6,1,5,5)
3278:(4,6,0,5,5)
3279:(4,4,1,5,5)
3280:(4,4,0,5,5)
3281:(4,3,1,5,5)
3282:(4,3,0,5,5)
3283:(4,2,1,5,5)
3284:(3,2,0,5,5)
3285:(3,6,1,5,5)
3286:(3,6,0,5,5)
3287:(3,4,1,5,5)
3288:(3,4,0,5,5)
3289:(3,3,1,5,5)
3290:(3,3,0,5,5)
3291:(3,2,1,5,5)
3292:(2,2,0,5,5)
3293:(2,6,1,5,5)
3294:(2,6,0,5,5)
3295:(2,4,1,5,5)
3296:(2,4,0,5,5)
3297:(2,3,1,5,5)
3298:(2,3,0,5,5)
3299:(2,2,1,5,5)
3300:(4,2,0,6,5)
3301:(4,2,1,6,5)
3302:(3,2,0,6,5)
3303:(3,3,1,6,5)
3304:(3,2,1,6,5)
3305:(2,2,0,6,5)
3306:(2,5,1,6,6)
3307:(5,5,0,6,6)
3308:(5,5,1,6,6)
3309:(4,5,0,6,6)
3310:(4,5,1,6,6)
3311:(3,5,0,6,6)
3312:(3,5,1,6,6)
3313:(2,5,0,6,6)
3314:(2,4,1,6,6)
3315:(5,4,0,6,6)
3316:(5,4,1,6,6)
3317:(4,4,0,6,6)
3318:(4,4,1,6,6)
3319:(3,4,0,6,6)
3320:(3,4,1,6,6)
3321:(2,4,0,6,6)
3322:(2,3,1,6,6)
3323:(5,3,0,6,6)
3324:(5,3,1,6,6)
3325:(4,3,0,6,6)
3326:(4,3,1,6,6)
3327:(3,3,0,6,6)
3328:(3,3,1,6,6)
3329:(2,3,0,6,6)
3330:(2,2,1,6,6)
3331:(5,2,0,6,6)
3332:(5,2,1,6,6)
3333:(4,2,0,6,6)
3334:(4,2,1,6,6)
3335:(3,2,0,6,6)
3336:(3,2,1,6,6)
3337:(2,2,0,6,6)
3338:(2,3,0,3,6)
3339:(2,4,0,0,6)
3340:(3,5,0,2,5)
3341:(5,2,1,3,6)
3342:(2,2,0,3,4)
3343:(2,6,1,3,4)
3344:(2,6,0,3,4)
3345:(2,5,1,3,4)
3346:(2,5,0,3,4)
3347:(2,3,1,3,4)
3348:(2,3,0,3,4)
3349:(2,2,1,3,4)
3350:(3,4,1,1,4)
3351:(5,4,0,1,4)
3352:(5,4,1,1,4)
3353:(3,4,0,1,4)
3354:(2,4,0,1,4)
3355:(2,3,0,1,4)
3356:(2,6,0,5,4)
3357:(6,2,1,5,4)
3358:(3,4,0,5,0)
3359:(5,2,1,5,0)
3360:(4,3,0,0,5)
3361:(4,2,1,0,5)
3362:(3,3,0,0,5)
3363:(3,2,1,0,5)
3364:(2,2,0,3,5)
3365:(2,5,0,1,5)
3366:(2,6,0,6,5)
3367:(6,4,1,1,4)
3368:(3,6,0,0,3)
3369:(2,6,0,3,5)
3370:(2,2,0,6,1)
3371:(3,4,0,6,2)
3372:(4,3,0,5,2)
3373:(4,3,1,5,2)
3374:(3,3,0,5,2)
3375:(3,6,0,5,2)
3376:(3,5,0,4,2)
3377:(2,6,0,0,2)
3378:(2,6,0,3,3)
3379:(6,5,1,1,5)
3380:(4,4,1,1,4)
3381:(2,4,0,1,3)
3382:(3,3,1,1,3)
3383:(5,5,1,1,5)
