(rloc,hloc,rturn,o0,o1)
0:(2,2,0,2,2)
1:(2,4,1,2,2)
2:(2,4,0,2,2)
3:(2,4,0,2,0)
4:(2,4,1,2,0)
5:(4,4,0,2,0)
6:(4,4,1,2,0)
7:(3,4,0,2,0)
8:(3,4,1,2,0)
9:(3,4,0,2,3)
10:(3,4,1,2,3)
11:(4,4,0,2,3)
12:(4,4,1,2,3)
13:(2,4,0,2,3)
14:(2,4,1,2,3)
15:(2,4,0,0,3)
16:(2,4,1,0,3)
17:(4,4,0,0,3)
18:(4,4,1,0,3)
19:(3,4,0,0,3)
20:(3,4,1,0,3)
21:(3,4,0,3,3)
22:(3,4,1,3,3)
23:(3,4,0,3,0)
24:(3,4,1,3,0)
25:(4,4,0,3,0)
26:(4,4,1,3,0)
27:(2,4,0,3,0)
28:(2,4,1,3,0)
29:(2,4,0,3,2)
30:(2,4,1,3,2)
31:(4,4,0,3,2)
32:(4,4,1,3,2)
33:(3,4,0,3,2)
34:(3,4,1,3,2)
35:(3,4,0,0,2)
36:(3,4,1,0,2)
37:(4,4,0,0,2)
38:(4,4,1,0,2)
39:(2,4,0,0,2)
40:(2,4,1,0,2)
41:(4,4,0,3,3)
42:(4,4,1,3,3)
43:(2,4,0,3,3)
44:(2,4,1,3,3)
45:(4,4,0,2,2)
46:(4,4,1,2,2)
47:(3,4,0,2,2)
48:(3,4,1,2,2)
49:(2,2,1,2,1)
50:(2,2,0,2,1)
51:(2,4,1,2,1)
52:(2,4,0,2,1)
53:(2,4,0,0,1)
54:(4,4,0,2,1)
55:(3,4,0,2,1)
56:(2,2,1,2,2)
57:(2,2,0,2,0)
58:(2,2,1,1,0)
59:(2,2,0,1,2)
60:(2,4,1,1,2)
61:(2,4,0,1,2)
62:(2,4,0,1,0)
63:(4,4,0,1,2)
64:(3,4,0,1,2)
65:(2,3,1,1,2)
66:(2,3,0,1,2)
67:(2,3,1,3,2)
68:(2,3,0,3,2)
69:(2,2,1,3,2)
70:(2,2,0,3,2)
71:(2,2,1,3,1)
72:(4,2,0,3,1)
73:(4,4,1,3,1)
74:(4,4,0,3,1)
75:(4,2,1,3,2)
76:(4,2,0,3,2)
77:(4,2,1,3,1)
78:(4,3,1,3,2)
79:(4,3,0,3,2)
80:(4,3,1,1,2)
81:(4,3,0,1,2)
82:(4,4,1,1,2)
83:(4,2,1,1,2)
84:(4,2,0,1,2)
85:(4,2,1,2,2)
86:(4,2,0,2,2)
87:(4,2,1,2,1)
88:(4,2,0,2,1)
89:(4,4,1,2,1)
90:(4,3,1,2,1)
91:(4,3,0,2,1)
92:(4,3,1,2,3)
93:(4,3,0,2,3)
94:(4,2,1,2,3)
95:(4,2,0,2,3)
96:(4,2,1,1,3)
97:(4,2,0,1,3)
98:(4,4,1,1,3)
99:(4,4,0,1,3)
100:(4,3,1,1,3)
101:(4,3,0,1,3)
102:(4,3,1,3,3)
103:(4,3,0,3,3)
104:(4,3,1,3,1)
105:(4,3,0,3,1)
106:(4,2,1,3,3)
107:(4,2,0,3,3)
108:(4,3,1,2,2)
109:(4,3,0,2,2)
110:(3,2,0,3,1)
111:(3,4,1,3,1)
112:(3,4,0,3,1)
113:(3,4,0,0,1)
114:(2,4,0,3,1)
115:(3,2,1,3,2)
116:(3,2,0,3,2)
117:(3,2,1,3,1)
118:(3,2,0,0,1)
119:(3,4,1,0,1)
120:(4,4,0,0,1)
121:(3,2,1,0,2)
122:(4,2,0,0,2)
123:(4,2,1,0,1)
124:(4,2,0,0,1)
125:(4,4,1,0,1)
126:(4,2,1,0,2)
127:(4,3,1,0,1)
128:(4,3,0,0,1)
129:(4,3,1,0,3)
130:(4,3,0,0,3)
131:(4,2,1,0,3)
132:(4,2,0,0,3)
133:(4,3,1,0,2)
134:(4,3,0,0,2)
135:(3,2,0,0,2)
136:(3,2,1,0,1)
137:(2,2,0,0,1)
138:(2,4,1,0,1)
139:(2,2,1,0,2)
140:(2,2,0,0,2)
141:(2,2,1,0,1)
142:(2,3,1,0,2)
143:(2,3,0,2,2)
144:(2,3,1,2,2)
145:(2,3,0,2,0)
146:(2,3,1,2,0)
147:(4,3,0,2,0)
148:(4,3,1,2,0)
149:(4,2,1,2,0)
150:(4,2,0,2,0)
151:(4,2,1,1,0)
152:(4,2,0,1,0)
153:(4,4,1,1,0)
154:(4,4,0,1,0)
155:(4,3,1,1,0)
156:(4,3,0,1,0)
157:(4,3,1,3,0)
158:(4,3,0,3,0)
159:(4,2,1,3,0)
160:(4,2,0,3,0)
161:(3,3,0,2,0)
162:(3,3,1,2,0)
163:(3,3,0,2,3)
164:(3,3,1,2,1)
165:(3,3,0,2,1)
166:(3,4,1,2,1)
167:(3,3,1,2,3)
168:(2,3,0,2,3)
169:(2,3,1,2,1)
170:(2,3,0,2,1)
171:(2,3,1,2,3)
172:(2,3,0,0,3)
173:(2,3,1,0,1)
174:(3,3,0,0,1)
175:(3,3,1,0,3)
176:(3,3,0,3,3)
177:(3,3,1,3,1)
178:(3,3,0,3,1)
179:(3,3,1,3,3)
180:(3,3,0,3,0)
181:(3,3,1,1,0)
182:(3,3,0,1,3)
183:(3,4,1,1,3)
184:(3,4,0,1,3)
185:(3,4,0,1,0)
186:(2,4,0,1,3)
187:(3,3,1,1,3)
188:(3,3,0,1,0)
189:(3,4,1,1,0)
190:(3,3,1,3,0)
191:(2,3,0,3,0)
192:(2,3,1,1,0)
193:(2,3,0,1,0)
194:(2,4,1,1,0)
195:(2,3,1,3,0)
196:(2,2,1,3,0)
197:(3,2,0,3,0)
198:(3,2,1,3,0)
199:(3,2,0,3,3)
200:(3,2,1,3,3)
201:(3,2,0,0,3)
202:(3,2,1,0,3)
203:(2,2,0,0,3)
204:(2,3,1,0,3)
205:(3,3,0,0,3)
206:(3,3,1,0,1)
207:(2,3,0,0,1)
208:(2,2,1,0,3)
209:(2,2,0,2,3)
210:(2,2,1,1,3)
211:(3,2,0,1,3)
212:(3,2,1,2,3)
213:(3,2,0,2,3)
214:(3,2,1,1,3)
215:(3,2,0,1,0)
216:(3,2,1,2,0)
217:(3,2,0,2,0)
218:(3,2,1,1,0)
219:(2,2,0,1,0)
220:(2,2,1,2,0)
221:(2,2,0,1,3)
222:(2,4,1,1,3)
223:(2,2,1,2,3)
224:(2,3,1,1,3)
225:(2,3,0,1,3)
226:(2,3,1,3,3)
227:(2,3,0,3,3)
228:(2,3,1,3,1)
229:(2,3,0,3,1)
230:(2,4,1,3,1)
231:(2,2,1,3,3)
232:(2,2,0,3,3)
233:(2,2,0,3,0)
234:(3,2,1,2,1)
235:(3,2,0,2,1)
236:(3,2,1,2,2)
237:(3,2,0,2,2)
238:(3,2,1,1,2)
239:(3,2,0,1,2)
240:(3,4,1,1,2)
241:(3,3,1,1,2)
242:(3,3,0,1,2)
243:(3,3,1,3,2)
244:(3,3,0,3,2)
245:(3,3,0,0,2)
246:(3,3,1,0,2)
247:(2,3,0,0,2)
248:(3,3,1,2,2)
249:(3,3,0,2,2)
250:(2,2,0,3,1)
251:(2,2,1,1,2)
