(rloc,hloc,rturn,o0,o1)
0:(2,2,0,2,2)
1:(2,5,1,2,2)
2:(2,5,0,2,2)
3:(2,5,0,2,0)
4:(2,5,1,2,0)
5:(5,5,0,2,0)
6:(5,5,1,2,0)
7:(4,5,0,2,0)
8:(4,5,1,2,0)
9:(4,5,0,2,4)
10:(4,5,1,2,4)
11:(5,5,0,2,4)
12:(5,5,1,2,4)
13:(3,5,0,2,4)
14:(3,5,1,2,4)
15:(2,5,0,2,4)
16:(2,5,1,2,4)
17:(2,5,0,0,4)
18:(2,5,1,0,4)
19:(5,5,0,0,4)
20:(5,5,1,0,4)
21:(4,5,0,0,4)
22:(4,5,1,0,4)
23:(4,5,0,4,4)
24:(4,5,1,4,4)
25:(4,5,0,4,0)
26:(4,5,1,4,0)
27:(5,5,0,4,0)
28:(5,5,1,4,0)
29:(3,5,0,4,0)
30:(3,5,1,4,0)
31:(3,5,0,4,3)
32:(3,5,1,4,3)
33:(5,5,0,4,3)
34:(5,5,1,4,3)
35:(4,5,0,4,3)
36:(4,5,1,4,3)
37:(4,5,0,0,3)
38:(4,5,1,0,3)
39:(5,5,0,0,3)
40:(5,5,1,0,3)
41:(3,5,0,0,3)
42:(3,5,1,0,3)
43:(3,5,0,3,3)
44:(3,5,1,3,3)
45:(3,5,0,3,0)
46:(3,5,1,3,0)
47:(5,5,0,3,0)
48:(5,5,1,3,0)
49:(4,5,0,3,0)
50:(4,5,1,3,0)
51:(4,5,0,3,4)
52:(4,5,1,3,4)
53:(5,5,0,3,4)
54:(5,5,1,3,4)
55:(3,5,0,3,4)
56:(3,5,1,3,4)
57:(3,5,0,0,4)
58:(3,5,1,0,4)
59:(2,5,0,3,4)
60:(2,5,1,3,4)
61:(2,5,0,3,0)
62:(2,5,1,3,0)
63:(2,5,0,3,2)
64:(2,5,1,3,2)
65:(5,5,0,3,2)
66:(5,5,1,3,2)
67:(4,5,0,3,2)
68:(4,5,1,3,2)
69:(3,5,0,3,2)
70:(3,5,1,3,2)
71:(3,5,0,0,2)
72:(3,5,1,0,2)
73:(5,5,0,0,2)
74:(5,5,1,0,2)
75:(4,5,0,0,2)
76:(4,5,1,0,2)
77:(4,5,0,4,2)
78:(4,5,1,4,2)
79:(5,5,0,4,2)
80:(5,5,1,4,2)
81:(3,5,0,4,2)
82:(3,5,1,4,2)
83:(2,5,0,4,2)
84:(2,5,1,4,2)
85:(2,5,0,4,0)
86:(2,5,1,4,0)
87:(2,5,0,0,2)
88:(2,5,1,0,2)
89:(5,5,0,3,3)
90:(5,5,1,3,3)
91:(4,5,0,3,3)
92:(4,5,1,3,3)
93:(2,5,0,3,3)
94:(2,5,1,3,3)
95:(2,5,0,0,3)
96:(2,5,1,0,3)
97:(2,5,0,2,3)
98:(2,5,1,2,3)
99:(5,5,0,2,3)
100:(5,5,1,2,3)
101:(4,5,0,2,3)
102:(4,5,1,2,3)
103:(3,5,0,2,3)
104:(3,5,1,2,3)
105:(3,5,0,2,0)
106:(3,5,1,2,0)
107:(2,5,0,4,3)
108:(2,5,1,4,3)
109:(5,5,0,4,4)
110:(5,5,1,4,4)
111:(3,5,0,4,4)
112:(3,5,1,4,4)
113:(2,5,0,4,4)
114:(2,5,1,4,4)
115:(5,5,0,2,2)
116:(5,5,1,2,2)
117:(4,5,0,2,2)
118:(4,5,1,2,2)
119:(3,5,0,2,2)
120:(3,5,1,2,2)
121:(2,2,1,2,1)
122:(2,2,0,2,1)
123:(2,5,1,2,1)
124:(2,5,0,2,1)
125:(2,5,0,0,1)
126:(5,5,0,2,1)
127:(4,5,0,2,1)
128:(3,5,0,2,1)
129:(2,2,1,2,2)
130:(2,2,0,2,0)
131:(2,2,1,1,0)
132:(2,2,0,1,2)
133:(2,5,1,1,2)
134:(2,5,0,1,2)
135:(2,5,0,1,0)
136:(5,5,0,1,2)
137:(4,5,0,1,2)
138:(3,5,0,1,2)
139:(2,4,1,1,2)
140:(2,4,0,1,2)
141:(2,4,1,4,2)
142:(2,4,0,4,2)
143:(2,3,1,4,2)
144:(2,3,0,4,2)
145:(2,2,1,4,2)
146:(2,2,0,4,2)
147:(2,2,1,4,1)
148:(5,2,0,4,1)
149:(5,5,1,4,1)
150:(5,5,0,4,1)
151:(5,2,1,4,2)
152:(5,2,0,4,2)
153:(5,2,1,4,1)
154:(5,4,1,4,2)
155:(5,4,0,4,2)
156:(5,4,1,1,2)
157:(5,4,0,1,2)
158:(5,5,1,1,2)
159:(5,3,1,1,2)
160:(5,3,0,1,2)
161:(5,3,1,3,2)
162:(5,3,0,3,2)
163:(5,4,1,3,2)
164:(5,4,0,3,2)
165:(5,2,1,3,2)
166:(5,2,0,3,2)
167:(5,2,1,3,1)
168:(5,2,0,3,1)
169:(5,5,1,3,1)
170:(5,5,0,3,1)
171:(5,4,1,3,1)
172:(5,4,0,3,1)
173:(5,4,1,3,4)
174:(5,4,0,3,4)
175:(5,3,1,3,4)
176:(5,3,0,3,4)
177:(5,3,1,1,4)
178:(5,3,0,1,4)
179:(5,5,1,1,4)
180:(5,5,0,1,4)
181:(5,4,1,1,4)
182:(5,4,0,1,4)
183:(5,4,1,4,4)
184:(5,4,0,4,4)
185:(5,4,1,4,1)
186:(5,4,0,4,1)
187:(5,3,1,4,1)
188:(5,3,0,4,1)
189:(5,3,1,4,3)
190:(5,3,0,4,3)
191:(5,4,1,4,3)
192:(5,4,0,4,3)
193:(5,4,1,1,3)
194:(5,4,0,1,3)
195:(5,5,1,1,3)
196:(5,5,0,1,3)
197:(5,3,1,1,3)
198:(5,3,0,1,3)
199:(5,3,1,3,3)
200:(5,3,0,3,3)
201:(5,3,1,3,1)
202:(5,3,0,3,1)
203:(5,4,1,3,3)
204:(5,4,0,3,3)
205:(5,2,1,3,3)
206:(5,2,0,3,3)
207:(5,2,1,1,3)
208:(5,2,0,1,3)
209:(5,2,1,2,3)
210:(5,2,0,2,3)
211:(5,4,1,2,3)
212:(5,4,0,2,3)
213:(5,3,1,2,3)
214:(5,3,0,2,3)
215:(5,3,1,2,1)
216:(5,3,0,2,1)
217:(5,5,1,2,1)
218:(5,4,1,2,1)
219:(5,4,0,2,1)
220:(5,4,1,2,4)
221:(5,4,0,2,4)
222:(5,3,1,2,4)
223:(5,3,0,2,4)
224:(5,2,1,2,4)
225:(5,2,0,2,4)
226:(5,2,1,1,4)
227:(5,2,0,1,4)
228:(5,2,1,2,1)
229:(5,2,0,2,1)
230:(5,2,1,2,2)
231:(5,2,0,2,2)
232:(5,2,1,1,2)
233:(5,2,0,1,2)
234:(5,4,1,2,2)
235:(5,4,0,2,2)
236:(5,3,1,2,2)
237:(5,3,0,2,2)
238:(5,2,1,4,3)
239:(5,2,0,4,3)
240:(5,3,1,4,4)
241:(5,3,0,4,4)
242:(5,2,1,4,4)
243:(5,2,0,4,4)
244:(5,2,1,3,4)
245:(5,2,0,3,4)
246:(5,3,1,4,2)
247:(5,3,0,4,2)
248:(4,2,0,4,1)
249:(4,5,1,4,1)
250:(4,5,0,4,1)
251:(4,5,0,0,1)
252:(3,5,0,4,1)
253:(2,5,0,4,1)
254:(4,2,1,4,2)
255:(4,2,0,4,2)
256:(4,2,1,4,1)
257:(4,2,0,0,1)
258:(4,5,1,0,1)
259:(5,5,0,0,1)
260:(3,5,0,0,1)
261:(4,2,1,0,2)
262:(5,2,0,0,2)
263:(5,2,1,0,1)
264:(5,2,0,0,1)
265:(5,5,1,0,1)
266:(5,2,1,0,2)
267:(5,4,1,0,1)
268:(5,4,0,0,1)
269:(5,4,1,0,4)
270:(5,4,0,0,4)
271:(5,3,1,0,4)
272:(5,3,0,0,4)
273:(5,2,1,0,4)
274:(5,2,0,0,4)
275:(5,3,1,0,1)
276:(5,3,0,0,1)
277:(5,3,1,0,3)
278:(5,3,0,0,3)
279:(5,4,1,0,3)
280:(5,4,0,0,3)
281:(5,2,1,0,3)
282:(5,2,0,0,3)
283:(5,4,1,0,2)
284:(5,4,0,0,2)
285:(5,3,1,0,2)
286:(5,3,0,0,2)
287:(4,2,0,0,2)
288:(4,2,1,0,1)
289:(3,2,0,0,1)
290:(3,5,1,0,1)
291:(3,5,0,3,1)
292:(3,2,1,0,2)
293:(3,2,0,3,2)
294:(3,2,1,3,1)
295:(3,2,0,3,1)
296:(3,5,1,3,1)
297:(4,5,0,3,1)
298:(2,5,0,3,1)
299:(3,2,1,3,2)
300:(3,2,0,0,2)
301:(3,2,1,0,1)
302:(2,2,0,0,1)
303:(2,5,1,0,1)
304:(2,2,1,0,2)
305:(2,2,0,0,2)
306:(2,2,1,0,1)
307:(2,4,1,0,2)
308:(2,4,0,2,2)
309:(2,4,1,2,2)
310:(2,4,0,2,0)
311:(2,4,1,2,0)
312:(5,4,0,2,0)
313:(5,4,1,2,0)
314:(5,3,1,2,0)
315:(5,3,0,2,0)
316:(5,2,1,2,0)
317:(5,2,0,2,0)
318:(5,2,1,1,0)
319:(5,2,0,1,0)
320:(5,5,1,1,0)
321:(5,5,0,1,0)
322:(5,4,1,1,0)
323:(5,4,0,1,0)
324:(5,4,1,4,0)
325:(5,4,0,4,0)
326:(5,3,1,4,0)
327:(5,3,0,4,0)
328:(5,2,1,4,0)
329:(5,2,0,4,0)
330:(5,3,1,1,0)
331:(5,3,0,1,0)
332:(5,3,1,3,0)
333:(5,3,0,3,0)
334:(5,4,1,3,0)
335:(5,4,0,3,0)
336:(5,2,1,3,0)
337:(5,2,0,3,0)
338:(4,4,0,2,0)
339:(4,4,1,2,0)
340:(4,4,0,2,4)
341:(4,4,1,2,1)
342:(4,4,0,2,1)
343:(4,5,1,2,1)
344:(4,4,1,2,4)
345:(3,4,0,2,4)
346:(3,4,1,2,1)
347:(3,4,0,2,1)
348:(3,5,1,2,1)
349:(3,4,1,2,4)
350:(2,4,0,2,4)
351:(2,4,1,2,1)
352:(2,4,0,2,1)
353:(2,4,1,2,4)
354:(2,4,0,0,4)
355:(2,4,1,0,1)
356:(4,4,0,0,1)
357:(4,4,1,0,4)
358:(4,4,0,4,4)
359:(4,4,1,4,1)
360:(4,4,0,4,1)
361:(4,4,1,4,4)
362:(4,4,0,4,0)
363:(4,4,1,1,0)
364:(4,4,0,1,4)
365:(4,5,1,1,4)
366:(4,5,0,1,4)
367:(4,5,0,1,0)
368:(3,5,0,1,4)
369:(2,5,0,1,4)
370:(4,4,1,1,4)
371:(4,4,0,1,0)
372:(4,5,1,1,0)
373:(3,5,0,1,0)
374:(4,4,1,4,0)
375:(3,4,0,4,0)
376:(3,4,1,1,0)
377:(3,4,0,1,3)
378:(3,5,1,1,3)
379:(3,5,0,1,3)
380:(4,5,0,1,3)
381:(2,5,0,1,3)
382:(3,4,1,4,3)
383:(3,4,0,4,3)
384:(3,4,1,1,3)
385:(3,4,0,1,0)
386:(3,5,1,1,0)
387:(3,4,1,4,0)
388:(2,4,0,4,0)
389:(2,4,1,1,0)
390:(2,4,0,1,0)
391:(2,5,1,1,0)
392:(2,4,1,4,0)
393:(2,3,1,1,0)
394:(2,3,0,1,2)
395:(2,3,1,3,2)
396:(2,3,0,3,2)
397:(2,3,1,1,2)
398:(2,3,0,1,0)
399:(2,3,1,3,0)
400:(4,3,0,3,0)
401:(4,3,1,1,0)
402:(4,3,0,1,4)
403:(4,3,1,3,4)
404:(4,3,0,3,4)
405:(4,3,1,1,4)
406:(4,3,0,1,0)
407:(4,3,1,3,0)
408:(3,3,0,3,0)
409:(3,3,1,1,0)
410:(3,3,0,1,3)
411:(3,3,1,3,3)
412:(3,3,0,3,3)
413:(3,3,1,3,1)
414:(3,3,0,3,1)
415:(3,4,1,3,1)
416:(3,4,0,3,1)
417:(3,4,1,3,4)
418:(3,4,0,3,4)
419:(3,3,1,3,4)
420:(3,3,0,3,4)
421:(3,3,1,1,4)
422:(3,3,0,1,4)
423:(3,5,1,1,4)
424:(3,4,1,1,4)
425:(3,4,0,1,4)
426:(3,4,1,4,4)
427:(3,4,0,4,4)
428:(3,4,1,4,1)
429:(3,4,0,4,1)
430:(3,5,1,4,1)
431:(3,3,1,4,1)
432:(4,3,0,4,1)
433:(4,3,1,4,3)
434:(4,3,0,4,3)
435:(4,3,1,4,1)
436:(4,3,0,0,1)
437:(4,3,1,0,3)
438:(4,3,0,0,3)
439:(4,3,1,0,1)
440:(3,3,0,0,1)
441:(3,3,1,0,3)
442:(3,3,0,0,3)
443:(3,3,1,0,1)
444:(2,3,0,0,1)
445:(2,3,1,0,3)
446:(2,3,0,2,3)
447:(2,3,1,2,1)
448:(2,3,0,2,1)
449:(2,3,1,2,3)
450:(2,3,0,0,3)
451:(2,3,1,0,1)
452:(2,4,1,0,3)
453:(2,4,0,2,3)
454:(2,4,1,2,3)
455:(2,4,0,0,3)
456:(2,2,1,0,3)
457:(2,2,0,2,3)
458:(2,2,1,1,3)
459:(4,2,0,1,3)
460:(4,5,1,1,3)
461:(4,2,1,2,3)
462:(4,2,0,2,3)
463:(4,2,1,1,3)
464:(3,2,0,1,3)
465:(3,2,1,2,3)
466:(3,2,0,2,3)
467:(3,2,1,1,3)
468:(3,2,0,1,0)
469:(3,2,1,2,0)
470:(4,2,0,2,0)
471:(4,2,1,1,0)
472:(4,2,0,1,4)
473:(4,2,1,2,4)
474:(4,2,0,2,4)
475:(4,2,1,1,4)
476:(4,2,0,1,0)
477:(4,2,1,2,0)
478:(3,2,0,2,0)
479:(3,2,1,1,0)
480:(2,2,0,1,0)
481:(2,2,1,2,0)
482:(3,4,1,2,0)
483:(3,4,0,2,3)
484:(3,4,1,2,3)
485:(3,4,0,2,0)
486:(3,3,1,2,0)
487:(3,3,0,2,3)
488:(3,3,1,2,1)
489:(4,3,0,2,1)
490:(4,3,1,2,3)
491:(4,3,0,2,3)
492:(4,3,1,2,1)
493:(3,3,0,2,1)
494:(3,3,1,2,3)
495:(3,3,0,2,0)
496:(3,2,1,2,1)
497:(4,2,0,2,1)
498:(4,2,1,2,2)
499:(4,2,0,2,2)
500:(4,2,1,2,1)
501:(3,2,0,2,1)
502:(3,2,1,2,2)
503:(3,2,0,2,2)
504:(3,2,1,1,2)
505:(4,2,0,1,2)
506:(4,5,1,1,2)
507:(4,4,1,1,2)
508:(4,4,0,1,2)
509:(4,4,1,4,2)
510:(4,4,0,4,2)
511:(4,3,1,4,2)
512:(4,3,0,4,2)
513:(4,3,0,0,2)
514:(4,4,1,0,2)
515:(4,4,0,0,2)
516:(4,3,1,0,2)
517:(3,3,0,0,2)
518:(3,4,1,0,2)
519:(3,4,0,3,2)
520:(3,4,1,3,2)
521:(3,4,0,0,2)
522:(3,3,1,0,2)
523:(3,3,0,3,2)
524:(3,3,1,1,2)
525:(4,3,0,1,2)
526:(4,3,1,3,2)
527:(4,3,0,3,2)
528:(4,3,1,1,2)
529:(3,3,0,1,2)
530:(3,5,1,1,2)
531:(3,3,1,3,2)
532:(3,4,1,1,2)
533:(3,4,0,1,2)
534:(3,4,1,4,2)
535:(3,4,0,4,2)
536:(3,3,1,4,2)
537:(3,3,0,4,2)
538:(3,2,1,4,2)
539:(3,2,0,4,2)
540:(3,2,1,4,1)
541:(3,2,0,4,1)
542:(2,2,0,4,1)
543:(2,5,1,4,1)
544:(2,4,1,4,1)
545:(2,4,0,4,1)
546:(2,4,1,4,4)
547:(2,4,0,4,4)
548:(2,4,1,1,4)
549:(2,4,0,1,4)
550:(2,5,1,1,4)
551:(2,3,1,1,4)
552:(2,3,0,1,4)
553:(2,3,1,3,4)
554:(2,3,0,3,4)
555:(2,4,1,3,4)
556:(4,4,0,3,4)
557:(4,4,1,3,1)
558:(4,4,0,3,1)
559:(4,5,1,3,1)
560:(4,4,1,3,4)
561:(4,4,0,3,0)
562:(4,4,1,3,0)
563:(3,4,0,3,0)
564:(3,4,1,3,0)
565:(3,4,0,3,3)
566:(3,4,1,3,3)
567:(3,4,0,0,3)
568:(3,4,1,0,3)
569:(4,4,0,0,3)
570:(4,4,1,0,3)
571:(4,4,0,4,3)
572:(4,4,1,1,3)
573:(4,4,0,1,3)
574:(4,4,1,4,3)
575:(2,4,0,4,3)
576:(2,4,1,1,3)
577:(2,4,0,1,3)
578:(2,5,1,1,3)
579:(2,4,1,4,3)
580:(2,3,1,1,3)
581:(4,3,0,1,3)
582:(4,3,1,3,3)
583:(4,3,0,3,3)
584:(4,3,1,3,1)
585:(4,3,0,3,1)
586:(4,2,1,3,1)
587:(4,2,0,3,1)
588:(4,2,1,3,2)
589:(4,2,0,3,2)
590:(4,4,1,3,2)
591:(4,4,0,3,2)
592:(2,4,0,3,2)
593:(2,4,1,3,2)
594:(2,4,0,3,0)
595:(2,4,1,3,0)
596:(2,2,1,3,0)
597:(2,2,0,3,2)
598:(2,2,1,3,1)
599:(2,2,0,3,1)
600:(2,5,1,3,1)
601:(2,2,1,3,2)
602:(2,2,0,3,0)
603:(2,4,1,3,1)
604:(2,4,0,3,1)
605:(2,3,1,3,1)
606:(2,3,0,3,1)
607:(2,3,1,3,3)
608:(2,3,0,3,3)
609:(2,4,1,3,3)
610:(4,4,0,3,3)
611:(4,4,1,3,3)
612:(2,4,0,3,3)
613:(2,2,1,3,3)
614:(4,2,0,3,3)
615:(4,2,1,3,3)
616:(3,2,0,3,3)
617:(3,2,1,3,3)
618:(3,2,0,3,0)
619:(3,3,1,3,0)
620:(2,3,0,3,0)
621:(3,2,1,3,0)
622:(4,2,0,3,0)
623:(4,2,1,3,0)
624:(4,2,0,3,4)
625:(4,2,1,3,4)
626:(3,2,0,3,4)
627:(3,2,1,3,4)
628:(3,2,0,0,4)
629:(3,4,1,0,4)
630:(4,4,0,0,4)
631:(4,4,1,0,1)
632:(3,4,0,0,1)
633:(3,4,1,0,1)
634:(2,4,0,0,1)
635:(2,4,1,0,4)
636:(3,4,0,0,4)
637:(3,3,1,0,4)
638:(4,3,0,0,4)
639:(4,3,1,0,4)
640:(4,3,0,4,4)
641:(4,3,1,4,4)
642:(4,3,0,4,0)
643:(4,3,1,4,0)
644:(3,3,0,4,0)
645:(3,3,1,4,0)
646:(3,3,0,4,3)
647:(3,3,1,4,3)
648:(2,3,0,4,3)
649:(2,3,1,4,1)
650:(3,3,0,4,1)
651:(2,3,0,4,1)
652:(2,3,1,4,3)
653:(2,2,1,4,3)
654:(4,2,0,4,3)
655:(4,2,1,4,3)
656:(4,2,0,0,3)
657:(4,2,1,0,3)
658:(3,2,0,0,3)
659:(3,2,1,0,3)
660:(2,2,0,0,3)
661:(3,2,0,4,3)
662:(3,2,1,4,3)
663:(3,2,0,4,0)
664:(3,2,1,4,0)
665:(4,2,0,4,0)
666:(4,2,1,4,0)
667:(4,2,0,4,4)
668:(4,2,1,4,4)
669:(4,2,0,0,4)
670:(4,2,1,0,4)
671:(2,2,0,0,4)
672:(2,3,1,0,4)
673:(2,3,0,2,4)
674:(2,3,1,2,4)
675:(2,3,0,0,4)
676:(2,2,1,0,4)
677:(2,2,0,2,4)
678:(2,2,1,1,4)
679:(3,2,0,1,4)
680:(3,2,1,2,4)
681:(3,2,0,2,4)
682:(3,2,1,1,4)
683:(2,2,0,1,4)
684:(2,2,1,2,4)
685:(3,3,1,2,4)
686:(4,3,0,2,4)
687:(4,3,1,2,4)
688:(4,3,0,2,0)
689:(4,3,1,2,0)
690:(2,3,0,2,0)
691:(2,3,1,2,0)
692:(2,3,0,2,2)
693:(2,3,1,2,2)
694:(2,3,0,0,2)
695:(2,3,1,0,2)
696:(4,3,0,2,2)
697:(4,4,1,2,2)
698:(4,4,0,2,2)
699:(4,3,1,2,2)
700:(3,3,0,2,2)
701:(3,4,1,2,2)
702:(3,4,0,2,2)
703:(3,3,1,2,2)
704:(3,3,0,2,4)
705:(3,3,0,0,4)
706:(3,2,1,0,4)
707:(3,2,0,4,4)
708:(3,3,1,4,4)
709:(3,3,0,4,4)
710:(3,2,1,4,4)
711:(2,2,0,4,4)
712:(2,3,1,4,4)
713:(2,3,0,4,4)
714:(2,2,1,4,4)
715:(2,2,0,4,0)
716:(2,3,1,4,0)
717:(2,3,0,4,0)
718:(2,2,1,4,0)
719:(2,2,0,4,3)
720:(2,2,0,3,4)
721:(2,2,1,3,4)
722:(2,2,0,3,3)
723:(4,3,1,1,3)
724:(2,3,0,1,3)
725:(2,4,0,3,4)
726:(4,2,1,1,2)
727:(3,2,0,1,2)
728:(2,4,0,0,2)
729:(4,4,1,2,3)
730:(4,4,0,2,3)
731:(2,2,0,1,3)
732:(2,2,1,2,3)
733:(3,3,1,1,3)
734:(3,3,0,1,0)
735:(2,2,1,1,2)
