(rloc,hloc,rturn,o0)
0:(2,2,0,2)
1:(2,4,1,2)
2:(2,4,0,2)
3:(2,4,0,0)
4:(2,4,1,0)
5:(4,4,0,0)
6:(4,4,1,0)
7:(3,4,0,0)
8:(3,4,1,0)
9:(3,4,0,3)
10:(3,4,1,3)
11:(4,4,0,3)
12:(4,4,1,3)
13:(2,4,0,3)
14:(2,4,1,3)
15:(4,4,0,2)
16:(4,4,1,2)
17:(3,4,0,2)
18:(3,4,1,2)
19:(2,2,1,1)
20:(4,2,0,1)
21:(4,4,1,1)
22:(4,4,0,1)
23:(4,2,1,2)
24:(4,2,0,2)
25:(4,2,1,1)
26:(4,3,1,2)
27:(4,3,0,2)
28:(4,3,1,1)
29:(4,3,0,1)
30:(4,3,1,3)
31:(4,3,0,3)
32:(4,2,1,3)
33:(4,2,0,3)
34:(3,2,0,1)
35:(3,4,1,1)
36:(3,4,0,1)
37:(2,4,0,1)
38:(3,2,1,2)
39:(3,2,0,2)
40:(3,2,1,1)
41:(2,2,0,1)
42:(2,4,1,1)
43:(2,2,1,2)
44:(2,2,0,0)
45:(2,3,1,0)
46:(2,3,0,2)
47:(2,3,1,2)
48:(2,3,0,0)
49:(2,2,1,0)
50:(4,2,0,0)
51:(4,3,1,0)
52:(4,3,0,0)
53:(4,2,1,0)
54:(3,2,0,0)
55:(3,3,1,0)
56:(3,3,0,3)
57:(3,3,1,1)
58:(3,3,0,1)
59:(3,3,1,3)
60:(3,3,0,0)
61:(3,2,1,0)
62:(3,2,0,3)
63:(3,2,1,3)
64:(2,2,0,3)
65:(2,3,1,3)
66:(2,3,0,3)
67:(2,3,1,1)
68:(2,3,0,1)
69:(2,2,1,3)
70:(3,3,0,2)
71:(3,3,1,2)
