(rloc,hloc,rturn,o0)
0:(2,2,0,2)
1:(2,9,1,2)
2:(2,9,0,2)
3:(2,9,0,0)
4:(2,9,1,0)
5:(9,9,0,0)
6:(9,9,1,0)
7:(8,9,0,0)
8:(8,9,1,0)
9:(8,9,0,8)
10:(8,9,1,8)
11:(9,9,0,8)
12:(9,9,1,8)
13:(7,9,0,8)
14:(7,9,1,8)
15:(6,9,0,8)
16:(6,9,1,8)
17:(5,9,0,8)
18:(5,9,1,8)
19:(4,9,0,8)
20:(4,9,1,8)
21:(3,9,0,8)
22:(3,9,1,8)
23:(2,9,0,8)
24:(2,9,1,8)
25:(7,9,0,0)
26:(7,9,1,0)
27:(7,9,0,7)
28:(7,9,1,7)
29:(9,9,0,7)
30:(9,9,1,7)
31:(8,9,0,7)
32:(8,9,1,7)
33:(6,9,0,7)
34:(6,9,1,7)
35:(5,9,0,7)
36:(5,9,1,7)
37:(4,9,0,7)
38:(4,9,1,7)
39:(3,9,0,7)
40:(3,9,1,7)
41:(2,9,0,7)
42:(2,9,1,7)
43:(6,9,0,0)
44:(6,9,1,0)
45:(6,9,0,6)
46:(6,9,1,6)
47:(9,9,0,6)
48:(9,9,1,6)
49:(8,9,0,6)
50:(8,9,1,6)
51:(7,9,0,6)
52:(7,9,1,6)
53:(5,9,0,6)
54:(5,9,1,6)
55:(4,9,0,6)
56:(4,9,1,6)
57:(3,9,0,6)
58:(3,9,1,6)
59:(2,9,0,6)
60:(2,9,1,6)
61:(5,9,0,0)
62:(5,9,1,0)
63:(5,9,0,5)
64:(5,9,1,5)
65:(9,9,0,5)
66:(9,9,1,5)
67:(8,9,0,5)
68:(8,9,1,5)
69:(7,9,0,5)
70:(7,9,1,5)
71:(6,9,0,5)
72:(6,9,1,5)
73:(4,9,0,5)
74:(4,9,1,5)
75:(3,9,0,5)
76:(3,9,1,5)
77:(2,9,0,5)
78:(2,9,1,5)
79:(4,9,0,0)
80:(4,9,1,0)
81:(4,9,0,4)
82:(4,9,1,4)
83:(9,9,0,4)
84:(9,9,1,4)
85:(8,9,0,4)
86:(8,9,1,4)
87:(7,9,0,4)
88:(7,9,1,4)
89:(6,9,0,4)
90:(6,9,1,4)
91:(5,9,0,4)
92:(5,9,1,4)
93:(3,9,0,4)
94:(3,9,1,4)
95:(2,9,0,4)
96:(2,9,1,4)
97:(3,9,0,0)
98:(3,9,1,0)
99:(3,9,0,3)
100:(3,9,1,3)
101:(9,9,0,3)
102:(9,9,1,3)
103:(8,9,0,3)
104:(8,9,1,3)
105:(7,9,0,3)
106:(7,9,1,3)
107:(6,9,0,3)
108:(6,9,1,3)
109:(5,9,0,3)
110:(5,9,1,3)
111:(4,9,0,3)
112:(4,9,1,3)
113:(2,9,0,3)
114:(2,9,1,3)
115:(9,9,0,2)
116:(9,9,1,2)
117:(8,9,0,2)
118:(8,9,1,2)
119:(7,9,0,2)
120:(7,9,1,2)
121:(6,9,0,2)
122:(6,9,1,2)
123:(5,9,0,2)
124:(5,9,1,2)
125:(4,9,0,2)
126:(4,9,1,2)
127:(3,9,0,2)
128:(3,9,1,2)
129:(2,2,1,1)
130:(9,2,0,1)
131:(9,9,1,1)
132:(9,9,0,1)
133:(9,2,1,2)
134:(9,2,0,2)
135:(9,2,1,1)
136:(9,8,1,2)
137:(9,8,0,2)
138:(9,7,1,2)
139:(9,7,0,2)
140:(9,6,1,2)
141:(9,6,0,2)
142:(9,5,1,2)
143:(9,5,0,2)
144:(9,4,1,2)
145:(9,4,0,2)
146:(9,3,1,2)
147:(9,3,0,2)
148:(9,8,1,1)
149:(9,8,0,1)
150:(9,8,1,8)
151:(9,8,0,8)
152:(9,7,1,8)
153:(9,7,0,8)
154:(9,6,1,8)
155:(9,6,0,8)
156:(9,5,1,8)
157:(9,5,0,8)
158:(9,4,1,8)
159:(9,4,0,8)
160:(9,3,1,8)
161:(9,3,0,8)
162:(9,2,1,8)
163:(9,2,0,8)
164:(9,7,1,1)
165:(9,7,0,1)
166:(9,7,1,7)
167:(9,7,0,7)
168:(9,8,1,7)
169:(9,8,0,7)
170:(9,6,1,7)
171:(9,6,0,7)
172:(9,5,1,7)
173:(9,5,0,7)
174:(9,4,1,7)
175:(9,4,0,7)
176:(9,3,1,7)
177:(9,3,0,7)
178:(9,2,1,7)
179:(9,2,0,7)
180:(9,6,1,1)
181:(9,6,0,1)
182:(9,6,1,6)
183:(9,6,0,6)
184:(9,8,1,6)
185:(9,8,0,6)
186:(9,7,1,6)
187:(9,7,0,6)
188:(9,5,1,6)
189:(9,5,0,6)
190:(9,4,1,6)
191:(9,4,0,6)
192:(9,3,1,6)
193:(9,3,0,6)
194:(9,2,1,6)
195:(9,2,0,6)
196:(9,5,1,1)
197:(9,5,0,1)
198:(9,5,1,5)
199:(9,5,0,5)
200:(9,8,1,5)
201:(9,8,0,5)
202:(9,7,1,5)
203:(9,7,0,5)
204:(9,6,1,5)
205:(9,6,0,5)
206:(9,4,1,5)
207:(9,4,0,5)
208:(9,3,1,5)
209:(9,3,0,5)
210:(9,2,1,5)
211:(9,2,0,5)
212:(9,4,1,1)
213:(9,4,0,1)
214:(9,4,1,4)
215:(9,4,0,4)
216:(9,8,1,4)
217:(9,8,0,4)
218:(9,7,1,4)
219:(9,7,0,4)
220:(9,6,1,4)
221:(9,6,0,4)
222:(9,5,1,4)
223:(9,5,0,4)
224:(9,3,1,4)
225:(9,3,0,4)
226:(9,2,1,4)
227:(9,2,0,4)
228:(9,3,1,1)
229:(9,3,0,1)
230:(9,3,1,3)
231:(9,3,0,3)
232:(9,8,1,3)
233:(9,8,0,3)
234:(9,7,1,3)
235:(9,7,0,3)
236:(9,6,1,3)
237:(9,6,0,3)
238:(9,5,1,3)
239:(9,5,0,3)
240:(9,4,1,3)
241:(9,4,0,3)
242:(9,2,1,3)
243:(9,2,0,3)
244:(8,2,0,1)
245:(8,9,1,1)
246:(8,9,0,1)
247:(7,9,0,1)
248:(6,9,0,1)
249:(5,9,0,1)
250:(4,9,0,1)
251:(3,9,0,1)
252:(2,9,0,1)
253:(8,2,1,2)
254:(8,2,0,2)
255:(8,2,1,1)
256:(7,2,0,1)
257:(7,9,1,1)
258:(7,2,1,2)
259:(7,2,0,2)
260:(7,2,1,1)
261:(6,2,0,1)
262:(6,9,1,1)
263:(6,2,1,2)
264:(6,2,0,2)
265:(6,2,1,1)
266:(5,2,0,1)
267:(5,9,1,1)
268:(5,2,1,2)
269:(5,2,0,2)
270:(5,2,1,1)
271:(4,2,0,1)
272:(4,9,1,1)
273:(4,2,1,2)
274:(4,2,0,2)
275:(4,2,1,1)
276:(3,2,0,1)
277:(3,9,1,1)
278:(3,2,1,2)
279:(3,2,0,2)
280:(3,2,1,1)
281:(2,2,0,1)
282:(2,9,1,1)
283:(2,2,1,2)
284:(2,2,0,0)
285:(2,8,1,0)
286:(2,8,0,2)
287:(2,8,1,2)
288:(2,8,0,0)
289:(2,7,1,0)
290:(2,7,0,2)
291:(2,7,1,2)
292:(2,7,0,0)
293:(2,6,1,0)
294:(2,6,0,2)
295:(2,6,1,2)
296:(2,6,0,0)
297:(2,5,1,0)
298:(2,5,0,2)
299:(2,5,1,2)
300:(2,5,0,0)
301:(2,4,1,0)
302:(2,4,0,2)
303:(2,4,1,2)
304:(2,4,0,0)
305:(2,3,1,0)
306:(2,3,0,2)
307:(2,3,1,2)
308:(2,3,0,0)
309:(2,2,1,0)
310:(9,2,0,0)
311:(9,8,1,0)
312:(9,8,0,0)
313:(9,7,1,0)
314:(9,7,0,0)
315:(9,6,1,0)
316:(9,6,0,0)
317:(9,5,1,0)
318:(9,5,0,0)
319:(9,4,1,0)
320:(9,4,0,0)
321:(9,3,1,0)
322:(9,3,0,0)
323:(9,2,1,0)
324:(8,2,0,0)
325:(8,8,1,0)
326:(8,8,0,8)
327:(8,8,1,1)
328:(8,8,0,1)
329:(8,8,1,8)
330:(8,8,0,0)
331:(8,7,1,0)
332:(8,7,0,8)
333:(8,7,1,8)
334:(8,7,0,0)
335:(8,6,1,0)
336:(8,6,0,8)
337:(8,6,1,8)
338:(8,6,0,0)
339:(8,5,1,0)
340:(8,5,0,8)
341:(8,5,1,8)
342:(8,5,0,0)
343:(8,4,1,0)
344:(8,4,0,8)
345:(8,4,1,8)
346:(8,4,0,0)
347:(8,3,1,0)
348:(8,3,0,8)
349:(8,3,1,8)
350:(8,3,0,0)
351:(8,2,1,0)
352:(8,2,0,8)
353:(8,2,1,8)
354:(7,2,0,8)
355:(7,8,1,8)
356:(7,8,0,8)
357:(7,8,1,1)
358:(7,8,0,1)
359:(7,7,1,1)
360:(8,7,0,1)
361:(8,7,1,7)
362:(8,7,0,7)
363:(8,7,1,1)
364:(7,7,0,1)
365:(7,7,1,7)
366:(7,7,0,7)
367:(7,8,1,7)
368:(7,8,0,7)
369:(7,6,1,7)
370:(7,6,0,7)
371:(7,5,1,7)
372:(7,5,0,7)
373:(7,4,1,7)
374:(7,4,0,7)
375:(7,3,1,7)
376:(7,3,0,7)
377:(7,2,1,7)
378:(7,2,0,7)
379:(7,2,0,0)
380:(7,8,1,0)
381:(7,8,0,0)
382:(7,7,1,0)
383:(7,7,0,0)
384:(7,6,1,0)
385:(7,6,0,0)
386:(7,5,1,0)
387:(7,5,0,0)
388:(7,4,1,0)
389:(7,4,0,0)
390:(7,3,1,0)
391:(7,3,0,0)
392:(7,2,1,0)
393:(6,2,0,0)
394:(6,8,1,0)
395:(6,8,0,6)
396:(6,8,1,6)
397:(6,8,0,0)
398:(6,7,1,0)
399:(6,7,0,6)
400:(6,7,1,6)
401:(6,7,0,0)
402:(6,6,1,0)
403:(6,6,0,6)
404:(6,6,1,1)
405:(8,6,0,1)
406:(8,6,1,6)
407:(8,6,0,6)
408:(8,6,1,1)
409:(7,6,0,1)
410:(7,6,1,6)
411:(7,6,0,6)
412:(7,6,1,1)
413:(6,6,0,1)
414:(6,6,1,6)
415:(6,6,0,0)
416:(6,5,1,0)
417:(6,5,0,6)
418:(6,5,1,6)
419:(6,5,0,0)
420:(6,4,1,0)
421:(6,4,0,6)
422:(6,4,1,6)
423:(6,4,0,0)
424:(6,3,1,0)
425:(6,3,0,6)
426:(6,3,1,6)
427:(6,3,0,0)
428:(6,2,1,0)
429:(6,2,0,6)
430:(6,2,1,6)
431:(8,2,0,6)
432:(8,8,1,6)
433:(8,8,0,6)
434:(8,7,1,6)
435:(8,7,0,6)
436:(8,5,1,6)
437:(8,5,0,6)
438:(8,4,1,6)
439:(8,4,0,6)
440:(8,3,1,6)
441:(8,3,0,6)
442:(8,2,1,6)
443:(7,2,0,6)
444:(7,8,1,6)
445:(7,8,0,6)
446:(7,7,1,6)
447:(7,7,0,6)
448:(7,5,1,6)
449:(7,5,0,6)
450:(7,4,1,6)
451:(7,4,0,6)
452:(7,3,1,6)
453:(7,3,0,6)
454:(7,2,1,6)
455:(5,2,0,6)
456:(5,8,1,6)
457:(5,8,0,6)
458:(5,7,1,6)
459:(5,7,0,6)
460:(5,6,1,6)
461:(5,6,0,6)
462:(5,6,1,1)
463:(5,6,0,1)
464:(5,8,1,1)
465:(6,8,0,1)
466:(6,8,1,8)
467:(6,8,0,8)
468:(6,8,1,1)
469:(5,8,0,1)
470:(5,8,1,8)
471:(5,8,0,8)
472:(5,7,1,8)
473:(7,7,0,8)
474:(7,7,1,8)
475:(6,7,0,8)
476:(6,7,1,8)
477:(5,7,0,8)
478:(5,6,1,8)
479:(7,6,0,8)
480:(7,6,1,8)
481:(6,6,0,8)
482:(6,6,1,8)
483:(5,6,0,8)
484:(5,5,1,8)
485:(7,5,0,8)
486:(7,5,1,8)
487:(6,5,0,8)
488:(6,5,1,8)
489:(5,5,0,8)
490:(5,4,1,8)
491:(7,4,0,8)
492:(7,4,1,8)
493:(6,4,0,8)
494:(6,4,1,8)
495:(5,4,0,8)
496:(5,3,1,8)
497:(7,3,0,8)
498:(7,3,1,8)
499:(6,3,0,8)
500:(6,3,1,8)
501:(5,3,0,8)
502:(5,2,1,8)
503:(6,2,0,8)
504:(6,2,1,8)
505:(5,2,0,8)
506:(4,2,0,8)
507:(4,8,1,8)
508:(4,8,0,8)
509:(4,8,1,1)
510:(4,8,0,1)
511:(4,7,1,1)
512:(6,7,0,1)
513:(6,7,1,7)
514:(6,7,0,7)
515:(6,7,1,1)
516:(5,7,0,1)
517:(5,7,1,7)
518:(5,7,0,7)
519:(5,7,1,1)
520:(4,7,0,1)
521:(4,7,1,7)
522:(4,7,0,7)
523:(4,8,1,7)
524:(8,8,0,7)
525:(8,8,1,7)
526:(6,8,0,7)
527:(6,8,1,7)
528:(5,8,0,7)
529:(5,8,1,7)
530:(4,8,0,7)
531:(4,6,1,7)
532:(8,6,0,7)
533:(8,6,1,7)
534:(6,6,0,7)
535:(6,6,1,7)
536:(5,6,0,7)
537:(5,6,1,7)
538:(4,6,0,7)
539:(4,5,1,7)
540:(8,5,0,7)
541:(8,5,1,7)
542:(6,5,0,7)
543:(6,5,1,7)
544:(5,5,0,7)
545:(5,5,1,7)
546:(4,5,0,7)
547:(4,4,1,7)
548:(8,4,0,7)
549:(8,4,1,7)
550:(6,4,0,7)
551:(6,4,1,7)
552:(5,4,0,7)
553:(5,4,1,7)
554:(4,4,0,7)
555:(4,3,1,7)
556:(8,3,0,7)
557:(8,3,1,7)
558:(6,3,0,7)
559:(6,3,1,7)
560:(5,3,0,7)
561:(5,3,1,7)
562:(4,3,0,7)
563:(4,2,1,7)
564:(8,2,0,7)
565:(8,2,1,7)
566:(6,2,0,7)
567:(6,2,1,7)
568:(5,2,0,7)
569:(5,2,1,7)
570:(4,2,0,7)
571:(3,2,0,7)
572:(3,8,1,7)
573:(3,8,0,7)
574:(3,7,1,7)
575:(3,7,0,7)
576:(3,7,1,1)
577:(3,7,0,1)
578:(3,8,1,1)
579:(3,8,0,1)
580:(3,8,1,8)
581:(3,8,0,8)
582:(3,7,1,8)
583:(4,7,0,8)
584:(4,7,1,8)
585:(3,7,0,8)
586:(3,6,1,8)
587:(4,6,0,8)
588:(4,6,1,8)
589:(3,6,0,8)
590:(3,5,1,8)
591:(4,5,0,8)
592:(4,5,1,8)
593:(3,5,0,8)
594:(3,4,1,8)
595:(4,4,0,8)
596:(4,4,1,8)
597:(3,4,0,8)
598:(3,3,1,8)
599:(4,3,0,8)
600:(4,3,1,8)
601:(3,3,0,8)
602:(3,2,1,8)
603:(3,2,0,8)
604:(2,2,0,8)
605:(2,8,1,8)
606:(2,8,0,8)
607:(2,8,1,1)
608:(2,8,0,1)
609:(2,7,1,1)
610:(2,7,0,1)
611:(2,7,1,7)
612:(2,7,0,7)
613:(2,8,1,7)
614:(2,8,0,7)
615:(2,6,1,7)
616:(3,6,0,7)
617:(3,6,1,7)
618:(2,6,0,7)
619:(2,5,1,7)
620:(3,5,0,7)
621:(3,5,1,7)
622:(2,5,0,7)
623:(2,4,1,7)
624:(3,4,0,7)
625:(3,4,1,7)
626:(2,4,0,7)
627:(2,3,1,7)
628:(3,3,0,7)
629:(3,3,1,7)
630:(2,3,0,7)
631:(2,2,1,7)
632:(2,2,0,7)
633:(3,2,1,7)
634:(2,6,1,1)
635:(4,6,0,1)
636:(4,6,1,6)
637:(4,6,0,6)
638:(4,6,1,1)
639:(3,6,0,1)
640:(3,6,1,6)
641:(3,6,0,6)
642:(3,6,1,1)
643:(2,6,0,1)
644:(2,6,1,6)
645:(2,6,0,6)
646:(2,8,1,6)
647:(4,8,0,6)
648:(4,8,1,6)
649:(3,8,0,6)
650:(3,8,1,6)
651:(2,8,0,6)
652:(2,7,1,6)
653:(4,7,0,6)
654:(4,7,1,6)
655:(3,7,0,6)
656:(3,7,1,6)
657:(2,7,0,6)
658:(2,5,1,6)
659:(5,5,0,6)
660:(5,5,1,6)
661:(4,5,0,6)
662:(4,5,1,6)
663:(3,5,0,6)
664:(3,5,1,6)
665:(2,5,0,6)
666:(2,4,1,6)
667:(5,4,0,6)
668:(5,4,1,6)
669:(4,4,0,6)
670:(4,4,1,6)
671:(3,4,0,6)
672:(3,4,1,6)
673:(2,4,0,6)
674:(2,3,1,6)
675:(5,3,0,6)
676:(5,3,1,6)
677:(4,3,0,6)
678:(4,3,1,6)
679:(3,3,0,6)
680:(3,3,1,6)
681:(2,3,0,6)
682:(2,2,1,6)
683:(4,2,0,6)
684:(4,2,1,6)
685:(3,2,0,6)
686:(3,2,1,6)
687:(2,2,0,6)
688:(5,2,1,6)
689:(2,5,1,1)
690:(8,5,0,1)
691:(8,5,1,5)
692:(8,5,0,5)
693:(8,5,1,1)
694:(7,5,0,1)
695:(7,5,1,5)
696:(7,5,0,5)
697:(7,5,1,1)
698:(6,5,0,1)
699:(6,5,1,5)
700:(6,5,0,5)
701:(6,5,1,1)
702:(5,5,0,1)
703:(5,5,1,5)
704:(5,5,0,5)
705:(5,5,1,1)
706:(4,5,0,1)
707:(4,5,1,5)
708:(4,5,0,5)
709:(4,5,1,1)
710:(3,5,0,1)
711:(3,5,1,5)
712:(3,5,0,5)
713:(3,5,1,1)
714:(2,5,0,1)
715:(2,5,1,5)
716:(2,5,0,5)
717:(2,8,1,5)
718:(8,8,0,5)
719:(8,8,1,5)
720:(7,8,0,5)
721:(7,8,1,5)
722:(6,8,0,5)
723:(6,8,1,5)
724:(5,8,0,5)
725:(5,8,1,5)
726:(5,8,0,0)
727:(5,8,1,0)
728:(4,8,0,0)
729:(4,8,1,0)
730:(4,8,0,4)
731:(4,8,1,4)
732:(8,8,0,4)
733:(8,8,1,4)
734:(7,8,0,4)
735:(7,8,1,4)
736:(6,8,0,4)
737:(6,8,1,4)
738:(5,8,0,4)
739:(5,8,1,4)
740:(3,8,0,4)
741:(3,8,1,4)
742:(2,8,0,4)
743:(2,8,1,4)
744:(2,7,1,4)
745:(8,7,0,4)
746:(8,7,1,4)
747:(7,7,0,4)
748:(7,7,1,4)
749:(6,7,0,4)
750:(6,7,1,4)
751:(5,7,0,4)
752:(5,7,1,4)
753:(4,7,0,4)
754:(4,7,1,4)
755:(4,7,0,0)
756:(4,7,1,0)
757:(5,7,0,0)
758:(5,7,1,0)
759:(5,7,0,5)
760:(5,7,1,5)
761:(8,7,0,5)
762:(8,7,1,5)
763:(7,7,0,5)
764:(7,7,1,5)
765:(6,7,0,5)
766:(6,7,1,5)
767:(4,7,0,5)
768:(4,8,1,5)
769:(4,8,0,5)
770:(4,7,1,5)
771:(3,7,0,5)
772:(3,8,1,5)
773:(3,8,0,5)
774:(3,7,1,5)
775:(2,7,0,5)
776:(2,7,1,5)
777:(2,6,1,5)
778:(8,6,0,5)
779:(8,6,1,5)
780:(7,6,0,5)
781:(7,6,1,5)
782:(6,6,0,5)
783:(6,6,1,5)
784:(5,6,0,5)
785:(5,6,1,5)
786:(5,6,0,0)
787:(5,6,1,0)
788:(4,6,0,0)
789:(4,6,1,0)
790:(4,6,0,4)
791:(4,6,1,4)
792:(8,6,0,4)
793:(8,6,1,4)
794:(7,6,0,4)
795:(7,6,1,4)
796:(6,6,0,4)
797:(6,6,1,4)
798:(5,6,0,4)
799:(5,6,1,4)
800:(3,6,0,4)
801:(3,7,1,4)
802:(3,7,0,4)
803:(3,6,1,4)
804:(2,6,0,4)
805:(2,6,1,4)
806:(2,5,1,4)
807:(8,5,0,4)
808:(8,5,1,4)
809:(7,5,0,4)
810:(7,5,1,4)
811:(6,5,0,4)
812:(6,5,1,4)
813:(5,5,0,4)
814:(5,5,1,4)
815:(4,5,0,4)
816:(4,5,1,4)
817:(4,5,0,0)
818:(4,5,1,0)
819:(5,5,0,0)
820:(5,5,1,0)
821:(3,5,0,0)
822:(3,8,1,0)
823:(3,8,0,3)
824:(3,8,1,3)
825:(3,8,0,0)
826:(3,7,1,0)
827:(3,7,0,3)
828:(3,7,1,3)
829:(3,7,0,0)
830:(3,6,1,0)
831:(3,6,0,3)
832:(3,6,1,3)
833:(3,6,0,0)
834:(3,5,1,0)
835:(3,5,0,3)
836:(3,5,1,3)
837:(8,5,0,3)
838:(8,8,1,3)
839:(8,8,0,3)
840:(8,7,1,3)
841:(8,7,0,3)
842:(8,6,1,3)
843:(8,6,0,3)
844:(8,5,1,3)
845:(7,5,0,3)
846:(7,8,1,3)
847:(7,8,0,3)
848:(7,7,1,3)
849:(7,7,0,3)
850:(7,6,1,3)
851:(7,6,0,3)
852:(7,5,1,3)
853:(6,5,0,3)
854:(6,8,1,3)
855:(6,8,0,3)
856:(6,7,1,3)
857:(6,7,0,3)
858:(6,6,1,3)
859:(6,6,0,3)
860:(6,5,1,3)
861:(5,5,0,3)
862:(5,8,1,3)
863:(5,8,0,3)
864:(5,7,1,3)
865:(5,7,0,3)
866:(5,6,1,3)
867:(5,6,0,3)
868:(5,5,1,3)
869:(4,5,0,3)
870:(4,8,1,3)
871:(4,8,0,3)
872:(4,7,1,3)
873:(4,7,0,3)
874:(4,6,1,3)
875:(4,6,0,3)
876:(4,5,1,3)
877:(2,5,0,3)
878:(2,8,1,3)
879:(2,8,0,3)
880:(2,7,1,3)
881:(2,7,0,3)
882:(2,6,1,3)
883:(2,6,0,3)
884:(2,5,1,3)
885:(2,4,1,3)
886:(8,4,0,3)
887:(8,4,1,3)
888:(7,4,0,3)
889:(7,4,1,3)
890:(6,4,0,3)
891:(6,4,1,3)
892:(5,4,0,3)
893:(5,4,1,3)
894:(4,4,0,3)
895:(4,4,1,3)
896:(3,4,0,3)
897:(3,4,1,3)
898:(3,4,0,0)
899:(3,4,1,0)
900:(5,4,0,0)
901:(5,4,1,0)
902:(5,4,0,5)
903:(5,4,1,5)
904:(8,4,0,5)
905:(8,4,1,5)
906:(7,4,0,5)
907:(7,4,1,5)
908:(6,4,0,5)
909:(6,4,1,5)
910:(4,4,0,5)
911:(4,6,1,5)
912:(4,6,0,5)
913:(4,4,1,5)
914:(3,4,0,5)
915:(3,6,1,5)
916:(3,6,0,5)
917:(3,4,1,5)
918:(2,4,0,5)
919:(2,4,1,5)
920:(2,3,1,5)
921:(8,3,0,5)
922:(8,3,1,5)
923:(7,3,0,5)
924:(7,3,1,5)
925:(6,3,0,5)
926:(6,3,1,5)
927:(5,3,0,5)
928:(5,3,1,5)
929:(5,3,0,0)
930:(5,3,1,0)
931:(4,3,0,0)
932:(4,4,1,0)
933:(4,4,0,4)
934:(4,4,1,1)
935:(8,4,0,1)
936:(8,4,1,4)
937:(8,4,0,4)
938:(8,4,1,1)
939:(7,4,0,1)
940:(7,4,1,4)
941:(7,4,0,4)
942:(7,4,1,1)
943:(6,4,0,1)
944:(6,4,1,4)
945:(6,4,0,4)
946:(6,4,1,1)
947:(5,4,0,1)
948:(5,4,1,4)
949:(5,4,0,4)
950:(5,4,1,1)
951:(4,4,0,1)
952:(4,4,1,4)
953:(4,4,0,0)
954:(4,3,1,0)
955:(4,3,0,4)
956:(4,3,1,4)
957:(8,3,0,4)
958:(8,3,1,4)
959:(7,3,0,4)
960:(7,3,1,4)
961:(6,3,0,4)
962:(6,3,1,4)
963:(5,3,0,4)
964:(5,3,1,4)
965:(3,3,0,4)
966:(3,5,1,4)
967:(3,5,0,4)
968:(3,4,1,4)
969:(3,4,0,4)
970:(3,4,1,1)
971:(3,4,0,1)
972:(3,3,1,1)
973:(8,3,0,1)
974:(8,3,1,3)
975:(8,3,0,3)
976:(8,3,1,1)
977:(7,3,0,1)
978:(7,3,1,3)
979:(7,3,0,3)
980:(7,3,1,1)
981:(6,3,0,1)
982:(6,3,1,3)
983:(6,3,0,3)
984:(6,3,1,1)
985:(5,3,0,1)
986:(5,3,1,3)
987:(5,3,0,3)
988:(5,3,1,1)
989:(4,3,0,1)
990:(4,3,1,3)
991:(4,3,0,3)
992:(4,3,1,1)
993:(3,3,0,1)
994:(3,3,1,3)
995:(3,3,0,3)
996:(3,2,1,3)
997:(3,2,0,3)
998:(3,2,0,0)
999:(3,3,1,0)
1000:(3,3,0,0)
1001:(3,2,1,0)
1002:(5,2,0,0)
1003:(5,2,1,0)
1004:(5,2,0,5)
1005:(5,2,1,5)
1006:(8,2,0,5)
1007:(8,2,1,5)
1008:(7,2,0,5)
1009:(7,2,1,5)
1010:(6,2,0,5)
1011:(6,2,1,5)
1012:(4,2,0,5)
1013:(4,3,1,5)
1014:(4,3,0,5)
1015:(4,2,1,5)
1016:(3,2,0,5)
1017:(3,3,1,5)
1018:(3,3,0,5)
1019:(3,2,1,5)
1020:(2,2,0,5)
1021:(2,2,1,5)
1022:(2,3,0,5)
1023:(4,2,0,0)
1024:(4,2,1,0)
1025:(4,2,0,4)
1026:(4,2,1,4)
1027:(8,2,0,4)
1028:(8,2,1,4)
1029:(7,2,0,4)
1030:(7,2,1,4)
1031:(6,2,0,4)
1032:(6,2,1,4)
1033:(5,2,0,4)
1034:(5,2,1,4)
1035:(3,2,0,4)
1036:(3,3,1,4)
1037:(2,3,0,4)
1038:(2,4,1,4)
1039:(2,4,0,4)
1040:(2,4,1,1)
1041:(2,4,0,1)
1042:(2,3,1,1)
1043:(2,3,0,1)
1044:(2,3,1,3)
1045:(2,3,0,3)
1046:(2,2,1,3)
1047:(8,2,0,3)
1048:(8,2,1,3)
1049:(7,2,0,3)
1050:(7,2,1,3)
1051:(6,2,0,3)
1052:(6,2,1,3)
1053:(5,2,0,3)
1054:(5,2,1,3)
1055:(4,2,0,3)
1056:(4,2,1,3)
1057:(2,2,0,3)
1058:(2,3,1,4)
1059:(2,2,1,4)
1060:(2,2,0,4)
1061:(3,2,1,4)
1062:(2,5,0,4)
1063:(2,6,0,5)
1064:(2,4,0,3)
1065:(2,7,0,4)
1066:(2,8,0,5)
1067:(2,7,1,8)
1068:(2,7,0,8)
1069:(2,6,1,8)
1070:(2,6,0,8)
1071:(2,5,1,8)
1072:(2,5,0,8)
1073:(2,4,1,8)
1074:(2,4,0,8)
1075:(2,3,1,8)
1076:(2,3,0,8)
1077:(2,2,1,8)
1078:(4,2,1,8)
1079:(7,2,1,8)
1080:(8,3,0,2)
1081:(8,8,1,2)
1082:(8,8,0,2)
1083:(8,7,1,2)
1084:(8,7,0,2)
1085:(8,6,1,2)
1086:(8,6,0,2)
1087:(8,5,1,2)
1088:(8,5,0,2)
1089:(8,4,1,2)
1090:(8,4,0,2)
1091:(8,3,1,2)
1092:(7,3,0,2)
1093:(7,8,1,2)
1094:(7,8,0,2)
1095:(7,7,1,2)
1096:(7,7,0,2)
1097:(7,6,1,2)
1098:(7,6,0,2)
1099:(7,5,1,2)
1100:(7,5,0,2)
1101:(7,4,1,2)
1102:(7,4,0,2)
1103:(7,3,1,2)
1104:(6,3,0,2)
1105:(6,8,1,2)
1106:(6,8,0,2)
1107:(6,7,1,2)
1108:(6,7,0,2)
1109:(6,6,1,2)
1110:(6,6,0,2)
1111:(6,5,1,2)
1112:(6,5,0,2)
1113:(6,4,1,2)
1114:(6,4,0,2)
1115:(6,3,1,2)
1116:(5,3,0,2)
1117:(5,8,1,2)
1118:(5,8,0,2)
1119:(5,7,1,2)
1120:(5,7,0,2)
1121:(5,6,1,2)
1122:(5,6,0,2)
1123:(5,5,1,2)
1124:(5,5,0,2)
1125:(5,4,1,2)
1126:(5,4,0,2)
1127:(5,3,1,2)
1128:(4,3,0,2)
1129:(4,8,1,2)
1130:(4,8,0,2)
1131:(4,7,1,2)
1132:(4,7,0,2)
1133:(4,6,1,2)
1134:(4,6,0,2)
1135:(4,5,1,2)
1136:(4,5,0,2)
1137:(4,4,1,2)
1138:(4,4,0,2)
1139:(4,3,1,2)
1140:(3,3,0,2)
1141:(3,8,1,2)
1142:(3,8,0,2)
1143:(3,7,1,2)
1144:(3,7,0,2)
1145:(3,6,1,2)
1146:(3,6,0,2)
1147:(3,5,1,2)
1148:(3,5,0,2)
1149:(3,4,1,2)
1150:(3,4,0,2)
1151:(3,3,1,2)
